{"meta": {"format": 3, "version": "7.12.0", "timestamp": "2025-11-20T01:56:03.148727", "branch_coverage": false, "show_contexts": false}, "files": {"src/retrocast/adapters/aizynth_adapter.py": {"executed_lines": [1, 3, 4, 6, 8, 9, 10, 11, 12, 18, 19, 21, 22, 25, 26, 28, 29, 32, 33, 35, 36, 40, 43, 44, 46, 49, 50, 52, 56, 57, 58, 59, 60, 62, 63, 64, 65, 66, 67, 68, 70, 76, 78, 79, 83, 84, 86], "summary": {"covered_lines": 38, "num_statements": 38, "percent_covered": 100.0, "percent_covered_display": "100", "missing_lines": 0, "excluded_lines": 4, "percent_statements_covered": 100.0, "percent_statements_covered_display": "100"}, "missing_lines": [], "excluded_lines": [46, 59, 67, 83], "functions": {"AizynthAdapter.cast": {"executed_lines": [56, 57, 58, 59, 60, 62, 63, 64, 65, 66, 67, 68], "summary": {"covered_lines": 10, "num_statements": 10, "percent_covered": 100.0, "percent_covered_display": "100", "missing_lines": 0, "excluded_lines": 2, "percent_statements_covered": 100.0, "percent_statements_covered_display": "100"}, "missing_lines": [], "excluded_lines": [59, 67]}, "AizynthAdapter._transform": {"executed_lines": [76, 78, 79, 83, 84, 86], "summary": {"covered_lines": 5, "num_statements": 5, "percent_covered": 100.0, "percent_covered_display": "100", "missing_lines": 0, "excluded_lines": 1, "percent_statements_covered": 100.0, "percent_statements_covered_display": "100"}, "missing_lines": [], "excluded_lines": [83]}, "": {"executed_lines": [1, 3, 4, 6, 8, 9, 10, 11, 12, 18, 19, 21, 22, 25, 26, 28, 29, 32, 33, 35, 36, 40, 43, 44, 46, 49, 50, 52, 70], "summary": {"covered_lines": 23, "num_statements": 23, "percent_covered": 100.0, "percent_covered_display": "100", "missing_lines": 0, "excluded_lines": 1, "percent_statements_covered": 100.0, "percent_statements_covered_display": "100"}, "missing_lines": [], "excluded_lines": [46]}}, "classes": {"AizynthBaseNode": {"executed_lines": [], "summary": {"covered_lines": 0, "num_statements": 0, "percent_covered": 100.0, "percent_covered_display": "100", "missing_lines": 0, "excluded_lines": 0, "percent_statements_covered": 100.0, "percent_statements_covered_display": "100"}, "missing_lines": [], "excluded_lines": []}, "AizynthMoleculeInput": {"executed_lines": [], "summary": {"covered_lines": 0, "num_statements": 0, "percent_covered": 100.0, "percent_covered_display": "100", "missing_lines": 0, "excluded_lines": 0, "percent_statements_covered": 100.0, "percent_statements_covered_display": "100"}, "missing_lines": [], "excluded_lines": []}, "AizynthReactionInput": {"executed_lines": [], "summary": {"covered_lines": 0, "num_statements": 0, "percent_covered": 100.0, "percent_covered_display": "100", "missing_lines": 0, "excluded_lines": 0, "percent_statements_covered": 100.0, "percent_statements_covered_display": "100"}, "missing_lines": [], "excluded_lines": []}, "AizynthRouteList": {"executed_lines": [], "summary": {"covered_lines": 0, "num_statements": 0, "percent_covered": 100.0, "percent_covered_display": "100", "missing_lines": 0, "excluded_lines": 0, "percent_statements_covered": 100.0, "percent_statements_covered_display": "100"}, "missing_lines": [], "excluded_lines": []}, "AizynthAdapter": {"executed_lines": [56, 57, 58, 59, 60, 62, 63, 64, 65, 66, 67, 68, 76, 78, 79, 83, 84, 86], "summary": {"covered_lines": 15, "num_statements": 15, "percent_covered": 100.0, "percent_covered_display": "100", "missing_lines": 0, "excluded_lines": 3, "percent_statements_covered": 100.0, "percent_statements_covered_display": "100"}, "missing_lines": [], "excluded_lines": [59, 67, 83]}, "": {"executed_lines": [1, 3, 4, 6, 8, 9, 10, 11, 12, 18, 19, 21, 22, 25, 26, 28, 29, 32, 33, 35, 36, 40, 43, 44, 46, 49, 50, 52, 70], "summary": {"covered_lines": 23, "num_statements": 23, "percent_covered": 100.0, "percent_covered_display": "100", "missing_lines": 0, "excluded_lines": 1, "percent_statements_covered": 100.0, "percent_statements_covered_display": "100"}, "missing_lines": [], "excluded_lines": [46]}}}, "src/retrocast/adapters/askcos_adapter.py": {"executed_lines": [1, 3, 4, 5, 7, 9, 10, 11, 12, 13, 14, 19, 20, 21, 24, 25, 26, 29, 30, 32, 35, 36, 38, 40, 42, 43, 46, 47, 50, 51, 52, 53, 56, 59, 60, 61, 64, 65, 66, 67, 70, 71, 74, 75, 78, 79, 81, 90, 92, 94, 97, 98, 99, 100, 101, 103, 106, 107, 115, 116, 117, 125, 126, 127, 128, 130, 140, 141, 142, 144, 145, 148, 156, 157, 161, 163, 165, 174, 175, 178, 179, 180, 182, 183, 184, 186, 187, 188, 191, 192, 201, 207, 217, 218, 221, 222, 223, 225, 226, 228, 229, 230, 237, 238, 241, 242, 243, 246, 247, 248, 250], "summary": {"covered_lines": 106, "num_statements": 109, "percent_covered": 97.24770642201835, "percent_covered_display": "97", "missing_lines": 3, "excluded_lines": 4, "percent_statements_covered": 97.24770642201835, "percent_statements_covered_display": "97"}, "missing_lines": [146, 176, 219], "excluded_lines": [95, 100, 127, 189], "functions": {"AskcosModelMetadata.get_template": {"executed_lines": [42, 43], "summary": {"covered_lines": 2, "num_statements": 2, "percent_covered": 100.0, "percent_covered_display": "100", "missing_lines": 0, "excluded_lines": 0, "percent_statements_covered": 100.0, "percent_statements_covered_display": "100"}, "missing_lines": [], "excluded_lines": []}, "AskcosAdapter.__init__": {"executed_lines": [90], "summary": {"covered_lines": 1, "num_statements": 1, "percent_covered": 100.0, "percent_covered_display": "100", "missing_lines": 0, "excluded_lines": 0, "percent_statements_covered": 100.0, "percent_statements_covered_display": "100"}, "missing_lines": [], "excluded_lines": []}, "AskcosAdapter.cast": {"executed_lines": [94, 97, 98, 99, 100, 101, 103, 106, 107, 115, 116, 117, 125, 126, 127, 128], "summary": {"covered_lines": 14, "num_statements": 14, "percent_covered": 100.0, "percent_covered_display": "100", "missing_lines": 0, "excluded_lines": 3, "percent_statements_covered": 100.0, "percent_statements_covered_display": "100"}, "missing_lines": [], "excluded_lines": [95, 100, 127]}, "AskcosAdapter._transform_pathway": {"executed_lines": [140, 141, 142, 144, 145, 148, 156, 157, 161, 163], "summary": {"covered_lines": 10, "num_statements": 11, "percent_covered": 90.9090909090909, "percent_covered_display": "91", "missing_lines": 1, "excluded_lines": 0, "percent_statements_covered": 90.9090909090909, "percent_statements_covered_display": "91"}, "missing_lines": [146], "excluded_lines": []}, "AskcosAdapter._build_molecule": {"executed_lines": [174, 175, 178, 179, 180, 182, 183, 184, 186, 187, 188, 191, 192, 201], "summary": {"covered_lines": 14, "num_statements": 15, "percent_covered": 93.33333333333333, "percent_covered_display": "93", "missing_lines": 1, "excluded_lines": 1, "percent_statements_covered": 93.33333333333333, "percent_statements_covered_display": "93"}, "missing_lines": [176], "excluded_lines": [189]}, "AskcosAdapter._build_reaction_step": {"executed_lines": [217, 218, 221, 222, 223, 225, 226, 228, 229, 230, 237, 238, 241, 242, 243, 246, 247, 248, 250], "summary": {"covered_lines": 19, "num_statements": 20, "percent_covered": 95.0, "percent_covered_display": "95", "missing_lines": 1, "excluded_lines": 0, "percent_statements_covered": 95.0, "percent_statements_covered_display": "95"}, "missing_lines": [219], "excluded_lines": []}, "": {"executed_lines": [1, 3, 4, 5, 7, 9, 10, 11, 12, 13, 14, 19, 20, 21, 24, 25, 26, 29, 30, 32, 35, 36, 38, 40, 46, 47, 50, 51, 52, 53, 56, 59, 60, 61, 64, 65, 66, 67, 70, 71, 74, 75, 78, 79, 81, 92, 130, 165, 207], "summary": {"covered_lines": 46, "num_statements": 46, "percent_covered": 100.0, "percent_covered_display": "100", "missing_lines": 0, "excluded_lines": 0, "percent_statements_covered": 100.0, "percent_statements_covered_display": "100"}, "missing_lines": [], "excluded_lines": []}}, "classes": {"AskcosBaseNode": {"executed_lines": [], "summary": {"covered_lines": 0, "num_statements": 0, "percent_covered": 100.0, "percent_covered_display": "100", "missing_lines": 0, "excluded_lines": 0, "percent_statements_covered": 100.0, "percent_statements_covered_display": "100"}, "missing_lines": [], "excluded_lines": []}, "AskcosChemicalNode": {"executed_lines": [], "summary": {"covered_lines": 0, "num_statements": 0, "percent_covered": 100.0, "percent_covered_display": "100", "missing_lines": 0, "excluded_lines": 0, "percent_statements_covered": 100.0, "percent_statements_covered_display": "100"}, "missing_lines": [], "excluded_lines": []}, "AskcosTemplateSource": {"executed_lines": [], "summary": {"covered_lines": 0, "num_statements": 0, "percent_covered": 100.0, "percent_covered_display": "100", "missing_lines": 0, "excluded_lines": 0, "percent_statements_covered": 100.0, "percent_statements_covered_display": "100"}, "missing_lines": [], "excluded_lines": []}, "AskcosModelMetadata": {"executed_lines": [42, 43], "summary": {"covered_lines": 2, "num_statements": 2, "percent_covered": 100.0, "percent_covered_display": "100", "missing_lines": 0, "excluded_lines": 0, "percent_statements_covered": 100.0, "percent_statements_covered_display": "100"}, "missing_lines": [], "excluded_lines": []}, "AskcosReactionProperties": {"executed_lines": [], "summary": {"covered_lines": 0, "num_statements": 0, "percent_covered": 100.0, "percent_covered_display": "100", "missing_lines": 0, "excluded_lines": 0, "percent_statements_covered": 100.0, "percent_statements_covered_display": "100"}, "missing_lines": [], "excluded_lines": []}, "AskcosReactionNode": {"executed_lines": [], "summary": {"covered_lines": 0, "num_statements": 0, "percent_covered": 100.0, "percent_covered_display": "100", "missing_lines": 0, "excluded_lines": 0, "percent_statements_covered": 100.0, "percent_statements_covered_display": "100"}, "missing_lines": [], "excluded_lines": []}, "AskcosPathwayEdge": {"executed_lines": [], "summary": {"covered_lines": 0, "num_statements": 0, "percent_covered": 100.0, "percent_covered_display": "100", "missing_lines": 0, "excluded_lines": 0, "percent_statements_covered": 100.0, "percent_statements_covered_display": "100"}, "missing_lines": [], "excluded_lines": []}, "AskcosUDS": {"executed_lines": [], "summary": {"covered_lines": 0, "num_statements": 0, "percent_covered": 100.0, "percent_covered_display": "100", "missing_lines": 0, "excluded_lines": 0, "percent_statements_covered": 100.0, "percent_statements_covered_display": "100"}, "missing_lines": [], "excluded_lines": []}, "AskcosResults": {"executed_lines": [], "summary": {"covered_lines": 0, "num_statements": 0, "percent_covered": 100.0, "percent_covered_display": "100", "missing_lines": 0, "excluded_lines": 0, "percent_statements_covered": 100.0, "percent_statements_covered_display": "100"}, "missing_lines": [], "excluded_lines": []}, "AskcosOutput": {"executed_lines": [], "summary": {"covered_lines": 0, "num_statements": 0, "percent_covered": 100.0, "percent_covered_display": "100", "missing_lines": 0, "excluded_lines": 0, "percent_statements_covered": 100.0, "percent_statements_covered_display": "100"}, "missing_lines": [], "excluded_lines": []}, "AskcosAdapter": {"executed_lines": [90, 94, 97, 98, 99, 100, 101, 103, 106, 107, 115, 116, 117, 125, 126, 127, 128, 140, 141, 142, 144, 145, 148, 156, 157, 161, 163, 174, 175, 178, 179, 180, 182, 183, 184, 186, 187, 188, 191, 192, 201, 217, 218, 221, 222, 223, 225, 226, 228, 229, 230, 237, 238, 241, 242, 243, 246, 247, 248, 250], "summary": {"covered_lines": 58, "num_statements": 61, "percent_covered": 95.08196721311475, "percent_covered_display": "95", "missing_lines": 3, "excluded_lines": 4, "percent_statements_covered": 95.08196721311475, "percent_statements_covered_display": "95"}, "missing_lines": [146, 176, 219], "excluded_lines": [95, 100, 127, 189]}, "": {"executed_lines": [1, 3, 4, 5, 7, 9, 10, 11, 12, 13, 14, 19, 20, 21, 24, 25, 26, 29, 30, 32, 35, 36, 38, 40, 46, 47, 50, 51, 52, 53, 56, 59, 60, 61, 64, 65, 66, 67, 70, 71, 74, 75, 78, 79, 81, 92, 130, 165, 207], "summary": {"covered_lines": 46, "num_statements": 46, "percent_covered": 100.0, "percent_covered_display": "100", "missing_lines": 0, "excluded_lines": 0, "percent_statements_covered": 100.0, "percent_statements_covered_display": "100"}, "missing_lines": [], "excluded_lines": []}}}, "src/retrocast/adapters/base_adapter.py": {"executed_lines": [1, 2, 3, 5, 8, 9, 16, 17], "summary": {"covered_lines": 7, "num_statements": 7, "percent_covered": 100.0, "percent_covered_display": "100", "missing_lines": 0, "excluded_lines": 1, "percent_statements_covered": 100.0, "percent_statements_covered_display": "100"}, "missing_lines": [], "excluded_lines": [43], "functions": {"BaseAdapter.cast": {"executed_lines": [], "summary": {"covered_lines": 0, "num_statements": 0, "percent_covered": 100.0, "percent_covered_display": "100", "missing_lines": 0, "excluded_lines": 1, "percent_statements_covered": 100.0, "percent_statements_covered_display": "100"}, "missing_lines": [], "excluded_lines": [43]}, "": {"executed_lines": [1, 2, 3, 5, 8, 9, 16, 17], "summary": {"covered_lines": 7, "num_statements": 7, "percent_covered": 100.0, "percent_covered_display": "100", "missing_lines": 0, "excluded_lines": 0, "percent_statements_covered": 100.0, "percent_statements_covered_display": "100"}, "missing_lines": [], "excluded_lines": []}}, "classes": {"BaseAdapter": {"executed_lines": [], "summary": {"covered_lines": 0, "num_statements": 0, "percent_covered": 100.0, "percent_covered_display": "100", "missing_lines": 0, "excluded_lines": 1, "percent_statements_covered": 100.0, "percent_statements_covered_display": "100"}, "missing_lines": [], "excluded_lines": [43]}, "": {"executed_lines": [1, 2, 3, 5, 8, 9, 16, 17], "summary": {"covered_lines": 7, "num_statements": 7, "percent_covered": 100.0, "percent_covered_display": "100", "missing_lines": 0, "excluded_lines": 0, "percent_statements_covered": 100.0, "percent_statements_covered_display": "100"}, "missing_lines": [], "excluded_lines": []}}}, "src/retrocast/adapters/common.py": {"executed_lines": [1, 3, 4, 5, 6, 7, 9, 15, 16, 24, 25, 27, 28, 30, 31, 33, 34, 37, 38, 43, 44, 46, 47, 49, 50, 58, 75, 76, 79, 80, 81, 88, 89, 91, 93, 101, 102, 104, 105, 110, 113, 122, 130, 141, 144, 145, 147, 148, 156, 161, 162, 163, 166, 167, 168, 169, 172, 173, 174, 177, 186], "summary": {"covered_lines": 58, "num_statements": 59, "percent_covered": 98.30508474576271, "percent_covered_display": "98", "missing_lines": 1, "excluded_lines": 2, "percent_statements_covered": 98.30508474576271, "percent_statements_covered_display": "98"}, "missing_lines": [142], "excluded_lines": [80, 157], "functions": {"BipartiteMolNode.type": {"executed_lines": [25], "summary": {"covered_lines": 1, "num_statements": 1, "percent_covered": 100.0, "percent_covered_display": "100", "missing_lines": 0, "excluded_lines": 0, "percent_statements_covered": 100.0, "percent_statements_covered_display": "100"}, "missing_lines": [], "excluded_lines": []}, "BipartiteMolNode.smiles": {"executed_lines": [28], "summary": {"covered_lines": 1, "num_statements": 1, "percent_covered": 100.0, "percent_covered_display": "100", "missing_lines": 0, "excluded_lines": 0, "percent_statements_covered": 100.0, "percent_statements_covered_display": "100"}, "missing_lines": [], "excluded_lines": []}, "BipartiteMolNode.children": {"executed_lines": [31], "summary": {"covered_lines": 1, "num_statements": 1, "percent_covered": 100.0, "percent_covered_display": "100", "missing_lines": 0, "excluded_lines": 0, "percent_statements_covered": 100.0, "percent_statements_covered_display": "100"}, "missing_lines": [], "excluded_lines": []}, "BipartiteMolNode.in_stock": {"executed_lines": [34], "summary": {"covered_lines": 1, "num_statements": 1, "percent_covered": 100.0, "percent_covered_display": "100", "missing_lines": 0, "excluded_lines": 0, "percent_statements_covered": 100.0, "percent_statements_covered_display": "100"}, "missing_lines": [], "excluded_lines": []}, "BipartiteRxnNode.type": {"executed_lines": [44], "summary": {"covered_lines": 1, "num_statements": 1, "percent_covered": 100.0, "percent_covered_display": "100", "missing_lines": 0, "excluded_lines": 0, "percent_statements_covered": 100.0, "percent_statements_covered_display": "100"}, "missing_lines": [], "excluded_lines": []}, "BipartiteRxnNode.children": {"executed_lines": [47], "summary": {"covered_lines": 1, "num_statements": 1, "percent_covered": 100.0, "percent_covered_display": "100", "missing_lines": 0, "excluded_lines": 0, "percent_statements_covered": 100.0, "percent_statements_covered_display": "100"}, "missing_lines": [], "excluded_lines": []}, "BipartiteRxnNode.metadata": {"executed_lines": [50], "summary": {"covered_lines": 1, "num_statements": 1, "percent_covered": 100.0, "percent_covered_display": "100", "missing_lines": 0, "excluded_lines": 0, "percent_statements_covered": 100.0, "percent_statements_covered_display": "100"}, "missing_lines": [], "excluded_lines": []}, "build_molecule_from_precursor_map": {"executed_lines": [75, 76, 79, 80, 81, 88, 89, 91, 93, 101, 102, 104, 105, 110, 113, 122], "summary": {"covered_lines": 15, "num_statements": 15, "percent_covered": 100.0, "percent_covered_display": "100", "missing_lines": 0, "excluded_lines": 1, "percent_statements_covered": 100.0, "percent_statements_covered_display": "100"}, "missing_lines": [], "excluded_lines": [80]}, "build_molecule_from_bipartite_node": {"executed_lines": [141, 144, 145, 147, 148, 156, 161, 162, 163, 166, 167, 168, 169, 172, 173, 174, 177, 186], "summary": {"covered_lines": 18, "num_statements": 19, "percent_covered": 94.73684210526316, "percent_covered_display": "95", "missing_lines": 1, "excluded_lines": 1, "percent_statements_covered": 94.73684210526316, "percent_statements_covered_display": "95"}, "missing_lines": [142], "excluded_lines": [157]}, "": {"executed_lines": [1, 3, 4, 5, 6, 7, 9, 15, 16, 24, 27, 30, 33, 37, 38, 43, 46, 49, 58, 130], "summary": {"covered_lines": 18, "num_statements": 18, "percent_covered": 100.0, "percent_covered_display": "100", "missing_lines": 0, "excluded_lines": 0, "percent_statements_covered": 100.0, "percent_statements_covered_display": "100"}, "missing_lines": [], "excluded_lines": []}}, "classes": {"BipartiteMolNode": {"executed_lines": [25, 28, 31, 34], "summary": {"covered_lines": 4, "num_statements": 4, "percent_covered": 100.0, "percent_covered_display": "100", "missing_lines": 0, "excluded_lines": 0, "percent_statements_covered": 100.0, "percent_statements_covered_display": "100"}, "missing_lines": [], "excluded_lines": []}, "BipartiteRxnNode": {"executed_lines": [44, 47, 50], "summary": {"covered_lines": 3, "num_statements": 3, "percent_covered": 100.0, "percent_covered_display": "100", "missing_lines": 0, "excluded_lines": 0, "percent_statements_covered": 100.0, "percent_statements_covered_display": "100"}, "missing_lines": [], "excluded_lines": []}, "": {"executed_lines": [1, 3, 4, 5, 6, 7, 9, 15, 16, 24, 27, 30, 33, 37, 38, 43, 46, 49, 58, 75, 76, 79, 80, 81, 88, 89, 91, 93, 101, 102, 104, 105, 110, 113, 122, 130, 141, 144, 145, 147, 148, 156, 161, 162, 163, 166, 167, 168, 169, 172, 173, 174, 177, 186], "summary": {"covered_lines": 51, "num_statements": 52, "percent_covered": 98.07692307692308, "percent_covered_display": "98", "missing_lines": 1, "excluded_lines": 2, "percent_statements_covered": 98.07692307692308, "percent_statements_covered_display": "98"}, "missing_lines": [142], "excluded_lines": [80, 157]}}}, "src/retrocast/adapters/dms_adapter.py": {"executed_lines": [1, 2, 4, 6, 7, 8, 9, 10, 11, 14, 15, 22, 23, 26, 27, 31, 34, 35, 37, 41, 43, 44, 45, 46, 49, 50, 52, 53, 54, 56, 57, 59, 65, 68, 70, 74, 75, 77, 79, 84, 85, 87, 89, 90, 92, 93, 95, 97, 105, 106, 107, 108, 111, 119, 126, 127, 134, 135, 137, 138, 139, 140, 142], "summary": {"covered_lines": 56, "num_statements": 56, "percent_covered": 100.0, "percent_covered_display": "100", "missing_lines": 0, "excluded_lines": 4, "percent_statements_covered": 100.0, "percent_statements_covered_display": "100"}, "missing_lines": [], "excluded_lines": [31, 45, 56, 74], "functions": {"DMSAdapter.cast": {"executed_lines": [41, 43, 44, 45, 46, 49, 50, 52, 53, 54, 56, 57], "summary": {"covered_lines": 10, "num_statements": 10, "percent_covered": 100.0, "percent_covered_display": "100", "missing_lines": 0, "excluded_lines": 2, "percent_statements_covered": 100.0, "percent_statements_covered_display": "100"}, "missing_lines": [], "excluded_lines": [45, 56]}, "DMSAdapter._transform": {"executed_lines": [65, 68, 70, 74, 75, 77], "summary": {"covered_lines": 5, "num_statements": 5, "percent_covered": 100.0, "percent_covered_display": "100", "missing_lines": 0, "excluded_lines": 1, "percent_statements_covered": 100.0, "percent_statements_covered_display": "100"}, "missing_lines": [], "excluded_lines": [74]}, "DMSAdapter._build_molecule": {"executed_lines": [84, 85, 87, 89, 90, 92, 93, 95, 97, 105, 106, 107, 108, 111, 119], "summary": {"covered_lines": 15, "num_statements": 15, "percent_covered": 100.0, "percent_covered_display": "100", "missing_lines": 0, "excluded_lines": 0, "percent_statements_covered": 100.0, "percent_statements_covered_display": "100"}, "missing_lines": [], "excluded_lines": []}, "DMSAdapter.calculate_route_length": {"executed_lines": [134, 135, 137, 138, 139, 140, 142], "summary": {"covered_lines": 7, "num_statements": 7, "percent_covered": 100.0, "percent_covered_display": "100", "missing_lines": 0, "excluded_lines": 0, "percent_statements_covered": 100.0, "percent_statements_covered_display": "100"}, "missing_lines": [], "excluded_lines": []}, "": {"executed_lines": [1, 2, 4, 6, 7, 8, 9, 10, 11, 14, 15, 22, 23, 26, 27, 31, 34, 35, 37, 59, 79, 126, 127], "summary": {"covered_lines": 19, "num_statements": 19, "percent_covered": 100.0, "percent_covered_display": "100", "missing_lines": 0, "excluded_lines": 1, "percent_statements_covered": 100.0, "percent_statements_covered_display": "100"}, "missing_lines": [], "excluded_lines": [31]}}, "classes": {"DMSTree": {"executed_lines": [], "summary": {"covered_lines": 0, "num_statements": 0, "percent_covered": 100.0, "percent_covered_display": "100", "missing_lines": 0, "excluded_lines": 0, "percent_statements_covered": 100.0, "percent_statements_covered_display": "100"}, "missing_lines": [], "excluded_lines": []}, "DMSRouteList": {"executed_lines": [], "summary": {"covered_lines": 0, "num_statements": 0, "percent_covered": 100.0, "percent_covered_display": "100", "missing_lines": 0, "excluded_lines": 0, "percent_statements_covered": 100.0, "percent_statements_covered_display": "100"}, "missing_lines": [], "excluded_lines": []}, "DMSAdapter": {"executed_lines": [41, 43, 44, 45, 46, 49, 50, 52, 53, 54, 56, 57, 65, 68, 70, 74, 75, 77, 84, 85, 87, 89, 90, 92, 93, 95, 97, 105, 106, 107, 108, 111, 119, 134, 135, 137, 138, 139, 140, 142], "summary": {"covered_lines": 37, "num_statements": 37, "percent_covered": 100.0, "percent_covered_display": "100", "missing_lines": 0, "excluded_lines": 3, "percent_statements_covered": 100.0, "percent_statements_covered_display": "100"}, "missing_lines": [], "excluded_lines": [45, 56, 74]}, "": {"executed_lines": [1, 2, 4, 6, 7, 8, 9, 10, 11, 14, 15, 22, 23, 26, 27, 31, 34, 35, 37, 59, 79, 126, 127], "summary": {"covered_lines": 19, "num_statements": 19, "percent_covered": 100.0, "percent_covered_display": "100", "missing_lines": 0, "excluded_lines": 1, "percent_statements_covered": 100.0, "percent_statements_covered_display": "100"}, "missing_lines": [], "excluded_lines": [31]}}}, "src/retrocast/adapters/dreamretro_adapter.py": {"executed_lines": [1, 3, 4, 6, 7, 8, 9, 10, 11, 12, 15, 16, 18, 22, 23, 26, 28, 29, 30, 32, 33, 39, 40, 41, 42, 43, 44, 46, 53, 54, 55, 58, 62, 63, 64, 65, 66, 67, 68, 70, 71, 72, 73, 75, 77, 78, 79, 81, 82, 83, 87, 91, 93, 94, 98, 101, 104, 110], "summary": {"covered_lines": 54, "num_statements": 59, "percent_covered": 91.52542372881356, "percent_covered_display": "92", "missing_lines": 5, "excluded_lines": 4, "percent_statements_covered": 91.52542372881356, "percent_statements_covered_display": "92"}, "missing_lines": [37, 56, 59, 60, 74], "excluded_lines": [23, 29, 34, 43], "functions": {"DreamRetroAdapter.cast": {"executed_lines": [22, 23, 26, 28, 29, 30, 32, 33, 39, 40, 41, 42, 43, 44], "summary": {"covered_lines": 11, "num_statements": 12, "percent_covered": 91.66666666666667, "percent_covered_display": "92", "missing_lines": 1, "excluded_lines": 4, "percent_statements_covered": 91.66666666666667, "percent_statements_covered_display": "92"}, "missing_lines": [37], "excluded_lines": [23, 29, 34, 43]}, "DreamRetroAdapter._parse_route_string": {"executed_lines": [53, 54, 55, 58, 62, 63, 64, 65, 66, 67, 68, 70, 71, 72, 73, 75, 77, 78, 79, 81, 82, 83], "summary": {"covered_lines": 22, "num_statements": 26, "percent_covered": 84.61538461538461, "percent_covered_display": "85", "missing_lines": 4, "excluded_lines": 0, "percent_statements_covered": 84.61538461538461, "percent_statements_covered_display": "85"}, "missing_lines": [56, 59, 60, 74], "excluded_lines": []}, "DreamRetroAdapter._transform": {"executed_lines": [91, 93, 94, 98, 101, 104, 110], "summary": {"covered_lines": 7, "num_statements": 7, "percent_covered": 100.0, "percent_covered_display": "100", "missing_lines": 0, "excluded_lines": 0, "percent_statements_covered": 100.0, "percent_statements_covered_display": "100"}, "missing_lines": [], "excluded_lines": []}, "": {"executed_lines": [1, 3, 4, 6, 7, 8, 9, 10, 11, 12, 15, 16, 18, 46, 87], "summary": {"covered_lines": 14, "num_statements": 14, "percent_covered": 100.0, "percent_covered_display": "100", "missing_lines": 0, "excluded_lines": 0, "percent_statements_covered": 100.0, "percent_statements_covered_display": "100"}, "missing_lines": [], "excluded_lines": []}}, "classes": {"DreamRetroAdapter": {"executed_lines": [22, 23, 26, 28, 29, 30, 32, 33, 39, 40, 41, 42, 43, 44, 53, 54, 55, 58, 62, 63, 64, 65, 66, 67, 68, 70, 71, 72, 73, 75, 77, 78, 79, 81, 82, 83, 91, 93, 94, 98, 101, 104, 110], "summary": {"covered_lines": 40, "num_statements": 45, "percent_covered": 88.88888888888889, "percent_covered_display": "89", "missing_lines": 5, "excluded_lines": 4, "percent_statements_covered": 88.88888888888889, "percent_statements_covered_display": "89"}, "missing_lines": [37, 56, 59, 60, 74], "excluded_lines": [23, 29, 34, 43]}, "": {"executed_lines": [1, 3, 4, 6, 7, 8, 9, 10, 11, 12, 15, 16, 18, 46, 87], "summary": {"covered_lines": 14, "num_statements": 14, "percent_covered": 100.0, "percent_covered_display": "100", "missing_lines": 0, "excluded_lines": 0, "percent_statements_covered": 100.0, "percent_statements_covered_display": "100"}, "missing_lines": [], "excluded_lines": []}}}, "src/retrocast/adapters/factory.py": {"executed_lines": [1, 2, 3, 4, 5, 6, 7, 8, 9, 10, 11, 12, 13, 15, 30, 34, 35, 36, 37], "summary": {"covered_lines": 19, "num_statements": 19, "percent_covered": 100.0, "percent_covered_display": "100", "missing_lines": 0, "excluded_lines": 0, "percent_statements_covered": 100.0, "percent_statements_covered_display": "100"}, "missing_lines": [], "excluded_lines": [], "functions": {"get_adapter": {"executed_lines": [34, 35, 36, 37], "summary": {"covered_lines": 4, "num_statements": 4, "percent_covered": 100.0, "percent_covered_display": "100", "missing_lines": 0, "excluded_lines": 0, "percent_statements_covered": 100.0, "percent_statements_covered_display": "100"}, "missing_lines": [], "excluded_lines": []}, "": {"executed_lines": [1, 2, 3, 4, 5, 6, 7, 8, 9, 10, 11, 12, 13, 15, 30], "summary": {"covered_lines": 15, "num_statements": 15, "percent_covered": 100.0, "percent_covered_display": "100", "missing_lines": 0, "excluded_lines": 0, "percent_statements_covered": 100.0, "percent_statements_covered_display": "100"}, "missing_lines": [], "excluded_lines": []}}, "classes": {"": {"executed_lines": [1, 2, 3, 4, 5, 6, 7, 8, 9, 10, 11, 12, 13, 15, 30, 34, 35, 36, 37], "summary": {"covered_lines": 19, "num_statements": 19, "percent_covered": 100.0, "percent_covered_display": "100", "missing_lines": 0, "excluded_lines": 0, "percent_statements_covered": 100.0, "percent_statements_covered_display": "100"}, "missing_lines": [], "excluded_lines": []}}}, "src/retrocast/adapters/multistepttl_adapter.py": {"executed_lines": [1, 3, 4, 6, 8, 9, 10, 11, 12, 13, 16, 17, 18, 21, 22, 23, 26, 27, 30, 31, 33, 37, 38, 39, 40, 43, 45, 46, 47, 48, 49, 50, 51, 53, 58, 68, 69, 70, 75, 76, 78, 80, 85, 86, 87, 88, 89, 90, 92, 97, 99, 103, 104, 112, 115, 116, 118, 120], "summary": {"covered_lines": 55, "num_statements": 58, "percent_covered": 94.82758620689656, "percent_covered_display": "95", "missing_lines": 3, "excluded_lines": 2, "percent_statements_covered": 94.82758620689656, "percent_statements_covered_display": "95"}, "missing_lines": [60, 66, 100], "excluded_lines": [40, 50], "functions": {"TtlRetroAdapter.cast": {"executed_lines": [37, 38, 39, 40, 43, 45, 46, 47, 48, 49, 50, 51], "summary": {"covered_lines": 10, "num_statements": 10, "percent_covered": 100.0, "percent_covered_display": "100", "missing_lines": 0, "excluded_lines": 2, "percent_statements_covered": 100.0, "percent_statements_covered_display": "100"}, "missing_lines": [], "excluded_lines": [40, 50]}, "TtlRetroAdapter._transform": {"executed_lines": [58, 68, 69, 70, 75, 76, 78], "summary": {"covered_lines": 7, "num_statements": 9, "percent_covered": 77.77777777777777, "percent_covered_display": "78", "missing_lines": 2, "excluded_lines": 0, "percent_statements_covered": 77.77777777777777, "percent_statements_covered_display": "78"}, "missing_lines": [60, 66], "excluded_lines": []}, "TtlRetroAdapter._build_precursor_map": {"executed_lines": [85, 86, 87, 88, 89, 90], "summary": {"covered_lines": 6, "num_statements": 6, "percent_covered": 100.0, "percent_covered_display": "100", "missing_lines": 0, "excluded_lines": 0, "percent_statements_covered": 100.0, "percent_statements_covered_display": "100"}, "missing_lines": [], "excluded_lines": []}, "TtlRetroAdapter._build_molecule": {"executed_lines": [97, 99, 103, 104, 112, 115, 116, 118, 120], "summary": {"covered_lines": 9, "num_statements": 10, "percent_covered": 90.0, "percent_covered_display": "90", "missing_lines": 1, "excluded_lines": 0, "percent_statements_covered": 90.0, "percent_statements_covered_display": "90"}, "missing_lines": [100], "excluded_lines": []}, "": {"executed_lines": [1, 3, 4, 6, 8, 9, 10, 11, 12, 13, 16, 17, 18, 21, 22, 23, 26, 27, 30, 31, 33, 53, 80, 92], "summary": {"covered_lines": 23, "num_statements": 23, "percent_covered": 100.0, "percent_covered_display": "100", "missing_lines": 0, "excluded_lines": 0, "percent_statements_covered": 100.0, "percent_statements_covered_display": "100"}, "missing_lines": [], "excluded_lines": []}}, "classes": {"TtlReaction": {"executed_lines": [], "summary": {"covered_lines": 0, "num_statements": 0, "percent_covered": 100.0, "percent_covered_display": "100", "missing_lines": 0, "excluded_lines": 0, "percent_statements_covered": 100.0, "percent_statements_covered_display": "100"}, "missing_lines": [], "excluded_lines": []}, "TtlRoute": {"executed_lines": [], "summary": {"covered_lines": 0, "num_statements": 0, "percent_covered": 100.0, "percent_covered_display": "100", "missing_lines": 0, "excluded_lines": 0, "percent_statements_covered": 100.0, "percent_statements_covered_display": "100"}, "missing_lines": [], "excluded_lines": []}, "TtlRouteList": {"executed_lines": [], "summary": {"covered_lines": 0, "num_statements": 0, "percent_covered": 100.0, "percent_covered_display": "100", "missing_lines": 0, "excluded_lines": 0, "percent_statements_covered": 100.0, "percent_statements_covered_display": "100"}, "missing_lines": [], "excluded_lines": []}, "TtlRetroAdapter": {"executed_lines": [37, 38, 39, 40, 43, 45, 46, 47, 48, 49, 50, 51, 58, 68, 69, 70, 75, 76, 78, 85, 86, 87, 88, 89, 90, 97, 99, 103, 104, 112, 115, 116, 118, 120], "summary": {"covered_lines": 32, "num_statements": 35, "percent_covered": 91.42857142857143, "percent_covered_display": "91", "missing_lines": 3, "excluded_lines": 2, "percent_statements_covered": 91.42857142857143, "percent_statements_covered_display": "91"}, "missing_lines": [60, 66, 100], "excluded_lines": [40, 50]}, "": {"executed_lines": [1, 3, 4, 6, 8, 9, 10, 11, 12, 13, 16, 17, 18, 21, 22, 23, 26, 27, 30, 31, 33, 53, 80, 92], "summary": {"covered_lines": 23, "num_statements": 23, "percent_covered": 100.0, "percent_covered_display": "100", "missing_lines": 0, "excluded_lines": 0, "percent_statements_covered": 100.0, "percent_statements_covered_display": "100"}, "missing_lines": [], "excluded_lines": []}}}, "src/retrocast/adapters/paroutes_adapter.py": {"executed_lines": [1, 3, 4, 5, 6, 8, 10, 11, 12, 13, 14, 15, 22, 23, 24, 27, 28, 29, 32, 33, 34, 37, 38, 39, 40, 43, 46, 47, 50, 51, 53, 54, 56, 58, 59, 61, 72, 73, 76, 77, 78, 80, 81, 83, 85, 88, 90, 91, 95, 96, 97, 99, 102, 103, 104, 107, 108, 109, 113, 114, 115, 117, 118, 120, 124, 126, 127, 128, 129, 132, 133, 134, 137, 138, 139, 140, 141, 142, 144, 147, 148, 149, 150, 151, 152, 154, 159, 161, 162, 166, 167, 170, 172, 174, 185, 188, 191, 194, 195, 198, 200, 202, 203, 211, 216, 217, 219, 222, 223, 224, 225, 228, 229, 230, 233, 234, 242, 249], "summary": {"covered_lines": 112, "num_statements": 124, "percent_covered": 90.3225806451613, "percent_covered_display": "90", "missing_lines": 12, "excluded_lines": 11, "percent_statements_covered": 90.3225806451613, "percent_statements_covered_display": "90"}, "missing_lines": [86, 92, 145, 186, 189, 218, 251, 252, 255, 256, 258, 259], "excluded_lines": [77, 93, 128, 134, 151, 166, 212, 254, 257, 260, 261], "functions": {"PaRoutesAdapter.__init__": {"executed_lines": [58, 59], "summary": {"covered_lines": 2, "num_statements": 2, "percent_covered": 100.0, "percent_covered_display": "100", "missing_lines": 0, "excluded_lines": 0, "percent_statements_covered": 100.0, "percent_statements_covered_display": "100"}, "missing_lines": [], "excluded_lines": []}, "PaRoutesAdapter._get_patent_ids": {"executed_lines": [72, 73, 76, 77, 78, 80, 81, 83, 85, 88, 90, 91, 95, 96, 97], "summary": {"covered_lines": 14, "num_statements": 16, "percent_covered": 87.5, "percent_covered_display": "88", "missing_lines": 2, "excluded_lines": 2, "percent_statements_covered": 87.5, "percent_statements_covered_display": "88"}, "missing_lines": [86, 92], "excluded_lines": [77, 93]}, "PaRoutesAdapter._get_year_from_patent_id": {"executed_lines": [102, 103, 104, 107, 108, 109, 113, 114, 115, 117, 118], "summary": {"covered_lines": 11, "num_statements": 11, "percent_covered": 100.0, "percent_covered_display": "100", "missing_lines": 0, "excluded_lines": 0, "percent_statements_covered": 100.0, "percent_statements_covered_display": "100"}, "missing_lines": [], "excluded_lines": []}, "PaRoutesAdapter.cast": {"executed_lines": [124, 126, 127, 128, 129, 132, 133, 134, 137, 138, 139, 140, 141, 142, 144, 147, 148, 149, 150, 151, 152], "summary": {"covered_lines": 18, "num_statements": 19, "percent_covered": 94.73684210526316, "percent_covered_display": "95", "missing_lines": 1, "excluded_lines": 3, "percent_statements_covered": 94.73684210526316, "percent_statements_covered_display": "95"}, "missing_lines": [145], "excluded_lines": [128, 134, 151]}, "PaRoutesAdapter._transform": {"executed_lines": [159, 161, 162, 166, 167, 170, 172], "summary": {"covered_lines": 6, "num_statements": 6, "percent_covered": 100.0, "percent_covered_display": "100", "missing_lines": 0, "excluded_lines": 1, "percent_statements_covered": 100.0, "percent_statements_covered_display": "100"}, "missing_lines": [], "excluded_lines": [166]}, "PaRoutesAdapter._build_molecule": {"executed_lines": [185, 188, 191, 194, 195, 198, 200, 202, 203, 211, 216, 217, 219, 222, 223, 224, 225, 228, 229, 230, 233, 234, 242], "summary": {"covered_lines": 23, "num_statements": 26, "percent_covered": 88.46153846153847, "percent_covered_display": "88", "missing_lines": 3, "excluded_lines": 1, "percent_statements_covered": 88.46153846153847, "percent_statements_covered_display": "88"}, "missing_lines": [186, 189, 218], "excluded_lines": [212]}, "PaRoutesAdapter.report_statistics": {"executed_lines": [], "summary": {"covered_lines": 0, "num_statements": 6, "percent_covered": 0.0, "percent_covered_display": "0", "missing_lines": 6, "excluded_lines": 4, "percent_statements_covered": 0.0, "percent_statements_covered_display": "0"}, "missing_lines": [251, 252, 255, 256, 258, 259], "excluded_lines": [254, 257, 260, 261]}, "": {"executed_lines": [1, 3, 4, 5, 6, 8, 10, 11, 12, 13, 14, 15, 22, 23, 24, 27, 28, 29, 32, 33, 34, 37, 38, 39, 40, 43, 46, 47, 50, 51, 53, 54, 56, 61, 99, 120, 154, 174, 249], "summary": {"covered_lines": 38, "num_statements": 38, "percent_covered": 100.0, "percent_covered_display": "100", "missing_lines": 0, "excluded_lines": 0, "percent_statements_covered": 100.0, "percent_statements_covered_display": "100"}, "missing_lines": [], "excluded_lines": []}}, "classes": {"PaRoutesReactionMetadata": {"executed_lines": [], "summary": {"covered_lines": 0, "num_statements": 0, "percent_covered": 100.0, "percent_covered_display": "100", "missing_lines": 0, "excluded_lines": 0, "percent_statements_covered": 100.0, "percent_statements_covered_display": "100"}, "missing_lines": [], "excluded_lines": []}, "PaRoutesBaseNode": {"executed_lines": [], "summary": {"covered_lines": 0, "num_statements": 0, "percent_covered": 100.0, "percent_covered_display": "100", "missing_lines": 0, "excluded_lines": 0, "percent_statements_covered": 100.0, "percent_statements_covered_display": "100"}, "missing_lines": [], "excluded_lines": []}, "PaRoutesMoleculeInput": {"executed_lines": [], "summary": {"covered_lines": 0, "num_statements": 0, "percent_covered": 100.0, "percent_covered_display": "100", "missing_lines": 0, "excluded_lines": 0, "percent_statements_covered": 100.0, "percent_statements_covered_display": "100"}, "missing_lines": [], "excluded_lines": []}, "PaRoutesReactionInput": {"executed_lines": [], "summary": {"covered_lines": 0, "num_statements": 0, "percent_covered": 100.0, "percent_covered_display": "100", "missing_lines": 0, "excluded_lines": 0, "percent_statements_covered": 100.0, "percent_statements_covered_display": "100"}, "missing_lines": [], "excluded_lines": []}, "PaRoutesAdapter": {"executed_lines": [58, 59, 72, 73, 76, 77, 78, 80, 81, 83, 85, 88, 90, 91, 95, 96, 97, 102, 103, 104, 107, 108, 109, 113, 114, 115, 117, 118, 124, 126, 127, 128, 129, 132, 133, 134, 137, 138, 139, 140, 141, 142, 144, 147, 148, 149, 150, 151, 152, 159, 161, 162, 166, 167, 170, 172, 185, 188, 191, 194, 195, 198, 200, 202, 203, 211, 216, 217, 219, 222, 223, 224, 225, 228, 229, 230, 233, 234, 242], "summary": {"covered_lines": 74, "num_statements": 86, "percent_covered": 86.04651162790698, "percent_covered_display": "86", "missing_lines": 12, "excluded_lines": 11, "percent_statements_covered": 86.04651162790698, "percent_statements_covered_display": "86"}, "missing_lines": [86, 92, 145, 186, 189, 218, 251, 252, 255, 256, 258, 259], "excluded_lines": [77, 93, 128, 134, 151, 166, 212, 254, 257, 260, 261]}, "": {"executed_lines": [1, 3, 4, 5, 6, 8, 10, 11, 12, 13, 14, 15, 22, 23, 24, 27, 28, 29, 32, 33, 34, 37, 38, 39, 40, 43, 46, 47, 50, 51, 53, 54, 56, 61, 99, 120, 154, 174, 249], "summary": {"covered_lines": 38, "num_statements": 38, "percent_covered": 100.0, "percent_covered_display": "100", "missing_lines": 0, "excluded_lines": 0, "percent_statements_covered": 100.0, "percent_statements_covered_display": "100"}, "missing_lines": [], "excluded_lines": []}}}, "src/retrocast/adapters/retrochimera_adapter.py": {"executed_lines": [1, 3, 4, 6, 8, 9, 10, 11, 12, 13, 18, 19, 20, 21, 22, 25, 26, 27, 28, 29, 32, 33, 34, 35, 36, 37, 38, 39, 40, 41, 42, 45, 46, 47, 48, 49, 52, 53, 54, 57, 58, 60, 64, 65, 66, 67, 68, 70, 71, 72, 73, 74, 76, 77, 80, 82, 86, 87, 88, 89, 90, 91, 92, 97, 102, 103, 108, 110, 115, 116, 117, 118, 119, 120, 122, 131, 132, 135, 144, 145, 147, 149, 157, 158, 160, 161, 166, 169, 179], "summary": {"covered_lines": 85, "num_statements": 89, "percent_covered": 95.50561797752809, "percent_covered_display": "96", "missing_lines": 4, "excluded_lines": 6, "percent_statements_covered": 95.50561797752809, "percent_statements_covered_display": "96"}, "missing_lines": [84, 93, 95, 137], "excluded_lines": [67, 73, 77, 83, 94, 136], "functions": {"RetrochimeraAdapter.cast": {"executed_lines": [64, 65, 66, 67, 68, 70, 71, 72, 73, 74, 76, 77, 80, 82, 86, 87, 88, 89, 90, 91, 92], "summary": {"covered_lines": 18, "num_statements": 21, "percent_covered": 85.71428571428571, "percent_covered_display": "86", "missing_lines": 3, "excluded_lines": 5, "percent_statements_covered": 85.71428571428571, "percent_statements_covered_display": "86"}, "missing_lines": [84, 93, 95], "excluded_lines": [67, 73, 77, 83, 94]}, "RetrochimeraAdapter._transform": {"executed_lines": [102, 103, 108], "summary": {"covered_lines": 3, "num_statements": 3, "percent_covered": 100.0, "percent_covered_display": "100", "missing_lines": 0, "excluded_lines": 0, "percent_statements_covered": 100.0, "percent_statements_covered_display": "100"}, "missing_lines": [], "excluded_lines": []}, "RetrochimeraAdapter._build_precursor_map": {"executed_lines": [115, 116, 117, 118, 119, 120], "summary": {"covered_lines": 6, "num_statements": 6, "percent_covered": 100.0, "percent_covered_display": "100", "missing_lines": 0, "excluded_lines": 0, "percent_statements_covered": 100.0, "percent_statements_covered_display": "100"}, "missing_lines": [], "excluded_lines": []}, "RetrochimeraAdapter._build_molecule_from_precursor_map": {"executed_lines": [131, 132, 135, 144, 145, 147, 149, 157, 158, 160, 161, 166, 169, 179], "summary": {"covered_lines": 14, "num_statements": 15, "percent_covered": 93.33333333333333, "percent_covered_display": "93", "missing_lines": 1, "excluded_lines": 1, "percent_statements_covered": 93.33333333333333, "percent_statements_covered_display": "93"}, "missing_lines": [137], "excluded_lines": [136]}, "": {"executed_lines": [1, 3, 4, 6, 8, 9, 10, 11, 12, 13, 18, 19, 20, 21, 22, 25, 26, 27, 28, 29, 32, 33, 34, 35, 36, 37, 38, 39, 40, 41, 42, 45, 46, 47, 48, 49, 52, 53, 54, 57, 58, 60, 97, 110, 122], "summary": {"covered_lines": 44, "num_statements": 44, "percent_covered": 100.0, "percent_covered_display": "100", "missing_lines": 0, "excluded_lines": 0, "percent_statements_covered": 100.0, "percent_statements_covered_display": "100"}, "missing_lines": [], "excluded_lines": []}}, "classes": {"RetrochimeraReaction": {"executed_lines": [], "summary": {"covered_lines": 0, "num_statements": 0, "percent_covered": 100.0, "percent_covered_display": "100", "missing_lines": 0, "excluded_lines": 0, "percent_statements_covered": 100.0, "percent_statements_covered_display": "100"}, "missing_lines": [], "excluded_lines": []}, "RetrochimeraRoute": {"executed_lines": [], "summary": {"covered_lines": 0, "num_statements": 0, "percent_covered": 100.0, "percent_covered_display": "100", "missing_lines": 0, "excluded_lines": 0, "percent_statements_covered": 100.0, "percent_statements_covered_display": "100"}, "missing_lines": [], "excluded_lines": []}, "RetrochimeraOutput": {"executed_lines": [], "summary": {"covered_lines": 0, "num_statements": 0, "percent_covered": 100.0, "percent_covered_display": "100", "missing_lines": 0, "excluded_lines": 0, "percent_statements_covered": 100.0, "percent_statements_covered_display": "100"}, "missing_lines": [], "excluded_lines": []}, "RetrochimeraResult": {"executed_lines": [], "summary": {"covered_lines": 0, "num_statements": 0, "percent_covered": 100.0, "percent_covered_display": "100", "missing_lines": 0, "excluded_lines": 0, "percent_statements_covered": 100.0, "percent_statements_covered_display": "100"}, "missing_lines": [], "excluded_lines": []}, "RetrochimeraData": {"executed_lines": [], "summary": {"covered_lines": 0, "num_statements": 0, "percent_covered": 100.0, "percent_covered_display": "100", "missing_lines": 0, "excluded_lines": 0, "percent_statements_covered": 100.0, "percent_statements_covered_display": "100"}, "missing_lines": [], "excluded_lines": []}, "RetrochimeraAdapter": {"executed_lines": [64, 65, 66, 67, 68, 70, 71, 72, 73, 74, 76, 77, 80, 82, 86, 87, 88, 89, 90, 91, 92, 102, 103, 108, 115, 116, 117, 118, 119, 120, 131, 132, 135, 144, 145, 147, 149, 157, 158, 160, 161, 166, 169, 179], "summary": {"covered_lines": 41, "num_statements": 45, "percent_covered": 91.11111111111111, "percent_covered_display": "91", "missing_lines": 4, "excluded_lines": 6, "percent_statements_covered": 91.11111111111111, "percent_statements_covered_display": "91"}, "missing_lines": [84, 93, 95, 137], "excluded_lines": [67, 73, 77, 83, 94, 136]}, "": {"executed_lines": [1, 3, 4, 6, 8, 9, 10, 11, 12, 13, 18, 19, 20, 21, 22, 25, 26, 27, 28, 29, 32, 33, 34, 35, 36, 37, 38, 39, 40, 41, 42, 45, 46, 47, 48, 49, 52, 53, 54, 57, 58, 60, 97, 110, 122], "summary": {"covered_lines": 44, "num_statements": 44, "percent_covered": 100.0, "percent_covered_display": "100", "missing_lines": 0, "excluded_lines": 0, "percent_statements_covered": 100.0, "percent_statements_covered_display": "100"}, "missing_lines": [], "excluded_lines": []}}}, "src/retrocast/adapters/retrostar_adapter.py": {"executed_lines": [1, 3, 4, 6, 7, 8, 9, 10, 11, 12, 15, 16, 18, 22, 28, 29, 30, 32, 33, 34, 35, 38, 40, 41, 42, 43, 44, 45, 47, 54, 55, 56, 59, 60, 61, 63, 64, 65, 66, 67, 68, 69, 71, 72, 73, 74, 76, 78, 79, 80, 82, 83, 84, 88, 93, 95, 96, 100, 103, 108, 109, 110, 113], "summary": {"covered_lines": 59, "num_statements": 62, "percent_covered": 95.16129032258064, "percent_covered_display": "95", "missing_lines": 3, "excluded_lines": 4, "percent_statements_covered": 95.16129032258064, "percent_statements_covered_display": "95"}, "missing_lines": [26, 57, 75], "excluded_lines": [23, 29, 34, 44], "functions": {"RetroStarAdapter.cast": {"executed_lines": [22, 28, 29, 30, 32, 33, 34, 35, 38, 40, 41, 42, 43, 44, 45], "summary": {"covered_lines": 12, "num_statements": 13, "percent_covered": 92.3076923076923, "percent_covered_display": "92", "missing_lines": 1, "excluded_lines": 4, "percent_statements_covered": 92.3076923076923, "percent_statements_covered_display": "92"}, "missing_lines": [26], "excluded_lines": [23, 29, 34, 44]}, "RetroStarAdapter._parse_route_string": {"executed_lines": [54, 55, 56, 59, 60, 61, 63, 64, 65, 66, 67, 68, 69, 71, 72, 73, 74, 76, 78, 79, 80, 82, 83, 84], "summary": {"covered_lines": 24, "num_statements": 26, "percent_covered": 92.3076923076923, "percent_covered_display": "92", "missing_lines": 2, "excluded_lines": 0, "percent_statements_covered": 92.3076923076923, "percent_statements_covered_display": "92"}, "missing_lines": [57, 75], "excluded_lines": []}, "RetroStarAdapter._transform": {"executed_lines": [93, 95, 96, 100, 103, 108, 109, 110, 113], "summary": {"covered_lines": 9, "num_statements": 9, "percent_covered": 100.0, "percent_covered_display": "100", "missing_lines": 0, "excluded_lines": 0, "percent_statements_covered": 100.0, "percent_statements_covered_display": "100"}, "missing_lines": [], "excluded_lines": []}, "": {"executed_lines": [1, 3, 4, 6, 7, 8, 9, 10, 11, 12, 15, 16, 18, 47, 88], "summary": {"covered_lines": 14, "num_statements": 14, "percent_covered": 100.0, "percent_covered_display": "100", "missing_lines": 0, "excluded_lines": 0, "percent_statements_covered": 100.0, "percent_statements_covered_display": "100"}, "missing_lines": [], "excluded_lines": []}}, "classes": {"RetroStarAdapter": {"executed_lines": [22, 28, 29, 30, 32, 33, 34, 35, 38, 40, 41, 42, 43, 44, 45, 54, 55, 56, 59, 60, 61, 63, 64, 65, 66, 67, 68, 69, 71, 72, 73, 74, 76, 78, 79, 80, 82, 83, 84, 93, 95, 96, 100, 103, 108, 109, 110, 113], "summary": {"covered_lines": 45, "num_statements": 48, "percent_covered": 93.75, "percent_covered_display": "94", "missing_lines": 3, "excluded_lines": 4, "percent_statements_covered": 93.75, "percent_statements_covered_display": "94"}, "missing_lines": [26, 57, 75], "excluded_lines": [23, 29, 34, 44]}, "": {"executed_lines": [1, 3, 4, 6, 7, 8, 9, 10, 11, 12, 15, 16, 18, 47, 88], "summary": {"covered_lines": 14, "num_statements": 14, "percent_covered": 100.0, "percent_covered_display": "100", "missing_lines": 0, "excluded_lines": 0, "percent_statements_covered": 100.0, "percent_statements_covered_display": "100"}, "missing_lines": [], "excluded_lines": []}}}, "src/retrocast/adapters/synllama_adapter.py": {"executed_lines": [1, 3, 4, 6, 8, 9, 10, 11, 12, 13, 18, 19, 22, 23, 26, 27, 29, 31, 32, 33, 34, 35, 37, 38, 39, 40, 41, 42, 43, 45, 49, 50, 54, 55, 56, 60, 62, 63, 66, 68, 75, 76, 79, 88, 91, 92, 100, 101, 102, 105, 108, 114, 121, 127, 129, 131, 132, 134, 136, 140, 141, 142, 143, 144, 145, 147, 148, 149, 150, 151, 153, 154, 156, 158, 159, 161], "summary": {"covered_lines": 72, "num_statements": 75, "percent_covered": 96.0, "percent_covered_display": "96", "missing_lines": 3, "excluded_lines": 4, "percent_statements_covered": 96.0, "percent_statements_covered_display": "96"}, "missing_lines": [51, 81, 138], "excluded_lines": [23, 34, 42, 80], "functions": {"SynLlaMaAdapter.cast": {"executed_lines": [31, 32, 33, 34, 35, 37, 38, 39, 40, 41, 42, 43], "summary": {"covered_lines": 10, "num_statements": 10, "percent_covered": 100.0, "percent_covered_display": "100", "missing_lines": 0, "excluded_lines": 2, "percent_statements_covered": 100.0, "percent_statements_covered_display": "100"}, "missing_lines": [], "excluded_lines": [34, 42]}, "SynLlaMaAdapter._transform": {"executed_lines": [49, 50, 54, 55, 56, 60, 62, 63, 66], "summary": {"covered_lines": 9, "num_statements": 10, "percent_covered": 90.0, "percent_covered_display": "90", "missing_lines": 1, "excluded_lines": 0, "percent_statements_covered": 90.0, "percent_statements_covered_display": "90"}, "missing_lines": [51], "excluded_lines": []}, "SynLlaMaAdapter._build_molecule_from_precursor_map": {"executed_lines": [75, 76, 79, 88, 91, 92, 100, 101, 102, 105, 108, 114], "summary": {"covered_lines": 12, "num_statements": 13, "percent_covered": 92.3076923076923, "percent_covered_display": "92", "missing_lines": 1, "excluded_lines": 1, "percent_statements_covered": 92.3076923076923, "percent_statements_covered_display": "92"}, "missing_lines": [81], "excluded_lines": [80]}, "SynLlaMaAdapter._parse_synthesis_string": {"executed_lines": [127, 129, 131, 132, 134, 136, 140, 141, 142, 143, 144, 145, 147, 148, 149, 150, 151, 153, 154, 156, 158, 159, 161], "summary": {"covered_lines": 23, "num_statements": 24, "percent_covered": 95.83333333333333, "percent_covered_display": "96", "missing_lines": 1, "excluded_lines": 0, "percent_statements_covered": 95.83333333333333, "percent_statements_covered_display": "96"}, "missing_lines": [138], "excluded_lines": []}, "": {"executed_lines": [1, 3, 4, 6, 8, 9, 10, 11, 12, 13, 18, 19, 22, 23, 26, 27, 29, 45, 68, 121], "summary": {"covered_lines": 18, "num_statements": 18, "percent_covered": 100.0, "percent_covered_display": "100", "missing_lines": 0, "excluded_lines": 1, "percent_statements_covered": 100.0, "percent_statements_covered_display": "100"}, "missing_lines": [], "excluded_lines": [23]}}, "classes": {"SynLlamaRouteInput": {"executed_lines": [], "summary": {"covered_lines": 0, "num_statements": 0, "percent_covered": 100.0, "percent_covered_display": "100", "missing_lines": 0, "excluded_lines": 0, "percent_statements_covered": 100.0, "percent_statements_covered_display": "100"}, "missing_lines": [], "excluded_lines": []}, "SynLlamaRouteList": {"executed_lines": [], "summary": {"covered_lines": 0, "num_statements": 0, "percent_covered": 100.0, "percent_covered_display": "100", "missing_lines": 0, "excluded_lines": 0, "percent_statements_covered": 100.0, "percent_statements_covered_display": "100"}, "missing_lines": [], "excluded_lines": []}, "SynLlaMaAdapter": {"executed_lines": [31, 32, 33, 34, 35, 37, 38, 39, 40, 41, 42, 43, 49, 50, 54, 55, 56, 60, 62, 63, 66, 75, 76, 79, 88, 91, 92, 100, 101, 102, 105, 108, 114, 127, 129, 131, 132, 134, 136, 140, 141, 142, 143, 144, 145, 147, 148, 149, 150, 151, 153, 154, 156, 158, 159, 161], "summary": {"covered_lines": 54, "num_statements": 57, "percent_covered": 94.73684210526316, "percent_covered_display": "95", "missing_lines": 3, "excluded_lines": 3, "percent_statements_covered": 94.73684210526316, "percent_statements_covered_display": "95"}, "missing_lines": [51, 81, 138], "excluded_lines": [34, 42, 80]}, "": {"executed_lines": [1, 3, 4, 6, 8, 9, 10, 11, 12, 13, 18, 19, 22, 23, 26, 27, 29, 45, 68, 121], "summary": {"covered_lines": 18, "num_statements": 18, "percent_covered": 100.0, "percent_covered_display": "100", "missing_lines": 0, "excluded_lines": 1, "percent_statements_covered": 100.0, "percent_statements_covered_display": "100"}, "missing_lines": [], "excluded_lines": [23]}}}, "src/retrocast/adapters/synplanner_adapter.py": {"executed_lines": [1, 3, 4, 6, 8, 9, 10, 11, 12, 13, 20, 21, 23, 24, 27, 28, 30, 31, 34, 35, 37, 42, 45, 46, 48, 51, 52, 54, 58, 59, 60, 61, 62, 64, 65, 66, 67, 68, 69, 70, 72, 78, 80, 81, 85, 86, 88, 90, 95, 98, 99, 101, 102, 110, 115, 116, 118, 121, 122, 124, 126, 127, 130, 133, 141], "summary": {"covered_lines": 56, "num_statements": 59, "percent_covered": 94.91525423728814, "percent_covered_display": "95", "missing_lines": 3, "excluded_lines": 5, "percent_statements_covered": 94.91525423728814, "percent_statements_covered_display": "95"}, "missing_lines": [96, 117, 125], "excluded_lines": [48, 61, 69, 85, 111], "functions": {"SynPlannerAdapter.cast": {"executed_lines": [58, 59, 60, 61, 62, 64, 65, 66, 67, 68, 69, 70], "summary": {"covered_lines": 10, "num_statements": 10, "percent_covered": 100.0, "percent_covered_display": "100", "missing_lines": 0, "excluded_lines": 2, "percent_statements_covered": 100.0, "percent_statements_covered_display": "100"}, "missing_lines": [], "excluded_lines": [61, 69]}, "SynPlannerAdapter._transform": {"executed_lines": [78, 80, 81, 85, 86, 88], "summary": {"covered_lines": 5, "num_statements": 5, "percent_covered": 100.0, "percent_covered_display": "100", "missing_lines": 0, "excluded_lines": 1, "percent_statements_covered": 100.0, "percent_statements_covered_display": "100"}, "missing_lines": [], "excluded_lines": [85]}, "SynPlannerAdapter._build_molecule_from_synplanner_node": {"executed_lines": [95, 98, 99, 101, 102, 110, 115, 116, 118, 121, 122, 124, 126, 127, 130, 133, 141], "summary": {"covered_lines": 17, "num_statements": 20, "percent_covered": 85.0, "percent_covered_display": "85", "missing_lines": 3, "excluded_lines": 1, "percent_statements_covered": 85.0, "percent_statements_covered_display": "85"}, "missing_lines": [96, 117, 125], "excluded_lines": [111]}, "": {"executed_lines": [1, 3, 4, 6, 8, 9, 10, 11, 12, 13, 20, 21, 23, 24, 27, 28, 30, 31, 34, 35, 37, 42, 45, 46, 48, 51, 52, 54, 72, 90], "summary": {"covered_lines": 24, "num_statements": 24, "percent_covered": 100.0, "percent_covered_display": "100", "missing_lines": 0, "excluded_lines": 1, "percent_statements_covered": 100.0, "percent_statements_covered_display": "100"}, "missing_lines": [], "excluded_lines": [48]}}, "classes": {"SynPlannerBaseNode": {"executed_lines": [], "summary": {"covered_lines": 0, "num_statements": 0, "percent_covered": 100.0, "percent_covered_display": "100", "missing_lines": 0, "excluded_lines": 0, "percent_statements_covered": 100.0, "percent_statements_covered_display": "100"}, "missing_lines": [], "excluded_lines": []}, "SynPlannerMoleculeInput": {"executed_lines": [], "summary": {"covered_lines": 0, "num_statements": 0, "percent_covered": 100.0, "percent_covered_display": "100", "missing_lines": 0, "excluded_lines": 0, "percent_statements_covered": 100.0, "percent_statements_covered_display": "100"}, "missing_lines": [], "excluded_lines": []}, "SynPlannerReactionInput": {"executed_lines": [], "summary": {"covered_lines": 0, "num_statements": 0, "percent_covered": 100.0, "percent_covered_display": "100", "missing_lines": 0, "excluded_lines": 0, "percent_statements_covered": 100.0, "percent_statements_covered_display": "100"}, "missing_lines": [], "excluded_lines": []}, "SynPlannerRouteList": {"executed_lines": [], "summary": {"covered_lines": 0, "num_statements": 0, "percent_covered": 100.0, "percent_covered_display": "100", "missing_lines": 0, "excluded_lines": 0, "percent_statements_covered": 100.0, "percent_statements_covered_display": "100"}, "missing_lines": [], "excluded_lines": []}, "SynPlannerAdapter": {"executed_lines": [58, 59, 60, 61, 62, 64, 65, 66, 67, 68, 69, 70, 78, 80, 81, 85, 86, 88, 95, 98, 99, 101, 102, 110, 115, 116, 118, 121, 122, 124, 126, 127, 130, 133, 141], "summary": {"covered_lines": 32, "num_statements": 35, "percent_covered": 91.42857142857143, "percent_covered_display": "91", "missing_lines": 3, "excluded_lines": 4, "percent_statements_covered": 91.42857142857143, "percent_statements_covered_display": "91"}, "missing_lines": [96, 117, 125], "excluded_lines": [61, 69, 85, 111]}, "": {"executed_lines": [1, 3, 4, 6, 8, 9, 10, 11, 12, 13, 20, 21, 23, 24, 27, 28, 30, 31, 34, 35, 37, 42, 45, 46, 48, 51, 52, 54, 72, 90], "summary": {"covered_lines": 24, "num_statements": 24, "percent_covered": 100.0, "percent_covered_display": "100", "missing_lines": 0, "excluded_lines": 1, "percent_statements_covered": 100.0, "percent_statements_covered_display": "100"}, "missing_lines": [], "excluded_lines": [48]}}}, "src/retrocast/adapters/syntheseus_adapter.py": {"executed_lines": [1, 3, 4, 6, 8, 9, 10, 11, 12, 19, 20, 22, 23, 26, 27, 29, 30, 33, 34, 36, 37, 41, 44, 45, 47, 50, 51, 53, 57, 58, 59, 60, 61, 63, 64, 65, 66, 67, 68, 69, 71, 77, 79, 80, 84, 85, 87], "summary": {"covered_lines": 38, "num_statements": 38, "percent_covered": 100.0, "percent_covered_display": "100", "missing_lines": 0, "excluded_lines": 4, "percent_statements_covered": 100.0, "percent_statements_covered_display": "100"}, "missing_lines": [], "excluded_lines": [47, 60, 68, 84], "functions": {"SyntheseusAdapter.cast": {"executed_lines": [57, 58, 59, 60, 61, 63, 64, 65, 66, 67, 68, 69], "summary": {"covered_lines": 10, "num_statements": 10, "percent_covered": 100.0, "percent_covered_display": "100", "missing_lines": 0, "excluded_lines": 2, "percent_statements_covered": 100.0, "percent_statements_covered_display": "100"}, "missing_lines": [], "excluded_lines": [60, 68]}, "SyntheseusAdapter._transform": {"executed_lines": [77, 79, 80, 84, 85, 87], "summary": {"covered_lines": 5, "num_statements": 5, "percent_covered": 100.0, "percent_covered_display": "100", "missing_lines": 0, "excluded_lines": 1, "percent_statements_covered": 100.0, "percent_statements_covered_display": "100"}, "missing_lines": [], "excluded_lines": [84]}, "": {"executed_lines": [1, 3, 4, 6, 8, 9, 10, 11, 12, 19, 20, 22, 23, 26, 27, 29, 30, 33, 34, 36, 37, 41, 44, 45, 47, 50, 51, 53, 71], "summary": {"covered_lines": 23, "num_statements": 23, "percent_covered": 100.0, "percent_covered_display": "100", "missing_lines": 0, "excluded_lines": 1, "percent_statements_covered": 100.0, "percent_statements_covered_display": "100"}, "missing_lines": [], "excluded_lines": [47]}}, "classes": {"SyntheseusBaseNode": {"executed_lines": [], "summary": {"covered_lines": 0, "num_statements": 0, "percent_covered": 100.0, "percent_covered_display": "100", "missing_lines": 0, "excluded_lines": 0, "percent_statements_covered": 100.0, "percent_statements_covered_display": "100"}, "missing_lines": [], "excluded_lines": []}, "SyntheseusMoleculeInput": {"executed_lines": [], "summary": {"covered_lines": 0, "num_statements": 0, "percent_covered": 100.0, "percent_covered_display": "100", "missing_lines": 0, "excluded_lines": 0, "percent_statements_covered": 100.0, "percent_statements_covered_display": "100"}, "missing_lines": [], "excluded_lines": []}, "SyntheseusReactionInput": {"executed_lines": [], "summary": {"covered_lines": 0, "num_statements": 0, "percent_covered": 100.0, "percent_covered_display": "100", "missing_lines": 0, "excluded_lines": 0, "percent_statements_covered": 100.0, "percent_statements_covered_display": "100"}, "missing_lines": [], "excluded_lines": []}, "SyntheseusRouteList": {"executed_lines": [], "summary": {"covered_lines": 0, "num_statements": 0, "percent_covered": 100.0, "percent_covered_display": "100", "missing_lines": 0, "excluded_lines": 0, "percent_statements_covered": 100.0, "percent_statements_covered_display": "100"}, "missing_lines": [], "excluded_lines": []}, "SyntheseusAdapter": {"executed_lines": [57, 58, 59, 60, 61, 63, 64, 65, 66, 67, 68, 69, 77, 79, 80, 84, 85, 87], "summary": {"covered_lines": 15, "num_statements": 15, "percent_covered": 100.0, "percent_covered_display": "100", "missing_lines": 0, "excluded_lines": 3, "percent_statements_covered": 100.0, "percent_statements_covered_display": "100"}, "missing_lines": [], "excluded_lines": [60, 68, 84]}, "": {"executed_lines": [1, 3, 4, 6, 8, 9, 10, 11, 12, 19, 20, 22, 23, 26, 27, 29, 30, 33, 34, 36, 37, 41, 44, 45, 47, 50, 51, 53, 71], "summary": {"covered_lines": 23, "num_statements": 23, "percent_covered": 100.0, "percent_covered_display": "100", "missing_lines": 0, "excluded_lines": 1, "percent_statements_covered": 100.0, "percent_statements_covered_display": "100"}, "missing_lines": [], "excluded_lines": [47]}}}, "src/retrocast/api.py": {"executed_lines": [], "summary": {"covered_lines": 0, "num_statements": 18, "percent_covered": 0.0, "percent_covered_display": "0", "missing_lines": 18, "excluded_lines": 0, "percent_statements_covered": 0.0, "percent_statements_covered_display": "0"}, "missing_lines": [9, 11, 12, 13, 14, 15, 16, 17, 18, 20, 31, 49, 50, 51, 52, 54, 55, 57], "excluded_lines": [], "functions": {"score_predictions": {"executed_lines": [], "summary": {"covered_lines": 0, "num_statements": 7, "percent_covered": 0.0, "percent_covered_display": "0", "missing_lines": 7, "excluded_lines": 0, "percent_statements_covered": 0.0, "percent_statements_covered_display": "0"}, "missing_lines": [49, 50, 51, 52, 54, 55, 57], "excluded_lines": []}, "": {"executed_lines": [], "summary": {"covered_lines": 0, "num_statements": 11, "percent_covered": 0.0, "percent_covered_display": "0", "missing_lines": 11, "excluded_lines": 0, "percent_statements_covered": 0.0, "percent_statements_covered_display": "0"}, "missing_lines": [9, 11, 12, 13, 14, 15, 16, 17, 18, 20, 31], "excluded_lines": []}}, "classes": {"": {"executed_lines": [], "summary": {"covered_lines": 0, "num_statements": 18, "percent_covered": 0.0, "percent_covered_display": "0", "missing_lines": 18, "excluded_lines": 0, "percent_statements_covered": 0.0, "percent_statements_covered_display": "0"}, "missing_lines": [9, 11, 12, 13, 14, 15, 16, 17, 18, 20, 31, 49, 50, 51, 52, 54, 55, 57], "excluded_lines": []}}}, "src/retrocast/chem.py": {"executed_lines": [1, 2, 4, 5, 6, 8, 11, 25, 26, 27, 29, 30, 31, 33, 34, 35, 41, 42, 44, 46, 48, 49, 51, 54, 68, 69, 70, 72, 73, 74, 75, 76, 79, 80, 82, 83, 84, 85, 87, 89, 90, 91, 93, 96, 110, 114, 115, 116, 120, 129, 143, 147, 148, 149, 153, 162, 176, 180, 181, 182, 186, 187], "summary": {"covered_lines": 55, "num_statements": 75, "percent_covered": 73.33333333333333, "percent_covered_display": "73", "missing_lines": 20, "excluded_lines": 18, "percent_statements_covered": 73.33333333333333, "percent_statements_covered_display": "73"}, "missing_lines": [36, 37, 112, 118, 122, 123, 124, 126, 145, 151, 155, 156, 157, 159, 178, 184, 189, 190, 191, 193], "excluded_lines": [26, 33, 45, 49, 69, 75, 83, 88, 91, 111, 117, 125, 144, 150, 158, 177, 183, 192], "functions": {"canonicalize_smiles": {"executed_lines": [25, 26, 27, 29, 30, 31, 33, 34, 35, 41, 42, 44, 46, 48, 49, 51], "summary": {"covered_lines": 13, "num_statements": 15, "percent_covered": 86.66666666666667, "percent_covered_display": "87", "missing_lines": 2, "excluded_lines": 4, "percent_statements_covered": 86.66666666666667, "percent_statements_covered_display": "87"}, "missing_lines": [36, 37], "excluded_lines": [26, 33, 45, 49]}, "get_inchi_key": {"executed_lines": [68, 69, 70, 72, 73, 74, 75, 76, 79, 80, 82, 83, 84, 85, 87, 89, 90, 91, 93], "summary": {"covered_lines": 15, "num_statements": 15, "percent_covered": 100.0, "percent_covered_display": "100", "missing_lines": 0, "excluded_lines": 5, "percent_statements_covered": 100.0, "percent_statements_covered_display": "100"}, "missing_lines": [], "excluded_lines": [69, 75, 83, 88, 91]}, "get_heavy_atom_count": {"executed_lines": [110, 114, 115, 116, 120], "summary": {"covered_lines": 5, "num_statements": 11, "percent_covered": 45.45454545454545, "percent_covered_display": "45", "missing_lines": 6, "excluded_lines": 3, "percent_statements_covered": 45.45454545454545, "percent_statements_covered_display": "45"}, "missing_lines": [112, 118, 122, 123, 124, 126], "excluded_lines": [111, 117, 125]}, "get_molecular_weight": {"executed_lines": [143, 147, 148, 149, 153], "summary": {"covered_lines": 5, "num_statements": 11, "percent_covered": 45.45454545454545, "percent_covered_display": "45", "missing_lines": 6, "excluded_lines": 3, "percent_statements_covered": 45.45454545454545, "percent_statements_covered_display": "45"}, "missing_lines": [145, 151, 155, 156, 157, 159], "excluded_lines": [144, 150, 158]}, "get_chiral_center_count": {"executed_lines": [176, 180, 181, 182, 186, 187], "summary": {"covered_lines": 6, "num_statements": 12, "percent_covered": 50.0, "percent_covered_display": "50", "missing_lines": 6, "excluded_lines": 3, "percent_statements_covered": 50.0, "percent_statements_covered_display": "50"}, "missing_lines": [178, 184, 189, 190, 191, 193], "excluded_lines": [177, 183, 192]}, "": {"executed_lines": [1, 2, 4, 5, 6, 8, 11, 54, 96, 129, 162], "summary": {"covered_lines": 11, "num_statements": 11, "percent_covered": 100.0, "percent_covered_display": "100", "missing_lines": 0, "excluded_lines": 0, "percent_statements_covered": 100.0, "percent_statements_covered_display": "100"}, "missing_lines": [], "excluded_lines": []}}, "classes": {"": {"executed_lines": [1, 2, 4, 5, 6, 8, 11, 25, 26, 27, 29, 30, 31, 33, 34, 35, 41, 42, 44, 46, 48, 49, 51, 54, 68, 69, 70, 72, 73, 74, 75, 76, 79, 80, 82, 83, 84, 85, 87, 89, 90, 91, 93, 96, 110, 114, 115, 116, 120, 129, 143, 147, 148, 149, 153, 162, 176, 180, 181, 182, 186, 187], "summary": {"covered_lines": 55, "num_statements": 75, "percent_covered": 73.33333333333333, "percent_covered_display": "73", "missing_lines": 20, "excluded_lines": 18, "percent_statements_covered": 73.33333333333333, "percent_statements_covered_display": "73"}, "missing_lines": [36, 37, 112, 118, 122, 123, 124, 126, 145, 151, 155, 156, 157, 159, 178, 184, 189, 190, 191, 193], "excluded_lines": [26, 33, 45, 49, 69, 75, 83, 88, 91, 111, 117, 125, 144, 150, 158, 177, 183, 192]}}}, "src/retrocast/cli/adhoc.py": {"executed_lines": [], "summary": {"covered_lines": 0, "num_statements": 25, "percent_covered": 0.0, "percent_covered_display": "0", "missing_lines": 25, "excluded_lines": 5, "percent_statements_covered": 0.0, "percent_statements_covered_display": "0"}, "missing_lines": [1, 2, 3, 5, 6, 7, 8, 11, 16, 17, 18, 19, 21, 23, 24, 26, 27, 29, 31, 33, 34, 37, 45, 48, 50], "excluded_lines": [22, 25, 28, 46, 49], "functions": {"handle_score_file": {"executed_lines": [], "summary": {"covered_lines": 0, "num_statements": 17, "percent_covered": 0.0, "percent_covered_display": "0", "missing_lines": 17, "excluded_lines": 5, "percent_statements_covered": 0.0, "percent_statements_covered_display": "0"}, "missing_lines": [16, 17, 18, 19, 21, 23, 24, 26, 27, 29, 31, 33, 34, 37, 45, 48, 50], "excluded_lines": [22, 25, 28, 46, 49]}, "": {"executed_lines": [], "summary": {"covered_lines": 0, "num_statements": 8, "percent_covered": 0.0, "percent_covered_display": "0", "missing_lines": 8, "excluded_lines": 0, "percent_statements_covered": 0.0, "percent_statements_covered_display": "0"}, "missing_lines": [1, 2, 3, 5, 6, 7, 8, 11], "excluded_lines": []}}, "classes": {"": {"executed_lines": [], "summary": {"covered_lines": 0, "num_statements": 25, "percent_covered": 0.0, "percent_covered_display": "0", "missing_lines": 25, "excluded_lines": 5, "percent_statements_covered": 0.0, "percent_statements_covered_display": "0"}, "missing_lines": [1, 2, 3, 5, 6, 7, 8, 11, 16, 17, 18, 19, 21, 23, 24, 26, 27, 29, 31, 33, 34, 37, 45, 48, 50], "excluded_lines": [22, 25, 28, 46, 49]}}}, "src/retrocast/cli/handlers.py": {"executed_lines": [], "summary": {"covered_lines": 0, "num_statements": 153, "percent_covered": 0.0, "percent_covered_display": "0", "missing_lines": 153, "excluded_lines": 23, "percent_statements_covered": 0.0, "percent_statements_covered_display": "0"}, "missing_lines": [1, 2, 3, 5, 6, 7, 8, 9, 10, 11, 12, 13, 14, 15, 16, 19, 21, 22, 32, 34, 36, 37, 39, 40, 42, 43, 46, 49, 51, 52, 54, 55, 57, 58, 60, 61, 64, 70, 72, 75, 76, 78, 80, 83, 84, 86, 87, 88, 89, 90, 92, 94, 96, 97, 98, 100, 101, 105, 116, 124, 125, 126, 128, 132, 133, 134, 135, 139, 140, 141, 147, 148, 149, 151, 153, 155, 156, 160, 161, 163, 165, 166, 168, 170, 171, 173, 178, 179, 181, 182, 185, 196, 197, 201, 205, 206, 207, 208, 212, 213, 214, 220, 223, 224, 226, 228, 230, 231, 234, 235, 237, 239, 240, 241, 243, 245, 247, 248, 249, 253, 254, 256, 258, 259, 260, 262, 271, 272, 274, 277, 278, 279, 281, 282, 286, 290, 291, 292, 293, 297, 298, 299, 305, 307, 308, 309, 310, 313, 315, 316, 318, 319, 321], "excluded_lines": [41, 45, 59, 63, 79, 93, 103, 129, 137, 152, 162, 167, 199, 202, 210, 227, 236, 242, 246, 284, 287, 295, 317], "functions": {"_get_paths": {"executed_lines": [], "summary": {"covered_lines": 0, "num_statements": 2, "percent_covered": 0.0, "percent_covered_display": "0", "missing_lines": 2, "excluded_lines": 0, "percent_statements_covered": 0.0, "percent_statements_covered_display": "0"}, "missing_lines": [21, 22], "excluded_lines": []}, "_resolve_models": {"executed_lines": [], "summary": {"covered_lines": 0, "num_statements": 8, "percent_covered": 0.0, "percent_covered_display": "0", "missing_lines": 8, "excluded_lines": 2, "percent_statements_covered": 0.0, "percent_statements_covered_display": "0"}, "missing_lines": [34, 36, 37, 39, 40, 42, 43, 46], "excluded_lines": [41, 45]}, "_resolve_benchmarks": {"executed_lines": [], "summary": {"covered_lines": 0, "num_statements": 9, "percent_covered": 0.0, "percent_covered_display": "0", "missing_lines": 9, "excluded_lines": 2, "percent_statements_covered": 0.0, "percent_statements_covered_display": "0"}, "missing_lines": [51, 52, 54, 55, 57, 58, 60, 61, 64], "excluded_lines": [59, 63]}, "_ingest_single": {"executed_lines": [], "summary": {"covered_lines": 0, "num_statements": 25, "percent_covered": 0.0, "percent_covered_display": "0", "missing_lines": 25, "excluded_lines": 4, "percent_statements_covered": 0.0, "percent_statements_covered_display": "0"}, "missing_lines": [72, 75, 76, 78, 80, 83, 84, 86, 87, 88, 89, 90, 92, 94, 96, 97, 98, 100, 101, 105, 116, 124, 125, 126, 128], "excluded_lines": [79, 93, 103, 129]}, "handle_ingest": {"executed_lines": [], "summary": {"covered_lines": 0, "num_statements": 6, "percent_covered": 0.0, "percent_covered_display": "0", "missing_lines": 6, "excluded_lines": 1, "percent_statements_covered": 0.0, "percent_statements_covered_display": "0"}, "missing_lines": [133, 134, 135, 139, 140, 141], "excluded_lines": [137]}, "_score_single": {"executed_lines": [], "summary": {"covered_lines": 0, "num_statements": 23, "percent_covered": 0.0, "percent_covered_display": "0", "missing_lines": 23, "excluded_lines": 5, "percent_statements_covered": 0.0, "percent_statements_covered_display": "0"}, "missing_lines": [148, 149, 151, 153, 155, 156, 160, 161, 163, 165, 166, 168, 170, 171, 173, 178, 179, 181, 182, 185, 196, 197, 201], "excluded_lines": [152, 162, 167, 199, 202]}, "handle_score": {"executed_lines": [], "summary": {"covered_lines": 0, "num_statements": 6, "percent_covered": 0.0, "percent_covered_display": "0", "missing_lines": 6, "excluded_lines": 1, "percent_statements_covered": 0.0, "percent_statements_covered_display": "0"}, "missing_lines": [206, 207, 208, 212, 213, 214], "excluded_lines": [210]}, "_analyze_single": {"executed_lines": [], "summary": {"covered_lines": 0, "num_statements": 32, "percent_covered": 0.0, "percent_covered_display": "0", "missing_lines": 32, "excluded_lines": 6, "percent_statements_covered": 0.0, "percent_statements_covered_display": "0"}, "missing_lines": [223, 224, 226, 228, 230, 231, 234, 235, 237, 239, 240, 241, 243, 245, 247, 248, 249, 253, 256, 258, 259, 260, 262, 271, 272, 274, 277, 278, 279, 281, 282, 286], "excluded_lines": [227, 236, 242, 246, 284, 287]}, "_analyze_single.get_length": {"executed_lines": [], "summary": {"covered_lines": 0, "num_statements": 1, "percent_covered": 0.0, "percent_covered_display": "0", "missing_lines": 1, "excluded_lines": 0, "percent_statements_covered": 0.0, "percent_statements_covered_display": "0"}, "missing_lines": [254], "excluded_lines": []}, "handle_analyze": {"executed_lines": [], "summary": {"covered_lines": 0, "num_statements": 6, "percent_covered": 0.0, "percent_covered_display": "0", "missing_lines": 6, "excluded_lines": 1, "percent_statements_covered": 0.0, "percent_statements_covered_display": "0"}, "missing_lines": [291, 292, 293, 297, 298, 299], "excluded_lines": [295]}, "handle_list": {"executed_lines": [], "summary": {"covered_lines": 0, "num_statements": 4, "percent_covered": 0.0, "percent_covered_display": "0", "missing_lines": 4, "excluded_lines": 0, "percent_statements_covered": 0.0, "percent_statements_covered_display": "0"}, "missing_lines": [307, 308, 309, 310], "excluded_lines": []}, "handle_info": {"executed_lines": [], "summary": {"covered_lines": 0, "num_statements": 5, "percent_covered": 0.0, "percent_covered_display": "0", "missing_lines": 5, "excluded_lines": 1, "percent_statements_covered": 0.0, "percent_statements_covered_display": "0"}, "missing_lines": [315, 316, 318, 319, 321], "excluded_lines": [317]}, "": {"executed_lines": [], "summary": {"covered_lines": 0, "num_statements": 26, "percent_covered": 0.0, "percent_covered_display": "0", "missing_lines": 26, "excluded_lines": 0, "percent_statements_covered": 0.0, "percent_statements_covered_display": "0"}, "missing_lines": [1, 2, 3, 5, 6, 7, 8, 9, 10, 11, 12, 13, 14, 15, 16, 19, 32, 49, 70, 132, 147, 205, 220, 290, 305, 313], "excluded_lines": []}}, "classes": {"": {"executed_lines": [], "summary": {"covered_lines": 0, "num_statements": 153, "percent_covered": 0.0, "percent_covered_display": "0", "missing_lines": 153, "excluded_lines": 23, "percent_statements_covered": 0.0, "percent_statements_covered_display": "0"}, "missing_lines": [1, 2, 3, 5, 6, 7, 8, 9, 10, 11, 12, 13, 14, 15, 16, 19, 21, 22, 32, 34, 36, 37, 39, 40, 42, 43, 46, 49, 51, 52, 54, 55, 57, 58, 60, 61, 64, 70, 72, 75, 76, 78, 80, 83, 84, 86, 87, 88, 89, 90, 92, 94, 96, 97, 98, 100, 101, 105, 116, 124, 125, 126, 128, 132, 133, 134, 135, 139, 140, 141, 147, 148, 149, 151, 153, 155, 156, 160, 161, 163, 165, 166, 168, 170, 171, 173, 178, 179, 181, 182, 185, 196, 197, 201, 205, 206, 207, 208, 212, 213, 214, 220, 223, 224, 226, 228, 230, 231, 234, 235, 237, 239, 240, 241, 243, 245, 247, 248, 249, 253, 254, 256, 258, 259, 260, 262, 271, 272, 274, 277, 278, 279, 281, 282, 286, 290, 291, 292, 293, 297, 298, 299, 305, 307, 308, 309, 310, 313, 315, 316, 318, 319, 321], "excluded_lines": [41, 45, 59, 63, 79, 93, 103, 129, 137, 152, 162, 167, 199, 202, 210, 227, 236, 242, 246, 284, 287, 295, 317]}}}, "src/retrocast/cli/main.py": {"executed_lines": [], "summary": {"covered_lines": 0, "num_statements": 74, "percent_covered": 0.0, "percent_covered_display": "0", "missing_lines": 74, "excluded_lines": 4, "percent_statements_covered": 0.0, "percent_statements_covered_display": "0"}, "missing_lines": [1, 2, 3, 4, 6, 8, 9, 10, 13, 14, 16, 17, 18, 21, 23, 24, 27, 28, 32, 34, 37, 40, 41, 44, 47, 48, 49, 52, 53, 54, 57, 58, 59, 64, 66, 67, 68, 71, 72, 73, 75, 79, 80, 81, 82, 83, 84, 87, 90, 91, 92, 95, 96, 97, 99, 100, 102, 103, 105, 107, 108, 109, 110, 111, 112, 113, 114, 115, 116, 117, 118, 119, 121, 123], "excluded_lines": [20, 122, 126, 127], "functions": {"load_config": {"executed_lines": [], "summary": {"covered_lines": 0, "num_statements": 7, "percent_covered": 0.0, "percent_covered_display": "0", "missing_lines": 7, "excluded_lines": 1, "percent_statements_covered": 0.0, "percent_statements_covered_display": "0"}, "missing_lines": [14, 16, 17, 18, 21, 23, 24], "excluded_lines": [20]}, "main": {"executed_lines": [], "summary": {"covered_lines": 0, "num_statements": 57, "percent_covered": 0.0, "percent_covered_display": "0", "missing_lines": 57, "excluded_lines": 1, "percent_statements_covered": 0.0, "percent_statements_covered_display": "0"}, "missing_lines": [28, 32, 34, 37, 40, 41, 44, 47, 48, 49, 52, 53, 54, 57, 58, 59, 64, 66, 67, 68, 71, 72, 73, 75, 79, 80, 81, 82, 83, 84, 87, 90, 91, 92, 95, 96, 97, 99, 100, 102, 103, 105, 107, 108, 109, 110, 111, 112, 113, 114, 115, 116, 117, 118, 119, 121, 123], "excluded_lines": [122]}, "": {"executed_lines": [], "summary": {"covered_lines": 0, "num_statements": 10, "percent_covered": 0.0, "percent_covered_display": "0", "missing_lines": 10, "excluded_lines": 2, "percent_statements_covered": 0.0, "percent_statements_covered_display": "0"}, "missing_lines": [1, 2, 3, 4, 6, 8, 9, 10, 13, 27], "excluded_lines": [126, 127]}}, "classes": {"": {"executed_lines": [], "summary": {"covered_lines": 0, "num_statements": 74, "percent_covered": 0.0, "percent_covered_display": "0", "missing_lines": 74, "excluded_lines": 4, "percent_statements_covered": 0.0, "percent_statements_covered_display": "0"}, "missing_lines": [1, 2, 3, 4, 6, 8, 9, 10, 13, 14, 16, 17, 18, 21, 23, 24, 27, 28, 32, 34, 37, 40, 41, 44, 47, 48, 49, 52, 53, 54, 57, 58, 59, 64, 66, 67, 68, 71, 72, 73, 75, 79, 80, 81, 82, 83, 84, 87, 90, 91, 92, 95, 96, 97, 99, 100, 102, 103, 105, 107, 108, 109, 110, 111, 112, 113, 114, 115, 116, 117, 118, 119, 121, 123], "excluded_lines": [20, 122, 126, 127]}}}, "src/retrocast/curation/filtering.py": {"executed_lines": [1, 3, 4, 5, 7, 10, 121, 145, 157], "summary": {"covered_lines": 9, "num_statements": 64, "percent_covered": 14.0625, "percent_covered_display": "14", "missing_lines": 55, "excluded_lines": 5, "percent_statements_covered": 14.0625, "percent_statements_covered_display": "14"}, "missing_lines": [37, 39, 41, 43, 45, 47, 54, 56, 57, 62, 65, 66, 67, 68, 70, 75, 78, 85, 86, 94, 101, 103, 106, 107, 113, 116, 118, 126, 127, 131, 132, 134, 135, 136, 138, 139, 142, 149, 150, 151, 152, 154, 169, 171, 172, 173, 174, 175, 178, 179, 180, 182, 186, 187, 191], "excluded_lines": [129, 140, 166, 183, 189], "functions": {"excise_reactions_from_route": {"executed_lines": [], "summary": {"covered_lines": 0, "num_statements": 11, "percent_covered": 0.0, "percent_covered_display": "0", "missing_lines": 11, "excluded_lines": 0, "percent_statements_covered": 0.0, "percent_statements_covered_display": "0"}, "missing_lines": [37, 39, 41, 43, 101, 103, 106, 107, 113, 116, 118], "excluded_lines": []}, "excise_reactions_from_route._rebuild": {"executed_lines": [], "summary": {"covered_lines": 0, "num_statements": 16, "percent_covered": 0.0, "percent_covered_display": "0", "missing_lines": 16, "excluded_lines": 0, "percent_statements_covered": 0.0, "percent_statements_covered_display": "0"}, "missing_lines": [45, 47, 54, 56, 57, 62, 65, 66, 67, 68, 70, 75, 78, 85, 86, 94], "excluded_lines": []}, "deduplicate_routes": {"executed_lines": [], "summary": {"covered_lines": 0, "num_statements": 10, "percent_covered": 0.0, "percent_covered_display": "0", "missing_lines": 10, "excluded_lines": 2, "percent_statements_covered": 0.0, "percent_statements_covered_display": "0"}, "missing_lines": [126, 127, 131, 132, 134, 135, 136, 138, 139, 142], "excluded_lines": [129, 140]}, "filter_by_route_type": {"executed_lin
[...]
"summary": {"covered_lines": 7, "num_statements": 7, "percent_covered": 100.0, "percent_covered_display": "100", "missing_lines": 0, "excluded_lines": 0, "percent_statements_covered": 100.0, "percent_statements_covered_display": "100"}, "missing_lines": [], "excluded_lines": []}}, "classes": {"": {"executed_lines": [1, 4, 5, 7, 8, 10, 11], "summary": {"covered_lines": 7, "num_statements": 7, "percent_covered": 100.0, "percent_covered_display": "100", "missing_lines": 0, "excluded_lines": 0, "percent_statements_covered": 100.0, "percent_statements_covered_display": "100"}, "missing_lines": [], "excluded_lines": []}}}, "src/retrocast/utils/serializers.py": {"executed_lines": [1, 2, 3, 4, 5, 7, 9, 12, 23, 24, 26, 27, 30, 32, 39, 40, 43, 44, 45, 47, 50, 51, 52, 54, 56, 59, 70, 71, 75, 76, 78, 81, 95, 96, 97, 103, 104, 105, 106, 107, 108, 109, 112, 114, 115, 116, 117, 120, 122, 123, 124, 125, 126, 127, 128, 129, 131, 132, 133, 136, 150, 151, 153, 154, 155, 157, 159, 160, 161, 162, 163, 164, 165, 166, 167, 168, 173, 184, 187, 198, 199, 200, 202, 203, 205, 207, 209, 210, 211], "summary": {"covered_lines": 89, "num_statements": 91, "percent_covered": 97.8021978021978, "percent_covered_display": "98", "missing_lines": 2, "excluded_lines": 1, "percent_statements_covered": 97.8021978021978, "percent_statements_covered_display": "98"}, "missing_lines": [169, 171], "excluded_lines": [101], "functions": {"_build_tree_recursive": {"executed_lines": [23, 24, 26, 27, 30, 32, 39, 40, 43, 44, 45, 47, 50, 51, 52, 54, 56], "summary": {"covered_lines": 17, "num_statements": 17, "percent_covered": 100.0, "percent_covered_display": "100", "missing_lines": 0, "excluded_lines": 0, "percent_statements_covered": 100.0, "percent_statements_covered_display": "100"}, "missing_lines": [], "excluded_lines": []}, "serialize_route": {"executed_lines": [70, 71, 75, 76, 78], "summary": {"covered_lines": 5, "num_statements": 5, "percent_covered": 100.0, "percent_covered_display": "100", "missing_lines": 0, "excluded_lines": 0, "percent_statements_covered": 100.0, "percent_statements_covered_display": "100"}, "missing_lines": [], "excluded_lines": []}, "serialize_and_save": {"executed_lines": [95, 96, 97, 103, 104, 105, 106, 107, 108, 109, 112, 114, 115, 116, 117], "summary": {"covered_lines": 15, "num_statements": 15, "percent_covered": 100.0, "percent_covered_display": "100", "missing_lines": 0, "excluded_lines": 1, "percent_statements_covered": 100.0, "percent_statements_covered_display": "100"}, "missing_lines": [], "excluded_lines": [101]}, "_get_multistepttl_advanced_scores": {"executed_lines": [122, 123, 124, 125, 126, 127, 128, 129, 131, 132, 133], "summary": {"covered_lines": 11, "num_statements": 11, "percent_covered": 100.0, "percent_covered_display": "100", "missing_lines": 0, "excluded_lines": 0, "percent_statements_covered": 100.0, "percent_statements_covered_display": "100"}, "missing_lines": [], "excluded_lines": []}, "serialize_multistepttl_target": {"executed_lines": [150, 151, 153, 154, 155, 157, 159, 160, 161, 162, 163, 164, 165, 166, 167, 168, 173, 184], "summary": {"covered_lines": 18, "num_statements": 20, "percent_covered": 90.0, "percent_covered_display": "90", "missing_lines": 2, "excluded_lines": 0, "percent_statements_covered": 90.0, "percent_statements_covered_display": "90"}, "missing_lines": [169, 171], "excluded_lines": []}, "serialize_multistepttl_directory": {"executed_lines": [198, 199, 200, 202, 203, 205, 207, 209, 210, 211], "summary": {"covered_lines": 10, "num_statements": 10, "percent_covered": 100.0, "percent_covered_display": "100", "missing_lines": 0, "excluded_lines": 0, "percent_statements_covered": 100.0, "percent_statements_covered_display": "100"}, "missing_lines": [], "excluded_lines": []}, "": {"executed_lines": [1, 2, 3, 4, 5, 7, 9, 12, 59, 81, 120, 136, 187], "summary": {"covered_lines": 13, "num_statements": 13, "percent_covered": 100.0, "percent_covered_display": "100", "missing_lines": 0, "excluded_lines": 0, "percent_statements_covered": 100.0, "percent_statements_covered_display": "100"}, "missing_lines": [], "excluded_lines": []}}, "classes": {"": {"executed_lines": [1, 2, 3, 4, 5, 7, 9, 12, 23, 24, 26, 27, 30, 32, 39, 40, 43, 44, 45, 47, 50, 51, 52, 54, 56, 59, 70, 71, 75, 76, 78, 81, 95, 96, 97, 103, 104, 105, 106, 107, 108, 109, 112, 114, 115, 116, 117, 120, 122, 123, 124, 125, 126, 127, 128, 129, 131, 132, 133, 136, 150, 151, 153, 154, 155, 157, 159, 160, 161, 162, 163, 164, 165, 166, 167, 168, 173, 184, 187, 198, 199, 200, 202, 203, 205, 207, 209, 210, 211], "summary": {"covered_lines": 89, "num_statements": 91, "percent_covered": 97.8021978021978, "percent_covered_display": "98", "missing_lines": 2, "excluded_lines": 1, "percent_statements_covered": 97.8021978021978, "percent_statements_covered_display": "98"}, "missing_lines": [169, 171], "excluded_lines": [101]}}}, "src/retrocast/visualization/model_performance.py": {"executed_lines": [], "summary": {"covered_lines": 0, "num_statements": 155, "percent_covered": 0.0, "percent_covered_display": "0", "missing_lines": 155, "excluded_lines": 0, "percent_statements_covered": 0.0, "percent_statements_covered_display": "0"}, "missing_lines": [1, 2, 4, 7, 13, 15, 16, 20, 21, 23, 24, 26, 27, 34, 36, 53, 58, 61, 71, 77, 78, 79, 84, 88, 97, 99, 102, 105, 108, 109, 110, 111, 113, 114, 116, 118, 134, 135, 136, 137, 140, 141, 143, 145, 146, 147, 148, 150, 151, 152, 153, 155, 156, 157, 158, 159, 161, 162, 163, 167, 169, 170, 171, 172, 174, 182, 203, 216, 218, 221, 228, 231, 239, 254, 255, 256, 257, 259, 260, 262, 264, 265, 266, 267, 268, 269, 271, 272, 273, 276, 277, 278, 279, 280, 281, 282, 284, 286, 288, 289, 290, 291, 294, 295, 296, 298, 306, 320, 332, 334, 337, 343, 346, 347, 350, 351, 353, 354, 355, 356, 357, 358, 360, 361, 362, 363, 368, 369, 370, 372, 387, 394, 396, 399, 405, 406, 407, 410, 411, 414, 416, 417, 418, 421, 422, 423, 427, 428, 433, 434, 435, 437, 455, 462, 464], "excluded_lines": [], "functions": {"_create_metric_trace": {"executed_lines": [], "summary": {"covered_lines": 0, "num_statements": 11, "percent_covered": 0.0, "percent_covered_display": "0", "missing_lines": 11, "excluded_lines": 0, "percent_statements_covered": 0.0, "percent_statements_covered_display": "0"}, "missing_lines": [13, 15, 16, 20, 21, 23, 24, 26, 27, 34, 36], "excluded_lines": []}, "plot_single_model_diagnostics": {"executed_lines": [], "summary": {"covered_lines": 0, "num_statements": 10, "percent_covered": 0.0, "percent_covered_display": "0", "missing_lines": 10, "excluded_lines": 0, "percent_statements_covered": 0.0, "percent_statements_covered_display": "0"}, "missing_lines": [58, 61, 71, 77, 78, 79, 84, 88, 97, 99], "excluded_lines": []}, "plot_multi_model_comparison": {"executed_lines": [], "summary": {"covered_lines": 0, "num_statements": 42, "percent_covered": 0.0, "percent_covered_display": "0", "missing_lines": 42, "excluded_lines": 0, "percent_statements_covered": 0.0, "percent_statements_covered_display": "0"}, "missing_lines": [105, 108, 109, 110, 111, 113, 114, 116, 118, 134, 135, 136, 137, 140, 141, 143, 145, 146, 147, 148, 150, 151, 152, 153, 155, 156, 157, 158, 159, 161, 162, 163, 167, 169, 170, 171, 172, 174, 182, 203, 216, 218], "excluded_lines": []}, "plot_overall_comparison": {"executed_lines": [], "summary": {"covered_lines": 0, "num_statements": 40, "percent_covered": 0.0, "percent_covered_display": "0", "missing_lines": 40, "excluded_lines": 0, "percent_statements_covered": 0.0, "percent_statements_covered_display": "0"}, "missing_lines": [228, 231, 239, 254, 255, 256, 257, 259, 260, 262, 264, 265, 266, 267, 268, 269, 271, 272, 273, 276, 277, 278, 279, 280, 281, 282, 284, 286, 288, 289, 290, 291, 294, 295, 296, 298, 306, 320, 332, 334], "excluded_lines": []}, "plot_probabilistic_ranking": {"executed_lines": [], "summary": {"covered_lines": 0, "num_statements": 22, "percent_covered": 0.0, "percent_covered_display": "0", "missing_lines": 22, "excluded_lines": 0, "percent_statements_covered": 0.0, "percent_statements_covered_display": "0"}, "missing_lines": [343, 346, 347, 350, 351, 353, 354, 355, 356, 357, 358, 360, 361, 362, 363, 368, 369, 370, 372, 387, 394, 396], "excluded_lines": []}, "plot_pairwise_matrix": {"executed_lines": [], "summary": {"covered_lines": 0, "num_statements": 21, "percent_covered": 0.0, "percent_covered_display": "0", "missing_lines": 21, "excluded_lines": 0, "percent_statements_covered": 0.0, "percent_statements_covered_display": "0"}, "missing_lines": [405, 406, 407, 410, 411, 414, 416, 417, 418, 421, 422, 423, 427, 428, 433, 434, 435, 437, 455, 462, 464], "excluded_lines": []}, "": {"executed_lines": [], "summary": {"covered_lines": 0, "num_statements": 9, "percent_covered": 0.0, "percent_covered_display": "0", "missing_lines": 9, "excluded_lines": 0, "percent_statements_covered": 0.0, "percent_statements_covered_display": "0"}, "missing_lines": [1, 2, 4, 7, 53, 102, 221, 337, 399], "excluded_lines": []}}, "classes": {"": {"executed_lines": [], "summary": {"covered_lines": 0, "num_statements": 155, "percent_covered": 0.0, "percent_covered_display": "0", "missing_lines": 155, "excluded_lines": 0, "percent_statements_covered": 0.0, "percent_statements_covered_display": "0"}, "missing_lines": [1, 2, 4, 7, 13, 15, 16, 20, 21, 23, 24, 26, 27, 34, 36, 53, 58, 61, 71, 77, 78, 79, 84, 88, 97, 99, 102, 105, 108, 109, 110, 111, 113, 114, 116, 118, 134, 135, 136, 137, 140, 141, 143, 145, 146, 147, 148, 150, 151, 152, 153, 155, 156, 157, 158, 159, 161, 162, 163, 167, 169, 170, 171, 172, 174, 182, 203, 216, 218, 221, 228, 231, 239, 254, 255, 256, 257, 259, 260, 262, 264, 265, 266, 267, 268, 269, 271, 272, 273, 276, 277, 278, 279, 280, 281, 282, 284, 286, 288, 289, 290, 291, 294, 295, 296, 298, 306, 320, 332, 334, 337, 343, 346, 347, 350, 351, 353, 354, 355, 356, 357, 358, 360, 361, 362, 363, 368, 369, 370, 372, 387, 394, 396, 399, 405, 406, 407, 410, 411, 414, 416, 417, 418, 421, 422, 423, 427, 428, 433, 434, 435, 437, 455, 462, 464], "excluded_lines": []}}}, "src/retrocast/visualization/report.py": {"executed_lines": [], "summary": {"covered_lines": 0, "num_statements": 34, "percent_covered": 0.0, "percent_covered_display": "0", "missing_lines": 34, "excluded_lines": 0, "percent_statements_covered": 0.0, "percent_statements_covered_display": "0"}, "missing_lines": [1, 4, 6, 9, 10, 11, 13, 14, 16, 17, 19, 21, 22, 25, 26, 28, 30, 31, 32, 33, 36, 37, 38, 39, 40, 42, 44, 47, 49, 59, 60, 61, 62, 64], "excluded_lines": [], "functions": {"format_metric_table": {"executed_lines": [], "summary": {"covered_lines": 0, "num_statements": 25, "percent_covered": 0.0, "percent_covered_display": "0", "missing_lines": 25, "excluded_lines": 0, "percent_statements_covered": 0.0, "percent_statements_covered_display": "0"}, "missing_lines": [6, 9, 10, 11, 13, 14, 16, 17, 19, 21, 22, 25, 26, 28, 30, 31, 32, 33, 36, 37, 38, 39, 40, 42, 44], "excluded_lines": []}, "generate_markdown_report": {"executed_lines": [], "summary": {"covered_lines": 0, "num_statements": 6, "percent_covered": 0.0, "percent_covered_display": "0", "missing_lines": 6, "excluded_lines": 0, "percent_statements_covered": 0.0, "percent_statements_covered_display": "0"}, "missing_lines": [49, 59, 60, 61, 62, 64], "excluded_lines": []}, "": {"executed_lines": [], "summary": {"covered_lines": 0, "num_statements": 3, "percent_covered": 0.0, "percent_covered_display": "0", "missing_lines": 3, "excluded_lines": 0, "percent_statements_covered": 0.0, "percent_statements_covered_display": "0"}, "missing_lines": [1, 4, 47], "excluded_lines": []}}, "classes": {"": {"executed_lines": [], "summary": {"covered_lines": 0, "num_statements": 34, "percent_covered": 0.0, "percent_covered_display": "0", "missing_lines": 34, "excluded_lines": 0, "percent_statements_covered": 0.0, "percent_statements_covered_display": "0"}, "missing_lines": [1, 4, 6, 9, 10, 11, 13, 14, 16, 17, 19, 21, 22, 25, 26, 28, 30, 31, 32, 33, 36, 37, 38, 39, 40, 42, 44, 47, 49, 59, 60, 61, 62, 64], "excluded_lines": []}}}, "src/retrocast/visualization/routes.py": {"executed_lines": [], "summary": {"covered_lines": 0, "num_statements": 66, "percent_covered": 0.0, "percent_covered_display": "0", "missing_lines": 66, "excluded_lines": 0, "percent_statements_covered": 0.0, "percent_statements_covered_display": "0"}, "missing_lines": [3, 4, 6, 7, 8, 10, 11, 14, 15, 18, 19, 20, 21, 22, 25, 35, 36, 37, 38, 47, 50, 61, 62, 63, 65, 69, 70, 86, 107, 108, 109, 112, 115, 116, 117, 118, 120, 121, 122, 123, 125, 126, 127, 128, 131, 132, 134, 147, 162, 163, 165, 179, 195, 198, 201, 202, 203, 206, 213, 214, 215, 216, 217, 218, 219, 220], "excluded_lines": [], "functions": {"extract_route_stats": {"executed_lines": [], "summary": {"covered_lines": 0, "num_statements": 5, "percent_covered": 0.0, "percent_covered_display": "0", "missing_lines": 5, "excluded_lines": 0, "percent_statements_covered": 0.0, "percent_statements_covered_display": "0"}, "missing_lines": [35, 36, 37, 38, 47], "excluded_lines": []}, "_add_violin_traces": {"executed_lines": [], "summary": {"covered_lines": 0, "num_statements": 6, "percent_covered": 0.0, "percent_covered_display": "0", "missing_lines": 6, "excluded_lines": 0, "percent_statements_covered": 0.0, "percent_statements_covered_display": "0"}, "missing_lines": [61, 62, 63, 65, 69, 70], "excluded_lines": []}, "create_route_comparison_figure": {"executed_lines": [], "summary": {"covered_lines": 0, "num_statements": 38, "percent_covered": 0.0, "percent_covered_display": "0", "missing_lines": 38, "excluded_lines": 0, "percent_statements_covered": 0.0, "percent_statements_covered_display": "0"}, "missing_lines": [107, 108, 109, 112, 115, 116, 117, 118, 120, 121, 122, 123, 125, 126, 127, 128, 131, 132, 134, 147, 162, 163, 165, 179, 195, 198, 201, 202, 203, 206, 213, 214, 215, 216, 217, 218, 219, 220], "excluded_lines": []}, "": {"executed_lines": [], "summary": {"covered_lines": 0, "num_statements": 17, "percent_covered": 0.0, "percent_covered_display": "0", "missing_lines": 17, "excluded_lines": 0, "percent_statements_covered": 0.0, "percent_statements_covered_display": "0"}, "missing_lines": [3, 4, 6, 7, 8, 10, 11, 14, 15, 18, 19, 20, 21, 22, 25, 50, 86], "excluded_lines": []}}, "classes": {"RouteStats": {"executed_lines": [], "summary": {"covered_lines": 0, "num_statements": 0, "percent_covered": 100.0, "percent_covered_display": "100", "missing_lines": 0, "excluded_lines": 0, "percent_statements_covered": 100.0, "percent_statements_covered_display": "100"}, "missing_lines": [], "excluded_lines": []}, "": {"executed_lines": [], "summary": {"covered_lines": 0, "num_statements": 66, "percent_covered": 0.0, "percent_covered_display": "0", "missing_lines": 66, "excluded_lines": 0, "percent_statements_covered": 0.0, "percent_statements_covered_display": "0"}, "missing_lines": [3, 4, 6, 7, 8, 10, 11, 14, 15, 18, 19, 20, 21, 22, 25, 35, 36, 37, 38, 47, 50, 61, 62, 63, 65, 69, 70, 86, 107, 108, 109, 112, 115, 116, 117, 118, 120, 121, 122, 123, 125, 126, 127, 128, 131, 132, 134, 147, 162, 163, 165, 179, 195, 198, 201, 202, 203, 206, 213, 214, 215, 216, 217, 218, 219, 220], "excluded_lines": []}}}, "src/retrocast/workflow/analyze.py": {"executed_lines": [], "summary": {"covered_lines": 0, "num_statements": 0, "percent_covered": 100.0, "percent_covered_display": "100", "missing_lines": 0, "excluded_lines": 0, "percent_statements_covered": 100.0, "percent_statements_covered_display": "100"}, "missing_lines": [], "excluded_lines": [], "functions": {"": {"executed_lines": [], "summary": {"covered_lines": 0, "num_statements": 0, "percent_covered": 100.0, "percent_covered_display": "100", "missing_lines": 0, "excluded_lines": 0, "percent_statements_covered": 100.0, "percent_statements_covered_display": "100"}, "missing_lines": [], "excluded_lines": []}}, "classes": {"": {"executed_lines": [], "summary": {"covered_lines": 0, "num_statements": 0, "percent_covered": 100.0, "percent_covered_display": "100", "missing_lines": 0, "excluded_lines": 0, "percent_statements_covered": 100.0, "percent_statements_covered_display": "100"}, "missing_lines": [], "excluded_lines": []}}}, "src/retrocast/workflow/ingest.py": {"executed_lines": [], "summary": {"covered_lines": 0, "num_statements": 54, "percent_covered": 0.0, "percent_covered_display": "0", "missing_lines": 54, "excluded_lines": 4, "percent_statements_covered": 0.0, "percent_statements_covered_display": "0"}, "missing_lines": [1, 2, 4, 6, 7, 8, 9, 10, 11, 12, 13, 15, 22, 38, 39, 40, 41, 42, 43, 46, 49, 58, 60, 63, 64, 67, 70, 72, 74, 75, 77, 80, 82, 83, 85, 87, 88, 89, 92, 94, 95, 96, 98, 101, 102, 103, 104, 107, 108, 110, 111, 112, 114, 121], "excluded_lines": [36, 44, 84, 116], "functions": {"ingest_model_predictions": {"executed_lines": [], "summary": {"covered_lines": 0, "num_statements": 41, "percent_covered": 0.0, "percent_covered_display": "0", "missing_lines": 41, "excluded_lines": 4, "percent_statements_covered": 0.0, "percent_statements_covered_display": "0"}, "missing_lines": [38, 39, 40, 41, 42, 43, 46, 49, 58, 60, 63, 64, 67, 70, 72, 74, 75, 77, 80, 82, 83, 85, 87, 88, 89, 92, 94, 95, 96, 98, 101, 102, 103, 104, 107, 108, 110, 111, 112, 114, 121], "excluded_lines": [36, 44, 84, 116]}, "": {"executed_lines": [], "summary": {"covered_lines": 0, "num_statements": 13, "percent_covered": 0.0, "percent_covered_display": "0", "missing_lines": 13, "excluded_lines": 0, "percent_statements_covered": 0.0, "percent_statements_covered_display": "0"}, "missing_lines": [1, 2, 4, 6, 7, 8, 9, 10, 11, 12, 13, 15, 22], "excluded_lines": []}}, "classes": {"": {"executed_lines": [], "summary": {"covered_lines": 0, "num_statements": 54, "percent_covered": 0.0, "percent_covered_display": "0", "missing_lines": 54, "excluded_lines": 4, "percent_statements_covered": 0.0, "percent_statements_covered_display": "0"}, "missing_lines": [1, 2, 4, 6, 7, 8, 9, 10, 11, 12, 13, 15, 22, 38, 39, 40, 41, 42, 43, 46, 49, 58, 60, 63, 64, 67, 70, 72, 74, 75, 77, 80, 82, 83, 85, 87, 88, 89, 92, 94, 95, 96, 98, 101, 102, 103, 104, 107, 108, 110, 111, 112, 114, 121], "excluded_lines": [36, 44, 84, 116]}}}, "src/retrocast/workflow/score.py": {"executed_lines": [], "summary": {"covered_lines": 0, "num_statements": 27, "percent_covered": 0.0, "percent_covered_display": "0", "missing_lines": 27, "excluded_lines": 1, "percent_statements_covered": 0.0, "percent_statements_covered_display": "0"}, "missing_lines": [1, 2, 3, 4, 5, 6, 7, 10, 15, 18, 19, 22, 24, 25, 27, 29, 31, 34, 36, 37, 38, 39, 42, 45, 47, 56, 58], "excluded_lines": [13], "functions": {"score_model": {"executed_lines": [], "summary": {"covered_lines": 0, "num_statements": 19, "percent_covered": 0.0, "percent_covered_display": "0", "missing_lines": 19, "excluded_lines": 1, "percent_statements_covered": 0.0, "percent_statements_covered_display": "0"}, "missing_lines": [15, 18, 19, 22, 24, 25, 27, 29, 31, 34, 36, 37, 38, 39, 42, 45, 47, 56, 58], "excluded_lines": [13]}, "": {"executed_lines": [], "summary": {"covered_lines": 0, "num_statements": 8, "percent_covered": 0.0, "percent_covered_display": "0", "missing_lines": 8, "excluded_lines": 0, "percent_statements_covered": 0.0, "percent_statements_covered_display": "0"}, "missing_lines": [1, 2, 3, 4, 5, 6, 7, 10], "excluded_lines": []}}, "classes": {"": {"executed_lines": [], "summary": {"covered_lines": 0, "num_statements": 27, "percent_covered": 0.0, "percent_covered_display": "0", "missing_lines": 27, "excluded_lines": 1, "percent_statements_covered": 0.0, "percent_statements_covered_display": "0"}, "missing_lines": [1, 2, 3, 4, 5, 6, 7, 10, 15, 18, 19, 22, 24, 25, 27, 29, 31, 34, 36, 37, 38, 39, 42, 45, 47, 56, 58], "excluded_lines": [13]}}}}, "totals": {"covered_lines": 1152, "num_statements": 2298, "percent_covered": 50.130548302872064, "percent_covered_display": "50", "missing_lines": 1146, "excluded_lines": 149, "percent_statements_covered": 50.130548302872064, "percent_statements_covered_display": "50"}}