{"meta": {"format": 3, "version": "7.11.0", "timestamp": "2025-11-18T02:32:49.496550", "branch_coverage": false, "show_contexts": false}, "files": {"src/retrocast/adapters/aizynth_adapter.py": {"executed_lines": [1, 3, 4, 6, 8, 9, 10, 11, 12, 18, 19, 21, 22, 25, 26, 28, 29, 32, 33, 35, 36, 40, 43, 44, 46, 49, 50, 52, 56, 57, 58, 59, 60, 62, 63, 64, 65, 66, 67, 68, 70, 76, 78, 79, 83, 84, 86], "summary": {"covered_lines": 38, "num_statements": 38, "percent_covered": 100.0, "percent_covered_display": "100", "missing_lines": 0, "excluded_lines": 4}, "missing_lines": [], "excluded_lines": [46, 59, 67, 83], "functions": {"AizynthAdapter.cast": {"executed_lines": [56, 57, 58, 59, 60, 62, 63, 64, 65, 66, 67, 68], "summary": {"covered_lines": 10, "num_statements": 10, "percent_covered": 100.0, "percent_covered_display": "100", "missing_lines": 0, "excluded_lines": 2}, "missing_lines": [], "excluded_lines": [59, 67]}, "AizynthAdapter._transform": {"executed_lines": [76, 78, 79, 83, 84, 86], "summary": {"covered_lines": 5, "num_statements": 5, "percent_covered": 100.0, "percent_covered_display": "100", "missing_lines": 0, "excluded_lines": 1}, "missing_lines": [], "excluded_lines": [83]}, "": {"executed_lines": [1, 3, 4, 6, 8, 9, 10, 11, 12, 18, 19, 21, 22, 25, 26, 28, 29, 32, 33, 35, 36, 40, 43, 44, 46, 49, 50, 52, 70], "summary": {"covered_lines": 23, "num_statements": 23, "percent_covered": 100.0, "percent_covered_display": "100", "missing_lines": 0, "excluded_lines": 1}, "missing_lines": [], "excluded_lines": [46]}}, "classes": {"AizynthBaseNode": {"executed_lines": [], "summary": {"covered_lines": 0, "num_statements": 0, "percent_covered": 100.0, "percent_covered_display": "100", "missing_lines": 0, "excluded_lines": 0}, "missing_lines": [], "excluded_lines": []}, "AizynthMoleculeInput": {"executed_lines": [], "summary": {"covered_lines": 0, "num_statements": 0, "percent_covered": 100.0, "percent_covered_display": "100", "missing_lines": 0, "excluded_lines": 0}, "missing_lines": [], "excluded_lines": []}, "AizynthReactionInput": {"executed_lines": [], "summary": {"covered_lines": 0, "num_statements": 0, "percent_covered": 100.0, "percent_covered_display": "100", "missing_lines": 0, "excluded_lines": 0}, "missing_lines": [], "excluded_lines": []}, "AizynthRouteList": {"executed_lines": [], "summary": {"covered_lines": 0, "num_statements": 0, "percent_covered": 100.0, "percent_covered_display": "100", "missing_lines": 0, "excluded_lines": 0}, "missing_lines": [], "excluded_lines": []}, "AizynthAdapter": {"executed_lines": [56, 57, 58, 59, 60, 62, 63, 64, 65, 66, 67, 68, 76, 78, 79, 83, 84, 86], "summary": {"covered_lines": 15, "num_statements": 15, "percent_covered": 100.0, "percent_covered_display": "100", "missing_lines": 0, "excluded_lines": 3}, "missing_lines": [], "excluded_lines": [59, 67, 83]}, "": {"executed_lines": [1, 3, 4, 6, 8, 9, 10, 11, 12, 18, 19, 21, 22, 25, 26, 28, 29, 32, 33, 35, 36, 40, 43, 44, 46, 49, 50, 52, 70], "summary": {"covered_lines": 23, "num_statements": 23, "percent_covered": 100.0, "percent_covered_display": "100", "missing_lines": 0, "excluded_lines": 1}, "missing_lines": [], "excluded_lines": [46]}}}, "src/retrocast/adapters/askcos_adapter.py": {"executed_lines": [1, 3, 4, 5, 7, 9, 10, 11, 12, 13, 14, 19, 20, 21, 24, 25, 26, 29, 30, 32, 35, 36, 38, 40, 42, 43, 46, 47, 50, 51, 52, 53, 56, 59, 60, 61, 64, 65, 66, 67, 70, 71, 74, 75, 78, 79, 81, 90, 92, 94, 97, 98, 99, 100, 101, 103, 106, 107, 115, 116, 117, 125, 126, 127, 128, 130, 140, 141, 142, 144, 145, 148, 156, 157, 161, 163, 165, 174, 175, 178, 179, 180, 182, 183, 184, 186, 187, 188, 191, 192, 201, 207, 217, 218, 221, 222, 223, 225, 226, 228, 229, 230, 237, 238, 241, 242, 243, 246, 247, 248, 250], "summary": {"covered_lines": 106, "num_statements": 109, "percent_covered": 97.24770642201835, "percent_covered_display": "97", "missing_lines": 3, "excluded_lines": 4}, "missing_lines": [146, 176, 219], "excluded_lines": [95, 100, 127, 189], "functions": {"AskcosModelMetadata.get_template": {"executed_lines": [42, 43], "summary": {"covered_lines": 2, "num_statements": 2, "percent_covered": 100.0, "percent_covered_display": "100", "missing_lines": 0, "excluded_lines": 0}, "missing_lines": [], "excluded_lines": []}, "AskcosAdapter.__init__": {"executed_lines": [90], "summary": {"covered_lines": 1, "num_statements": 1, "percent_covered": 100.0, "percent_covered_display": "100", "missing_lines": 0, "excluded_lines": 0}, "missing_lines": [], "excluded_lines": []}, "AskcosAdapter.cast": {"executed_lines": [94, 97, 98, 99, 100, 101, 103, 106, 107, 115, 116, 117, 125, 126, 127, 128], "summary": {"covered_lines": 14, "num_statements": 14, "percent_covered": 100.0, "percent_covered_display": "100", "missing_lines": 0, "excluded_lines": 3}, "missing_lines": [], "excluded_lines": [95, 100, 127]}, "AskcosAdapter._transform_pathway": {"executed_lines": [140, 141, 142, 144, 145, 148, 156, 157, 161, 163], "summary": {"covered_lines": 10, "num_statements": 11, "percent_covered": 90.9090909090909, "percent_covered_display": "91", "missing_lines": 1, "excluded_lines": 0}, "missing_lines": [146], "excluded_lines": []}, "AskcosAdapter._build_molecule": {"executed_lines": [174, 175, 178, 179, 180, 182, 183, 184, 186, 187, 188, 191, 192, 201], "summary": {"covered_lines": 14, "num_statements": 15, "percent_covered": 93.33333333333333, "percent_covered_display": "93", "missing_lines": 1, "excluded_lines": 1}, "missing_lines": [176], "excluded_lines": [189]}, "AskcosAdapter._build_reaction_step": {"executed_lines": [217, 218, 221, 222, 223, 225, 226, 228, 229, 230, 237, 238, 241, 242, 243, 246, 247, 248, 250], "summary": {"covered_lines": 19, "num_statements": 20, "percent_covered": 95.0, "percent_covered_display": "95", "missing_lines": 1, "excluded_lines": 0}, "missing_lines": [219], "excluded_lines": []}, "": {"executed_lines": [1, 3, 4, 5, 7, 9, 10, 11, 12, 13, 14, 19, 20, 21, 24, 25, 26, 29, 30, 32, 35, 36, 38, 40, 46, 47, 50, 51, 52, 53, 56, 59, 60, 61, 64, 65, 66, 67, 70, 71, 74, 75, 78, 79, 81, 92, 130, 165, 207], "summary": {"covered_lines": 46, "num_statements": 46, "percent_covered": 100.0, "percent_covered_display": "100", "missing_lines": 0, "excluded_lines": 0}, "missing_lines": [], "excluded_lines": []}}, "classes": {"AskcosBaseNode": {"executed_lines": [], "summary": {"covered_lines": 0, "num_statements": 0, "percent_covered": 100.0, "percent_covered_display": "100", "missing_lines": 0, "excluded_lines": 0}, "missing_lines": [], "excluded_lines": []}, "AskcosChemicalNode": {"executed_lines": [], "summary": {"covered_lines": 0, "num_statements": 0, "percent_covered": 100.0, "percent_covered_display": "100", "missing_lines": 0, "excluded_lines": 0}, "missing_lines": [], "excluded_lines": []}, "AskcosTemplateSource": {"executed_lines": [], "summary": {"covered_lines": 0, "num_statements": 0, "percent_covered": 100.0, "percent_covered_display": "100", "missing_lines": 0, "excluded_lines": 0}, "missing_lines": [], "excluded_lines": []}, "AskcosModelMetadata": {"executed_lines": [42, 43], "summary": {"covered_lines": 2, "num_statements": 2, "percent_covered": 100.0, "percent_covered_display": "100", "missing_lines": 0, "excluded_lines": 0}, "missing_lines": [], "excluded_lines": []}, "AskcosReactionProperties": {"executed_lines": [], "summary": {"covered_lines": 0, "num_statements": 0, "percent_covered": 100.0, "percent_covered_display": "100", "missing_lines": 0, "excluded_lines": 0}, "missing_lines": [], "excluded_lines": []}, "AskcosReactionNode": {"executed_lines": [], "summary": {"covered_lines": 0, "num_statements": 0, "percent_covered": 100.0, "percent_covered_display": "100", "missing_lines": 0, "excluded_lines": 0}, "missing_lines": [], "excluded_lines": []}, "AskcosPathwayEdge": {"executed_lines": [], "summary": {"covered_lines": 0, "num_statements": 0, "percent_covered": 100.0, "percent_covered_display": "100", "missing_lines": 0, "excluded_lines": 0}, "missing_lines": [], "excluded_lines": []}, "AskcosUDS": {"executed_lines": [], "summary": {"covered_lines": 0, "num_statements": 0, "percent_covered": 100.0, "percent_covered_display": "100", "missing_lines": 0, "excluded_lines": 0}, "missing_lines": [], "excluded_lines": []}, "AskcosResults": {"executed_lines": [], "summary": {"covered_lines": 0, "num_statements": 0, "percent_covered": 100.0, "percent_covered_display": "100", "missing_lines": 0, "excluded_lines": 0}, "missing_lines": [], "excluded_lines": []}, "AskcosOutput": {"executed_lines": [], "summary": {"covered_lines": 0, "num_statements": 0, "percent_covered": 100.0, "percent_covered_display": "100", "missing_lines": 0, "excluded_lines": 0}, "missing_lines": [], "excluded_lines": []}, "AskcosAdapter": {"executed_lines": [90, 94, 97, 98, 99, 100, 101, 103, 106, 107, 115, 116, 117, 125, 126, 127, 128, 140, 141, 142, 144, 145, 148, 156, 157, 161, 163, 174, 175, 178, 179, 180, 182, 183, 184, 186, 187, 188, 191, 192, 201, 217, 218, 221, 222, 223, 225, 226, 228, 229, 230, 237, 238, 241, 242, 243, 246, 247, 248, 250], "summary": {"covered_lines": 58, "num_statements": 61, "percent_covered": 95.08196721311475, "percent_covered_display": "95", "missing_lines": 3, "excluded_lines": 4}, "missing_lines": [146, 176, 219], "excluded_lines": [95, 100, 127, 189]}, "": {"executed_lines": [1, 3, 4, 5, 7, 9, 10, 11, 12, 13, 14, 19, 20, 21, 24, 25, 26, 29, 30, 32, 35, 36, 38, 40, 46, 47, 50, 51, 52, 53, 56, 59, 60, 61, 64, 65, 66, 67, 70, 71, 74, 75, 78, 79, 81, 92, 130, 165, 207], "summary": {"covered_lines": 46, "num_statements": 46, "percent_covered": 100.0, "percent_covered_display": "100", "missing_lines": 0, "excluded_lines": 0}, "missing_lines": [], "excluded_lines": []}}}, "src/retrocast/adapters/base_adapter.py": {"executed_lines": [1, 2, 3, 5, 8, 9, 16, 17], "summary": {"covered_lines": 7, "num_statements": 7, "percent_covered": 100.0, "percent_covered_display": "100", "missing_lines": 0, "excluded_lines": 1}, "missing_lines": [], "excluded_lines": [43], "functions": {"BaseAdapter.cast": {"executed_lines": [], "summary": {"covered_lines": 0, "num_statements": 0, "percent_covered": 100.0, "percent_covered_display": "100", "missing_lines": 0, "excluded_lines": 1}, "missing_lines": [], "excluded_lines": [43]}, "": {"executed_lines": [1, 2, 3, 5, 8, 9, 16, 17], "summary": {"covered_lines": 7, "num_statements": 7, "percent_covered": 100.0, "percent_covered_display": "100", "missing_lines": 0, "excluded_lines": 0}, "missing_lines": [], "excluded_lines": []}}, "classes": {"BaseAdapter": {"executed_lines": [], "summary": {"covered_lines": 0, "num_statements": 0, "percent_covered": 100.0, "percent_covered_display": "100", "missing_lines": 0, "excluded_lines": 1}, "missing_lines": [], "excluded_lines": [43]}, "": {"executed_lines": [1, 2, 3, 5, 8, 9, 16, 17], "summary": {"covered_lines": 7, "num_statements": 7, "percent_covered": 100.0, "percent_covered_display": "100", "missing_lines": 0, "excluded_lines": 0}, "missing_lines": [], "excluded_lines": []}}}, "src/retrocast/adapters/common.py": {"executed_lines": [1, 3, 4, 5, 6, 7, 9, 15, 16, 24, 25, 27, 28, 30, 31, 33, 34, 37, 38, 43, 44, 46, 47, 49, 50, 58, 75, 76, 79, 80, 81, 88, 89, 91, 93, 101, 102, 104, 105, 110, 113, 122, 130, 141, 144, 145, 147, 148, 156, 161, 162, 163, 166, 167, 168, 169, 172, 173, 174, 177, 186], "summary": {"covered_lines": 58, "num_statements": 59, "percent_covered": 98.30508474576271, "percent_covered_display": "98", "missing_lines": 1, "excluded_lines": 2}, "missing_lines": [142], "excluded_lines": [80, 157], "functions": {"BipartiteMolNode.type": {"executed_lines": [25], "summary": {"covered_lines": 1, "num_statements": 1, "percent_covered": 100.0, "percent_covered_display": "100", "missing_lines": 0, "excluded_lines": 0}, "missing_lines": [], "excluded_lines": []}, "BipartiteMolNode.smiles": {"executed_lines": [28], "summary": {"covered_lines": 1, "num_statements": 1, "percent_covered": 100.0, "percent_covered_display": "100", "missing_lines": 0, "excluded_lines": 0}, "missing_lines": [], "excluded_lines": []}, "BipartiteMolNode.children": {"executed_lines": [31], "summary": {"covered_lines": 1, "num_statements": 1, "percent_covered": 100.0, "percent_covered_display": "100", "missing_lines": 0, "excluded_lines": 0}, "missing_lines": [], "excluded_lines": []}, "BipartiteMolNode.in_stock": {"executed_lines": [34], "summary": {"covered_lines": 1, "num_statements": 1, "percent_covered": 100.0, "percent_covered_display": "100", "missing_lines": 0, "excluded_lines": 0}, "missing_lines": [], "excluded_lines": []}, "BipartiteRxnNode.type": {"executed_lines": [44], "summary": {"covered_lines": 1, "num_statements": 1, "percent_covered": 100.0, "percent_covered_display": "100", "missing_lines": 0, "excluded_lines": 0}, "missing_lines": [], "excluded_lines": []}, "BipartiteRxnNode.children": {"executed_lines": [47], "summary": {"covered_lines": 1, "num_statements": 1, "percent_covered": 100.0, "percent_covered_display": "100", "missing_lines": 0, "excluded_lines": 0}, "missing_lines": [], "excluded_lines": []}, "BipartiteRxnNode.metadata": {"executed_lines": [50], "summary": {"covered_lines": 1, "num_statements": 1, "percent_covered": 100.0, "percent_covered_display": "100", "missing_lines": 0, "excluded_lines": 0}, "missing_lines": [], "excluded_lines": []}, "build_molecule_from_precursor_map": {"executed_lines": [75, 76, 79, 80, 81, 88, 89, 91, 93, 101, 102, 104, 105, 110, 113, 122], "summary": {"covered_lines": 15, "num_statements": 15, "percent_covered": 100.0, "percent_covered_display": "100", "missing_lines": 0, "excluded_lines": 1}, "missing_lines": [], "excluded_lines": [80]}, "build_molecule_from_bipartite_node": {"executed_lines": [141, 144, 145, 147, 148, 156, 161, 162, 163, 166, 167, 168, 169, 172, 173, 174, 177, 186], "summary": {"covered_lines": 18, "num_statements": 19, "percent_covered": 94.73684210526316, "percent_covered_display": "95", "missing_lines": 1, "excluded_lines": 1}, "missing_lines": [142], "excluded_lines": [157]}, "": {"executed_lines": [1, 3, 4, 5, 6, 7, 9, 15, 16, 24, 27, 30, 33, 37, 38, 43, 46, 49, 58, 130], "summary": {"covered_lines": 18, "num_statements": 18, "percent_covered": 100.0, "percent_covered_display": "100", "missing_lines": 0, "excluded_lines": 0}, "missing_lines": [], "excluded_lines": []}}, "classes": {"BipartiteMolNode": {"executed_lines": [25, 28, 31, 34], "summary": {"covered_lines": 4, "num_statements": 4, "percent_covered": 100.0, "percent_covered_display": "100", "missing_lines": 0, "excluded_lines": 0}, "missing_lines": [], "excluded_lines": []}, "BipartiteRxnNode": {"executed_lines": [44, 47, 50], "summary": {"covered_lines": 3, "num_statements": 3, "percent_covered": 100.0, "percent_covered_display": "100", "missing_lines": 0, "excluded_lines": 0}, "missing_lines": [], "excluded_lines": []}, "": {"executed_lines": [1, 3, 4, 5, 6, 7, 9, 15, 16, 24, 27, 30, 33, 37, 38, 43, 46, 49, 58, 75, 76, 79, 80, 81, 88, 89, 91, 93, 101, 102, 104, 105, 110, 113, 122, 130, 141, 144, 145, 147, 148, 156, 161, 162, 163, 166, 167, 168, 169, 172, 173, 174, 177, 186], "summary": {"covered_lines": 51, "num_statements": 52, "percent_covered": 98.07692307692308, "percent_covered_display": "98", "missing_lines": 1, "excluded_lines": 2}, "missing_lines": [142], "excluded_lines": [80, 157]}}}, "src/retrocast/adapters/dms_adapter.py": {"executed_lines": [1, 2, 4, 6, 7, 8, 9, 10, 11, 14, 15, 22, 23, 26, 27, 31, 34, 35, 37, 41, 43, 44, 45, 46, 49, 50, 52, 53, 54, 56, 57, 59, 65, 68, 70, 74, 75, 77, 79, 84, 85, 87, 89, 90, 92, 93, 95, 97, 105, 106, 107, 108, 111, 119, 126, 127, 134, 135, 137, 138, 139, 140, 142], "summary": {"covered_lines": 56, "num_statements": 56, "percent_covered": 100.0, "percent_covered_display": "100", "missing_lines": 0, "excluded_lines": 4}, "missing_lines": [], "excluded_lines": [31, 45, 56, 74], "functions": {"DMSAdapter.cast": {"executed_lines": [41, 43, 44, 45, 46, 49, 50, 52, 53, 54, 56, 57], "summary": {"covered_lines": 10, "num_statements": 10, "percent_covered": 100.0, "percent_covered_display": "100", "missing_lines": 0, "excluded_lines": 2}, "missing_lines": [], "excluded_lines": [45, 56]}, "DMSAdapter._transform": {"executed_lines": [65, 68, 70, 74, 75, 77], "summary": {"covered_lines": 5, "num_statements": 5, "percent_covered": 100.0, "percent_covered_display": "100", "missing_lines": 0, "excluded_lines": 1}, "missing_lines": [], "excluded_lines": [74]}, "DMSAdapter._build_molecule": {"executed_lines": [84, 85, 87, 89, 90, 92, 93, 95, 97, 105, 106, 107, 108, 111, 119], "summary": {"covered_lines": 15, "num_statements": 15, "percent_covered": 100.0, "percent_covered_display": "100", "missing_lines": 0, "excluded_lines": 0}, "missing_lines": [], "excluded_lines": []}, "DMSAdapter.calculate_route_length": {"executed_lines": [134, 135, 137, 138, 139, 140, 142], "summary": {"covered_lines": 7, "num_statements": 7, "percent_covered": 100.0, "percent_covered_display": "100", "missing_lines": 0, "excluded_lines": 0}, "missing_lines": [], "excluded_lines": []}, "": {"executed_lines": [1, 2, 4, 6, 7, 8, 9, 10, 11, 14, 15, 22, 23, 26, 27, 31, 34, 35, 37, 59, 79, 126, 127], "summary": {"covered_lines": 19, "num_statements": 19, "percent_covered": 100.0, "percent_covered_display": "100", "missing_lines": 0, "excluded_lines": 1}, "missing_lines": [], "excluded_lines": [31]}}, "classes": {"DMSTree": {"executed_lines": [], "summary": {"covered_lines": 0, "num_statements": 0, "percent_covered": 100.0, "percent_covered_display": "100", "missing_lines": 0, "excluded_lines": 0}, "missing_lines": [], "excluded_lines": []}, "DMSRouteList": {"executed_lines": [], "summary": {"covered_lines": 0, "num_statements": 0, "percent_covered": 100.0, "percent_covered_display": "100", "missing_lines": 0, "excluded_lines": 0}, "missing_lines": [], "excluded_lines": []}, "DMSAdapter": {"executed_lines": [41, 43, 44, 45, 46, 49, 50, 52, 53, 54, 56, 57, 65, 68, 70, 74, 75, 77, 84, 85, 87, 89, 90, 92, 93, 95, 97, 105, 106, 107, 108, 111, 119, 134, 135, 137, 138, 139, 140, 142], "summary": {"covered_lines": 37, "num_statements": 37, "percent_covered": 100.0, "percent_covered_display": "100", "missing_lines": 0, "excluded_lines": 3}, "missing_lines": [], "excluded_lines": [45, 56, 74]}, "": {"executed_lines": [1, 2, 4, 6, 7, 8, 9, 10, 11, 14, 15, 22, 23, 26, 27, 31, 34, 35, 37, 59, 79, 126, 127], "summary": {"covered_lines": 19, "num_statements": 19, "percent_covered": 100.0, "percent_covered_display": "100", "missing_lines": 0, "excluded_lines": 1}, "missing_lines": [], "excluded_lines": [31]}}}, "src/retrocast/adapters/dreamretro_adapter.py": {"executed_lines": [1, 3, 4, 6, 7, 8, 9, 10, 11, 12, 15, 16, 18, 22, 23, 26, 28, 29, 30, 32, 33, 39, 40, 41, 42, 43, 44, 46, 53, 54, 55, 58, 62, 63, 64, 65, 66, 67, 68, 70, 71, 72, 73, 75, 77, 78, 79, 81, 82, 83, 87, 91, 93, 94, 98, 101, 104, 110], "summary": {"covered_lines": 54, "num_statements": 59, "percent_covered": 91.52542372881356, "percent_covered_display": "92", "missing_lines": 5, "excluded_lines": 4}, "missing_lines": [37, 56, 59, 60, 74], "excluded_lines": [23, 29, 34, 43], "functions": {"DreamRetroAdapter.cast": {"executed_lines": [22, 23, 26, 28, 29, 30, 32, 33, 39, 40, 41, 42, 43, 44], "summary": {"covered_lines": 11, "num_statements": 12, "percent_covered": 91.66666666666667, "percent_covered_display": "92", "missing_lines": 1, "excluded_lines": 4}, "missing_lines": [37], "excluded_lines": [23, 29, 34, 43]}, "DreamRetroAdapter._parse_route_string": {"executed_lines": [53, 54, 55, 58, 62, 63, 64, 65, 66, 67, 68, 70, 71, 72, 73, 75, 77, 78, 79, 81, 82, 83], "summary": {"covered_lines": 22, "num_statements": 26, "percent_covered": 84.61538461538461, "percent_covered_display": "85", "missing_lines": 4, "excluded_lines": 0}, "missing_lines": [56, 59, 60, 74], "excluded_lines": []}, "DreamRetroAdapter._transform": {"executed_lines": [91, 93, 94, 98, 101, 104, 110], "summary": {"covered_lines": 7, "num_statements": 7, "percent_covered": 100.0, "percent_covered_display": "100", "missing_lines": 0, "excluded_lines": 0}, "missing_lines": [], "excluded_lines": []}, "": {"executed_lines": [1, 3, 4, 6, 7, 8, 9, 10, 11, 12, 15, 16, 18, 46, 87], "summary": {"covered_lines": 14, "num_statements": 14, "percent_covered": 100.0, "percent_covered_display": "100", "missing_lines": 0, "excluded_lines": 0}, "missing_lines": [], "excluded_lines": []}}, "classes": {"DreamRetroAdapter": {"executed_lines": [22, 23, 26, 28, 29, 30, 32, 33, 39, 40, 41, 42, 43, 44, 53, 54, 55, 58, 62, 63, 64, 65, 66, 67, 68, 70, 71, 72, 73, 75, 77, 78, 79, 81, 82, 83, 91, 93, 94, 98, 101, 104, 110], "summary": {"covered_lines": 40, "num_statements": 45, "percent_covered": 88.88888888888889, "percent_covered_display": "89", "missing_lines": 5, "excluded_lines": 4}, "missing_lines": [37, 56, 59, 60, 74], "excluded_lines": [23, 29, 34, 43]}, "": {"executed_lines": [1, 3, 4, 6, 7, 8, 9, 10, 11, 12, 15, 16, 18, 46, 87], "summary": {"covered_lines": 14, "num_statements": 14, "percent_covered": 100.0, "percent_covered_display": "100", "missing_lines": 0, "excluded_lines": 0}, "missing_lines": [], "excluded_lines": []}}}, "src/retrocast/adapters/factory.py": {"executed_lines": [1, 2, 3, 4, 5, 6, 7, 8, 9, 10, 11, 12, 13, 15, 30, 34, 35, 36, 37], "summary": {"covered_lines": 19, "num_statements": 19, "percent_covered": 100.0, "percent_covered_display": "100", "missing_lines": 0, "excluded_lines": 0}, "missing_lines": [], "excluded_lines": [], "functions": {"get_adapter": {"executed_lines": [34, 35, 36, 37], "summary": {"covered_lines": 4, "num_statements": 4, "percent_covered": 100.0, "percent_covered_display": "100", "missing_lines": 0, "excluded_lines": 0}, "missing_lines": [], "excluded_lines": []}, "": {"executed_lines": [1, 2, 3, 4, 5, 6, 7, 8, 9, 10, 11, 12, 13, 15, 30], "summary": {"covered_lines": 15, "num_statements": 15, "percent_covered": 100.0, "percent_covered_display": "100", "missing_lines": 0, "excluded_lines": 0}, "missing_lines": [], "excluded_lines": []}}, "classes": {"": {"executed_lines": [1, 2, 3, 4, 5, 6, 7, 8, 9, 10, 11, 12, 13, 15, 30, 34, 35, 36, 37], "summary": {"covered_lines": 19, "num_statements": 19, "percent_covered": 100.0, "percent_covered_display": "100", "missing_lines": 0, "excluded_lines": 0}, "missing_lines": [], "excluded_lines": []}}}, "src/retrocast/adapters/multistepttl_adapter.py": {"executed_lines": [1, 3, 4, 6, 8, 9, 10, 11, 12, 15, 16, 17, 20, 21, 22, 25, 26, 29, 30, 32, 36, 37, 38, 39, 42, 44, 45, 46, 47, 48, 49, 50, 52, 57, 67, 68, 69, 74, 75, 77, 79, 84, 85, 86, 87, 88, 89, 91, 96, 98, 102, 103, 111, 114, 115, 117, 119], "summary": {"covered_lines": 54, "num_statements": 57, "percent_covered": 94.73684210526316, "percent_covered_display": "95", "missing_lines": 3, "excluded_lines": 2}, "missing_lines": [59, 65, 99], "excluded_lines": [39, 49], "functions": {"TtlRetroAdapter.cast": {"executed_lines": [36, 37, 38, 39, 42, 44, 45, 46, 47, 48, 49, 50], "summary": {"covered_lines": 10, "num_statements": 10, "percent_covered": 100.0, "percent_covered_display": "100", "missing_lines": 0, "excluded_lines": 2}, "missing_lines": [], "excluded_lines": [39, 49]}, "TtlRetroAdapter._transform": {"executed_lines": [57, 67, 68, 69, 74, 75, 77], "summary": {"covered_lines": 7, "num_statements": 9, "percent_covered": 77.77777777777777, "percent_covered_display": "78", "missing_lines": 2, "excluded_lines": 0}, "missing_lines": [59, 65], "excluded_lines": []}, "TtlRetroAdapter._build_precursor_map": {"executed_lines": [84, 85, 86, 87, 88, 89], "summary": {"covered_lines": 6, "num_statements": 6, "percent_covered": 100.0, "percent_covered_display": "100", "missing_lines": 0, "excluded_lines": 0}, "missing_lines": [], "excluded_lines": []}, "TtlRetroAdapter._build_molecule": {"executed_lines": [96, 98, 102, 103, 111, 114, 115, 117, 119], "summary": {"covered_lines": 9, "num_statements": 10, "percent_covered": 90.0, "percent_covered_display": "90", "missing_lines": 1, "excluded_lines": 0}, "missing_lines": [99], "excluded_lines": []}, "": {"executed_lines": [1, 3, 4, 6, 8, 9, 10, 11, 12, 15, 16, 17, 20, 21, 22, 25, 26, 29, 30, 32, 52, 79, 91], "summary": {"covered_lines": 22, "num_statements": 22, "percent_covered": 100.0, "percent_covered_display": "100", "missing_lines": 0, "excluded_lines": 0}, "missing_lines": [], "excluded_lines": []}}, "classes": {"TtlReaction": {"executed_lines": [], "summary": {"covered_lines": 0, "num_statements": 0, "percent_covered": 100.0, "percent_covered_display": "100", "missing_lines": 0, "excluded_lines": 0}, "missing_lines": [], "excluded_lines": []}, "TtlRoute": {"executed_lines": [], "summary": {"covered_lines": 0, "num_statements": 0, "percent_covered": 100.0, "percent_covered_display": "100", "missing_lines": 0, "excluded_lines": 0}, "missing_lines": [], "excluded_lines": []}, "TtlRouteList": {"executed_lines": [], "summary": {"covered_lines": 0, "num_statements": 0, "percent_covered": 100.0, "percent_covered_display": "100", "missing_lines": 0, "excluded_lines": 0}, "missing_lines": [], "excluded_lines": []}, "TtlRetroAdapter": {"executed_lines": [36, 37, 38, 39, 42, 44, 45, 46, 47, 48, 49, 50, 57, 67, 68, 69, 74, 75, 77, 84, 85, 86, 87, 88, 89, 96, 98, 102, 103, 111, 114, 115, 117, 119], "summary": {"covered_lines": 32, "num_statements": 35, "percent_covered": 91.42857142857143, "percent_covered_display": "91", "missing_lines": 3, "excluded_lines": 2}, "missing_lines": [59, 65, 99], "excluded_lines": [39, 49]}, "": {"executed_lines": [1, 3, 4, 6, 8, 9, 10, 11, 12, 15, 16, 17, 20, 21, 22, 25, 26, 29, 30, 32, 52, 79, 91], "summary": {"covered_lines": 22, "num_statements": 22, "percent_covered": 100.0, "percent_covered_display": "100", "missing_lines": 0, "excluded_lines": 0}, "missing_lines": [], "excluded_lines": []}}}, "src/retrocast/adapters/paroutes_adapter.py": {"executed_lines": [1, 3, 4, 5, 6, 8, 10, 11, 12, 13, 14, 21, 22, 23, 26, 27, 28, 31, 32, 33, 36, 37, 38, 39, 42, 45, 46, 49, 50, 52, 53, 55, 57, 58, 60, 62, 63, 64, 66, 67, 71, 72, 73, 75, 78, 79, 80, 83, 84, 85, 89, 90, 91, 93, 94, 96, 100, 102, 103, 104, 105, 108, 109, 110, 113, 114, 115, 116, 117, 118, 120, 123, 124, 125, 126, 127, 128, 130, 135, 137, 138, 142, 143, 146, 148, 150, 154, 157, 158, 160, 161, 169, 174, 175, 179, 180, 181, 182, 185, 186, 189, 190, 198, 205], "summary": {"covered_lines": 99, "num_statements": 109, "percent_covered": 90.8256880733945, "percent_covered_display": "91", "missing_lines": 10, "excluded_lines": 10}, "missing_lines": [68, 121, 155, 176, 207, 208, 211, 212, 214, 215], "excluded_lines": [69, 104, 110, 127, 142, 170, 210, 213, 216, 217], "functions": {"PaRoutesAdapter.__init__": {"executed_lines": [57, 58], "summary": {"covered_lines": 2, "num_statements": 2, "percent_covered": 100.0, "percent_covered_display": "100", "missing_lines": 0, "excluded_lines": 0}, "missing_lines": [], "excluded_lines": []}, "PaRoutesAdapter._get_patent_ids": {"executed_lines": [62, 63, 64, 66, 67, 71, 72, 73], "summary": {"covered_lines": 8, "num_statements": 9, "percent_covered": 88.88888888888889, "percent_covered_display": "89", "missing_lines": 1, "excluded_lines": 1}, "missing_lines": [68], "excluded_lines": [69]}, "PaRoutesAdapter._get_year_from_patent_id": {"executed_lines": [78, 79, 80, 83, 84, 85, 89, 90, 91, 93, 94], "summary": {"covered_lines": 11, "num_statements": 11, "percent_covered": 100.0, "percent_covered_display": "100", "missing_lines": 0, "excluded_lines": 0}, "missing_lines": [], "excluded_lines": []}, "PaRoutesAdapter.cast": {"executed_lines": [100, 102, 103, 104, 105, 108, 109, 110, 113, 114, 115, 116, 117, 118, 120, 123, 124, 125, 126, 127, 128], "summary": {"covered_lines": 18, "num_statements": 19, "percent_covered": 94.73684210526316, "percent_covered_display": "95", "missing_lines": 1, "excluded_lines": 3}, "missing_lines": [121], "excluded_lines": [104, 110, 127]}, "PaRoutesAdapter._transform": {"executed_lines": [135, 137, 138, 142, 143, 146, 148], "summary": {"covered_lines": 6, "num_statements": 6, "percent_covered": 100.0, "percent_covered_display": "100", "missing_lines": 0, "excluded_lines": 1}, "missing_lines": [], "excluded_lines": [142]}, "PaRoutesAdapter._build_molecule": {"executed_lines": [154, 157, 158, 160, 161, 169, 174, 175, 179, 180, 181, 182, 185, 186, 189, 190, 198], "summary": {"covered_lines": 17, "num_statements": 19, "percent_covered": 89.47368421052632, "percent_covered_display": "89", "missing_lines": 2, "excluded_lines": 1}, "missing_lines": [155, 176], "excluded_lines": [170]}, "PaRoutesAdapter.report_statistics": {"executed_lines": [], "summary": {"covered_lines": 0, "num_statements": 6, "percent_covered": 0.0, "percent_covered_display": "0", "missing_lines": 6, "excluded_lines": 4}, "missing_lines": [207, 208, 211, 212, 214, 215], "excluded_lines": [210, 213, 216, 217]}, "": {"executed_lines": [1, 3, 4, 5, 6, 8, 10, 11, 12, 13, 14, 21, 22, 23, 26, 27, 28, 31, 32, 33, 36, 37, 38, 39, 42, 45, 46, 49, 50, 52, 53, 55, 60, 75, 96, 130, 150, 205], "summary": {"covered_lines": 37, "num_statements": 37, "percent_covered": 100.0, "percent_covered_display": "100", "missing_lines": 0, "excluded_lines": 0}, "missing_lines": [], "excluded_lines": []}}, "classes": {"PaRoutesReactionMetadata": {"executed_lines": [], "summary": {"covered_lines": 0, "num_statements": 0, "percent_covered": 100.0, "percent_covered_display": "100", "missing_lines": 0, "excluded_lines": 0}, "missing_lines": [], "excluded_lines": []}, "PaRoutesBaseNode": {"executed_lines": [], "summary": {"covered_lines": 0, "num_statements": 0, "percent_covered": 100.0, "percent_covered_display": "100", "missing_lines": 0, "excluded_lines": 0}, "missing_lines": [], "excluded_lines": []}, "PaRoutesMoleculeInput": {"executed_lines": [], "summary": {"covered_lines": 0, "num_statements": 0, "percent_covered": 100.0, "percent_covered_display": "100", "missing_lines": 0, "excluded_lines": 0}, "missing_lines": [], "excluded_lines": []}, "PaRoutesReactionInput": {"executed_lines": [], "summary": {"covered_lines": 0, "num_statements": 0, "percent_covered": 100.0, "percent_covered_display": "100", "missing_lines": 0, "excluded_lines": 0}, "missing_lines": [], "excluded_lines": []}, "PaRoutesAdapter": {"executed_lines": [57, 58, 62, 63, 64, 66, 67, 71, 72, 73, 78, 79, 80, 83, 84, 85, 89, 90, 91, 93, 94, 100, 102, 103, 104, 105, 108, 109, 110, 113, 114, 115, 116, 117, 118, 120, 123, 124, 125, 126, 127, 128, 135, 137, 138, 142, 143, 146, 148, 154, 157, 158, 160, 161, 169, 174, 175, 179, 180, 181, 182, 185, 186, 189, 190, 198], "summary": {"covered_lines": 62, "num_statements": 72, "percent_covered": 86.11111111111111, "percent_covered_display": "86", "missing_lines": 10, "excluded_lines": 10}, "missing_lines": [68, 121, 155, 176, 207, 208, 211, 212, 214, 215], "excluded_lines": [69, 104, 110, 127, 142, 170, 210, 213, 216, 217]}, "": {"executed_lines": [1, 3, 4, 5, 6, 8, 10, 11, 12, 13, 14, 21, 22, 23, 26, 27, 28, 31, 32, 33, 36, 37, 38, 39, 42, 45, 46, 49, 50, 52, 53, 55, 60, 75, 96, 130, 150, 205], "summary": {"covered_lines": 37, "num_statements": 37, "percent_covered": 100.0, "percent_covered_display": "100", "missing_lines": 0, "excluded_lines": 0}, "missing_lines": [], "excluded_lines": []}}}, "src/retrocast/adapters/retrochimera_adapter.py": {"executed_lines": [1, 3, 4, 6, 8, 9, 10, 11, 12, 13, 18, 19, 20, 21, 22, 25, 26, 27, 28, 29, 32, 33, 34, 35, 36, 37, 38, 39, 40, 41, 42, 45, 46, 47, 48, 49, 52, 53, 54, 57, 58, 60, 64, 65, 66, 67, 70, 72, 73, 74, 75, 78, 80, 81, 84, 86, 90, 91, 92, 93, 94, 95, 96, 97, 101, 106, 107, 112, 114, 119, 120, 121, 122, 123, 124, 126, 135, 136, 139, 148, 149, 151, 153, 161, 162, 164, 165, 170, 173, 183], "summary": {"covered_lines": 86, "num_statements": 89, "percent_covered": 96.62921348314607, "percent_covered_display": "97", "missing_lines": 3, "excluded_lines": 6}, "missing_lines": [88, 99, 141], "excluded_lines": [67, 75, 81, 87, 98, 140], "functions": {"RetrochimeraAdapter.cast": {"executed_lines": [64, 65, 66, 67, 70, 72, 73, 74, 75, 78, 80, 81, 84, 86, 90, 91, 92, 93, 94, 95, 96, 97], "summary": {"covered_lines": 19, "num_statements": 21, "percent_covered": 90.47619047619048, "percent_covered_display": "90", "missing_lines": 2, "excluded_lines": 5}, "missing_lines": [88, 99], "excluded_lines": [67, 75, 81, 87, 98]}, "RetrochimeraAdapter._transform": {"executed_lines": [106, 107, 112], "summary": {"covered_lines": 3, "num_statements": 3, "percent_covered": 100.0, "percent_covered_display": "100", "missing_lines": 0, "excluded_lines": 0}, "missing_lines": [], "excluded_lines": []}, "RetrochimeraAdapter._build_precursor_map": {"executed_lines": [119, 120, 121, 122, 123, 124], "summary": {"covered_lines": 6, "num_statements": 6, "percent_covered": 100.0, "percent_covered_display": "100", "missing_lines": 0, "excluded_lines": 0}, "missing_lines": [], "excluded_lines": []}, "RetrochimeraAdapter._build_molecule_from_precursor_map": {"executed_lines": [135, 136, 139, 148, 149, 151, 153, 161, 162, 164, 165, 170, 173, 183], "summary": {"covered_lines": 14, "num_statements": 15, "percent_covered": 93.33333333333333, "percent_covered_display": "93", "missing_lines": 1, "excluded_lines": 1}, "missing_lines": [141], "excluded_lines": [140]}, "": {"executed_lines": [1, 3, 4, 6, 8, 9, 10, 11, 12, 13, 18, 19, 20, 21, 22, 25, 26, 27, 28, 29, 32, 33, 34, 35, 36, 37, 38, 39, 40, 41, 42, 45, 46, 47, 48, 49, 52, 53, 54, 57, 58, 60, 101, 114, 126], "summary": {"covered_lines": 44, "num_statements": 44, "percent_covered": 100.0, "percent_covered_display": "100", "missing_lines": 0, "excluded_lines": 0}, "missing_lines": [], "excluded_lines": []}}, "classes": {"RetrochimeraReaction": {"executed_lines": [], "summary": {"covered_lines": 0, "num_statements": 0, "percent_covered": 100.0, "percent_covered_display": "100", "missing_lines": 0, "excluded_lines": 0}, "missing_lines": [], "excluded_lines": []}, "RetrochimeraRoute": {"executed_lines": [], "summary": {"covered_lines": 0, "num_statements": 0, "percent_covered": 100.0, "percent_covered_display": "100", "missing_lines": 0, "excluded_lines": 0}, "missing_lines": [], "excluded_lines": []}, "RetrochimeraOutput": {"executed_lines": [], "summary": {"covered_lines": 0, "num_statements": 0, "percent_covered": 100.0, "percent_covered_display": "100", "missing_lines": 0, "excluded_lines": 0}, "missing_lines": [], "excluded_lines": []}, "RetrochimeraResult": {"executed_lines": [], "summary": {"covered_lines": 0, "num_statements": 0, "percent_covered": 100.0, "percent_covered_display": "100", "missing_lines": 0, "excluded_lines": 0}, "missing_lines": [], "excluded_lines": []}, "RetrochimeraData": {"executed_lines": [], "summary": {"covered_lines": 0, "num_statements": 0, "percent_covered": 100.0, "percent_covered_display": "100", "missing_lines": 0, "excluded_lines": 0}, "missing_lines": [], "excluded_lines": []}, "RetrochimeraAdapter": {"executed_lines": [64, 65, 66, 67, 70, 72, 73, 74, 75, 78, 80, 81, 84, 86, 90, 91, 92, 93, 94, 95, 96, 97, 106, 107, 112, 119, 120, 121, 122, 123, 124, 135, 136, 139, 148, 149, 151, 153, 161, 162, 164, 165, 170, 173, 183], "summary": {"covered_lines": 42, "num_statements": 45, "percent_covered": 93.33333333333333, "percent_covered_display": "93", "missing_lines": 3, "excluded_lines": 6}, "missing_lines": [88, 99, 141], "excluded_lines": [67, 75, 81, 87, 98, 140]}, "": {"executed_lines": [1, 3, 4, 6, 8, 9, 10, 11, 12, 13, 18, 19, 20, 21, 22, 25, 26, 27, 28, 29, 32, 33, 34, 35, 36, 37, 38, 39, 40, 41, 42, 45, 46, 47, 48, 49, 52, 53, 54, 57, 58, 60, 101, 114, 126], "summary": {"covered_lines": 44, "num_statements": 44, "percent_covered": 100.0, "percent_covered_display": "100", "missing_lines": 0, "excluded_lines": 0}, "missing_lines": [], "excluded_lines": []}}}, "src/retrocast/adapters/retrostar_adapter.py": {"executed_lines": [1, 3, 4, 6, 7, 8, 9, 10, 11, 12, 15, 16, 18, 22, 28, 29, 30, 32, 33, 34, 37, 40, 42, 43, 44, 45, 46, 47, 49, 56, 57, 58, 61, 62, 63, 65, 66, 67, 68, 69, 70, 71, 73, 74, 75, 76, 78, 80, 81, 82, 84, 85, 86, 90, 95, 97, 98, 102, 105, 108, 109, 110, 113], "summary": {"covered_lines": 59, "num_statements": 62, "percent_covered": 95.16129032258064, "percent_covered_display": "95", "missing_lines": 3, "excluded_lines": 4}, "missing_lines": [26, 59, 77], "excluded_lines": [23, 29, 34, 46], "functions": {"RetroStarAdapter.cast": {"executed_lines": [22, 28, 29, 30, 32, 33, 34, 37, 40, 42, 43, 44, 45, 46, 47], "summary": {"covered_lines": 12, "num_statements": 13, "percent_covered": 92.3076923076923, "percent_covered_display": "92", "missing_lines": 1, "excluded_lines": 4}, "missing_lines": [26], "excluded_lines": [23, 29, 34, 46]}, "RetroStarAdapter._parse_route_string": {"executed_lines": [56, 57, 58, 61, 62, 63, 65, 66, 67, 68, 69, 70, 71, 73, 74, 75, 76, 78, 80, 81, 82, 84, 85, 86], "summary": {"covered_lines": 24, "num_statements": 26, "percent_covered": 92.3076923076923, "percent_covered_display": "92", "missing_lines": 2, "excluded_lines": 0}, "missing_lines": [59, 77], "excluded_lines": []}, "RetroStarAdapter._transform": {"executed_lines": [95, 97, 98, 102, 105, 108, 109, 110, 113], "summary": {"covered_lines": 9, "num_statements": 9, "percent_covered": 100.0, "percent_covered_display": "100", "missing_lines": 0, "excluded_lines": 0}, "missing_lines": [], "excluded_lines": []}, "": {"executed_lines": [1, 3, 4, 6, 7, 8, 9, 10, 11, 12, 15, 16, 18, 49, 90], "summary": {"covered_lines": 14, "num_statements": 14, "percent_covered": 100.0, "percent_covered_display": "100", "missing_lines": 0, "excluded_lines": 0}, "missing_lines": [], "excluded_lines": []}}, "classes": {"RetroStarAdapter": {"executed_lines": [22, 28, 29, 30, 32, 33, 34, 37, 40, 42, 43, 44, 45, 46, 47, 56, 57, 58, 61, 62, 63, 65, 66, 67, 68, 69, 70, 71, 73, 74, 75, 76, 78, 80, 81, 82, 84, 85, 86, 95, 97, 98, 102, 105, 108, 109, 110, 113], "summary": {"covered_lines": 45, "num_statements": 48, "percent_covered": 93.75, "percent_covered_display": "94", "missing_lines": 3, "excluded_lines": 4}, "missing_lines": [26, 59, 77], "excluded_lines": [23, 29, 34, 46]}, "": {"executed_lines": [1, 3, 4, 6, 7, 8, 9, 10, 11, 12, 15, 16, 18, 49, 90], "summary": {"covered_lines": 14, "num_statements": 14, "percent_covered": 100.0, "percent_covered_display": "100", "missing_lines": 0, "excluded_lines": 0}, "missing_lines": [], "excluded_lines": []}}}, "src/retrocast/adapters/synllama_adapter.py": {"executed_lines": [1, 3, 4, 6, 8, 9, 10, 11, 12, 13, 18, 19, 22, 23, 26, 27, 29, 31, 32, 33, 34, 35, 37, 38, 39, 40, 41, 42, 43, 45, 49, 50, 54, 55, 56, 60, 62, 63, 66, 68, 75, 76, 79, 88, 91, 92, 100, 101, 102, 105, 108, 114, 121, 127, 129, 131, 132, 134, 136, 140, 141, 142, 143, 144, 145, 147, 148, 149, 150, 151, 153, 154, 156, 158, 159, 161], "summary": {"covered_lines": 72, "num_statements": 75, "percent_covered": 96.0, "percent_covered_display": "96", "missing_lines": 3, "excluded_lines": 4}, "missing_lines": [51, 81, 138], "excluded_lines": [23, 34, 42, 80], "functions": {"SynLlaMaAdapter.cast": {"executed_lines": [31, 32, 33, 34, 35, 37, 38, 39, 40, 41, 42, 43], "summary": {"covered_lines": 10, "num_statements": 10, "percent_covered": 100.0, "percent_covered_display": "100", "missing_lines": 0, "excluded_lines": 2}, "missing_lines": [], "excluded_lines": [34, 42]}, "SynLlaMaAdapter._transform": {"executed_lines": [49, 50, 54, 55, 56, 60, 62, 63, 66], "summary": {"covered_lines": 9, "num_statements": 10, "percent_covered": 90.0, "percent_covered_display": "90", "missing_lines": 1, "excluded_lines": 0}, "missing_lines": [51], "excluded_lines": []}, "SynLlaMaAdapter._build_molecule_from_precursor_map": {"executed_lines": [75, 76, 79, 88, 91, 92, 100, 101, 102, 105, 108, 114], "summary": {"covered_lines": 12, "num_statements": 13, "percent_covered": 92.3076923076923, "percent_covered_display": "92", "missing_lines": 1, "excluded_lines": 1}, "missing_lines": [81], "excluded_lines": [80]}, "SynLlaMaAdapter._parse_synthesis_string": {"executed_lines": [127, 129, 131, 132, 134, 136, 140, 141, 142, 143, 144, 145, 147, 148, 149, 150, 151, 153, 154, 156, 158, 159, 161], "summary": {"covered_lines": 23, "num_statements": 24, "percent_covered": 95.83333333333333, "percent_covered_display": "96", "missing_lines": 1, "excluded_lines": 0}, "missing_lines": [138], "excluded_lines": []}, "": {"executed_lines": [1, 3, 4, 6, 8, 9, 10, 11, 12, 13, 18, 19, 22, 23, 26, 27, 29, 45, 68, 121], "summary": {"covered_lines": 18, "num_statements": 18, "percent_covered": 100.0, "percent_covered_display": "100", "missing_lines": 0, "excluded_lines": 1}, "missing_lines": [], "excluded_lines": [23]}}, "classes": {"SynLlamaRouteInput": {"executed_lines": [], "summary": {"covered_lines": 0, "num_statements": 0, "percent_covered": 100.0, "percent_covered_display": "100", "missing_lines": 0, "excluded_lines": 0}, "missing_lines": [], "excluded_lines": []}, "SynLlamaRouteList": {"executed_lines": [], "summary": {"covered_lines": 0, "num_statements": 0, "percent_covered": 100.0, "percent_covered_display": "100", "missing_lines": 0, "excluded_lines": 0}, "missing_lines": [], "excluded_lines": []}, "SynLlaMaAdapter": {"executed_lines": [31, 32, 33, 34, 35, 37, 38, 39, 40, 41, 42, 43, 49, 50, 54, 55, 56, 60, 62, 63, 66, 75, 76, 79, 88, 91, 92, 100, 101, 102, 105, 108, 114, 127, 129, 131, 132, 134, 136, 140, 141, 142, 143, 144, 145, 147, 148, 149, 150, 151, 153, 154, 156, 158, 159, 161], "summary": {"covered_lines": 54, "num_statements": 57, "percent_covered": 94.73684210526316, "percent_covered_display": "95", "missing_lines": 3, "excluded_lines": 3}, "missing_lines": [51, 81, 138], "excluded_lines": [34, 42, 80]}, "": {"executed_lines": [1, 3, 4, 6, 8, 9, 10, 11, 12, 13, 18, 19, 22, 23, 26, 27, 29, 45, 68, 121], "summary": {"covered_lines": 18, "num_statements": 18, "percent_covered": 100.0, "percent_covered_display": "100", "missing_lines": 0, "excluded_lines": 1}, "missing_lines": [], "excluded_lines": [23]}}}, "src/retrocast/adapters/synplanner_adapter.py": {"executed_lines": [1, 3, 4, 6, 8, 9, 10, 11, 12, 19, 20, 22, 23, 26, 27, 29, 30, 33, 34, 36, 41, 44, 45, 47, 50, 51, 53, 57, 58, 59, 60, 63, 65, 66, 67, 68, 69, 70, 71, 73, 79, 81, 82, 86, 87, 89, 91, 96, 99, 100, 102, 103, 111, 116, 117, 121, 122, 123, 124, 127, 130, 138], "summary": {"covered_lines": 53, "num_statements": 55, "percent_covered": 96.36363636363636, "percent_covered_display": "96", "missing_lines": 2, "excluded_lines": 5}, "missing_lines": [97, 118], "excluded_lines": [47, 60, 70, 86, 112], "functions": {"SynPlannerAdapter.cast": {"executed_lines": [57, 58, 59, 60, 63, 65, 66, 67, 68, 69, 70, 71], "summary": {"covered_lines": 10, "num_statements": 10, "percent_covered": 100.0, "percent_covered_display": "100", "missing_lines": 0, "excluded_lines": 2}, "missing_lines": [], "excluded_lines": [60, 70]}, "SynPlannerAdapter._transform": {"executed_lines": [79, 81, 82, 86, 87, 89], "summary": {"covered_lines": 5, "num_statements": 5, "percent_covered": 100.0, "percent_covered_display": "100", "missing_lines": 0, "excluded_lines": 1}, "missing_lines": [], "excluded_lines": [86]}, "SynPlannerAdapter._build_molecule_from_synplanner_node": {"executed_lines": [96, 99, 100, 102, 103, 111, 116, 117, 121, 122, 123, 124, 127, 130, 138], "summary": {"covered_lines": 15, "num_statements": 17, "percent_covered": 88.23529411764706, "percent_covered_display": "88", "missing_lines": 2, "excluded_lines": 1}, "missing_lines": [97, 118], "excluded_lines": [112]}, "": {"executed_lines": [1, 3, 4, 6, 8, 9, 10, 11, 12, 19, 20, 22, 23, 26, 27, 29, 30, 33, 34, 36, 41, 44, 45, 47, 50, 51, 53, 73, 91], "summary": {"covered_lines": 23, "num_statements": 23, "percent_covered": 100.0, "percent_covered_display": "100", "missing_lines": 0, "excluded_lines": 1}, "missing_lines": [], "excluded_lines": [47]}}, "classes": {"SynPlannerBaseNode": {"executed_lines": [], "summary": {"covered_lines": 0, "num_statements": 0, "percent_covered": 100.0, "percent_covered_display": "100", "missing_lines": 0, "excluded_lines": 0}, "missing_lines": [], "excluded_lines": []}, "SynPlannerMoleculeInput": {"executed_lines": [], "summary": {"covered_lines": 0, "num_statements": 0, "percent_covered": 100.0, "percent_covered_display": "100", "missing_lines": 0, "excluded_lines": 0}, "missing_lines": [], "excluded_lines": []}, "SynPlannerReactionInput": {"executed_lines": [], "summary": {"covered_lines": 0, "num_statements": 0, "percent_covered": 100.0, "percent_covered_display": "100", "missing_lines": 0, "excluded_lines": 0}, "missing_lines": [], "excluded_lines": []}, "SynPlannerRouteList": {"executed_lines": [], "summary": {"covered_lines": 0, "num_statements": 0, "percent_covered": 100.0, "percent_covered_display": "100", "missing_lines": 0, "excluded_lines": 0}, "missing_lines": [], "excluded_lines": []}, "SynPlannerAdapter": {"executed_lines": [57, 58, 59, 60, 63, 65, 66, 67, 68, 69, 70, 71, 79, 81, 82, 86, 87, 89, 96, 99, 100, 102, 103, 111, 116, 117, 121, 122, 123, 124, 127, 130, 138], "summary": {"covered_lines": 30, "num_statements": 32, "percent_covered": 93.75, "percent_covered_display": "94", "missing_lines": 2, "excluded_lines": 4}, "missing_lines": [97, 118], "excluded_lines": [60, 70, 86, 112]}, "": {"executed_lines": [1, 3, 4, 6, 8, 9, 10, 11, 12, 19, 20, 22, 23, 26, 27, 29, 30, 33, 34, 36, 41, 44, 45, 47, 50, 51, 53, 73, 91], "summary": {"covered_lines": 23, "num_statements": 23, "percent_covered": 100.0, "percent_covered_display": "100", "missing_lines": 0, "excluded_lines": 1}, "missing_lines": [], "excluded_lines": [47]}}}, "src/retrocast/adapters/syntheseus_adapter.py": {"executed_lines": [1, 3, 4, 6, 8, 9, 10, 11, 12, 19, 20, 22, 23, 26, 27, 29, 30, 33, 34, 36, 37, 41, 44, 45, 47, 50, 51, 53, 57, 58, 59, 60, 63, 65, 66, 67, 68, 69, 70, 71, 73, 79, 81, 82, 86, 87, 89], "summary": {"covered_lines": 38, "num_statements": 38, "percent_covered": 100.0, "percent_covered_display": "100", "missing_lines": 0, "excluded_lines": 4}, "missing_lines": [], "excluded_lines": [47, 60, 70, 86], "functions": {"SyntheseusAdapter.cast": {"executed_lines": [57, 58, 59, 60, 63, 65, 66, 67, 68, 69, 70, 71], "summary": {"covered_lines": 10, "num_statements": 10, "percent_covered": 100.0, "percent_covered_display": "100", "missing_lines": 0, "excluded_lines": 2}, "missing_lines": [], "excluded_lines": [60, 70]}, "SyntheseusAdapter._transform": {"executed_lines": [79, 81, 82, 86, 87, 89], "summary": {"covered_lines": 5, "num_statements": 5, "percent_covered": 100.0, "percent_covered_display": "100", "missing_lines": 0, "excluded_lines": 1}, "missing_lines": [], "excluded_lines": [86]}, "": {"executed_lines": [1, 3, 4, 6, 8, 9, 10, 11, 12, 19, 20, 22, 23, 26, 27, 29, 30, 33, 34, 36, 37, 41, 44, 45, 47, 50, 51, 53, 73], "summary": {"covered_lines": 23, "num_statements": 23, "percent_covered": 100.0, "percent_covered_display": "100", "missing_lines": 0, "excluded_lines": 1}, "missing_lines": [], "excluded_lines": [47]}}, "classes": {"SyntheseusBaseNode": {"executed_lines": [], "summary": {"covered_lines": 0, "num_statements": 0, "percent_covered": 100.0, "percent_covered_display": "100", "missing_lines": 0, "excluded_lines": 0}, "missing_lines": [], "excluded_lines": []}, "SyntheseusMoleculeInput": {"executed_lines": [], "summary": {"covered_lines": 0, "num_statements": 0, "percent_covered": 100.0, "percent_covered_display": "100", "missing_lines": 0, "excluded_lines": 0}, "missing_lines": [], "excluded_lines": []}, "SyntheseusReactionInput": {"executed_lines": [], "summary": {"covered_lines": 0, "num_statements": 0, "percent_covered": 100.0, "percent_covered_display": "100", "missing_lines": 0, "excluded_lines": 0}, "missing_lines": [], "excluded_lines": []}, "SyntheseusRouteList": {"executed_lines": [], "summary": {"covered_lines": 0, "num_statements": 0, "percent_covered": 100.0, "percent_covered_display": "100", "missing_lines": 0, "excluded_lines": 0}, "missing_lines": [], "excluded_lines": []}, "SyntheseusAdapter": {"executed_lines": [57, 58, 59, 60, 63, 65, 66, 67, 68, 69, 70, 71, 79, 81, 82, 86, 87, 89], "summary": {"covered_lines": 15, "num_statements": 15, "percent_covered": 100.0, "percent_covered_display": "100", "missing_lines": 0, "excluded_lines": 3}, "missing_lines": [], "excluded_lines": [60, 70, 86]}, "": {"executed_lines": [1, 3, 4, 6, 8, 9, 10, 11, 12, 19, 20, 22, 23, 26, 27, 29, 30, 33, 34, 36, 37, 41, 44, 45, 47, 50, 51, 53, 73], "summary": {"covered_lines": 23, "num_statements": 23, "percent_covered": 100.0, "percent_covered_display": "100", "missing_lines": 0, "excluded_lines": 1}, "missing_lines": [], "excluded_lines": [47]}}}, "src/retrocast/cli.py": {"executed_lines": [1, 2, 3, 4, 6, 8, 9, 10, 11, 12, 15, 17, 18, 19, 20, 21, 22, 23, 24, 25, 28, 30, 31, 32, 33, 36, 38, 39, 40, 43, 45, 46, 48, 49, 50, 51, 53, 55, 56, 58, 59, 60, 61, 62, 64, 67, 76, 77, 80, 81, 82, 84, 85, 86, 87, 88, 90, 91, 92, 95, 96, 97, 98, 99, 100, 101, 103, 104, 105, 107, 117, 118, 119, 120, 123, 129, 131, 135, 136, 138, 139, 140, 142, 143, 144, 145], "summary": {"covered_lines": 68, "num_statements": 68, "percent_covered": 100.0, "percent_covered_display": "100", "missing_lines": 0, "excluded_lines": 18}, "missing_lines": [], "excluded_lines": [21, 24, 31, 38, 46, 50, 53, 56, 62, 64, 76, 85, 87, 91, 118, 120, 139, 145], "functions": {"load_config": {"executed_lines": [17, 18, 19, 20, 21, 22, 23, 24, 25], "summary": {"covered_lines": 7, "num_statements": 7, "percent_covered": 100.0, "percent_covered_display": "100", "missing_lines": 0, "excluded_lines": 2}, "missing_lines": [], "excluded_lines": [21, 24]}, "get_model_config": {"executed_lines": [30, 31, 32, 33], "summary": {"covered_lines": 3, "num_statements": 3, "percent_covered": 100.0, "percent_covered_display": "100", "missing_lines": 0, "excluded_lines": 1}, "missing_lines": [], "excluded_lines": [31]}, "handle_list": {"executed_lines": [38, 39, 40], "summary": {"covered_lines": 2, "num_statements": 2, "percent_covered": 100.0, "percent_covered_display": "100", "missing_lines": 0, "excluded_lines": 1}, "missing_lines": [], "excluded_lines": [38]}, "handle_info": {"executed_lines": [45, 46, 48, 49, 50, 51, 53, 55, 56, 58, 59, 60, 61, 62, 64], "summary": {"covered_lines": 9, "num_statements": 9, "percent_covered": 100.0, "percent_covered_display": "100", "missing_lines": 0, "excluded_lines": 6}, "missing_lines": [], "excluded_lines": [46, 50, 53, 56, 62, 64]}, "_run_single_process": {"executed_lines": [76, 77, 80, 81, 82, 84, 85, 86, 87, 88, 90, 91, 92, 95, 96, 97, 98, 99, 100, 101, 103, 104, 105, 107, 117, 118, 119, 120], "summary": {"covered_lines": 22, "num_statements": 22, "percent_covered": 100.0, "percent_covered_display": "100", "missing_lines": 0, "excluded_lines": 6}, "missing_lines": [], "excluded_lines": [76, 85, 87, 91, 118, 120]}, "handle_process": {"executed_lines": [129, 131, 135, 136, 138, 139, 140, 142, 143, 144, 145], "summary": {"covered_lines": 9, "num_statements": 9, "percent_covered": 100.0, "percent_covered_display": "100", "missing_lines": 0, "excluded_lines": 2}, "missing_lines": [], "excluded_lines": [139, 145]}, "": {"executed_lines": [1, 2, 3, 4, 6, 8, 9, 10, 11, 12, 15, 28, 36, 43, 67, 123], "summary": {"covered_lines": 16, "num_statements": 16, "percent_covered": 100.0, "percent_covered_display": "100", "missing_lines": 0, "excluded_lines": 0}, "missing_lines": [], "excluded_lines": []}}, "classes": {"": {"executed_lines": [1, 2, 3, 4, 6, 8, 9, 10, 11, 12, 15, 17, 18, 19, 20, 21, 22, 23, 24, 25, 28, 30, 31, 32, 33, 36, 38, 39, 40, 43, 45, 46, 48, 49, 50, 51, 53, 55, 56, 58, 59, 60, 61, 62, 64, 67, 76, 77, 80, 81, 82, 84, 85, 86, 87, 88, 90, 91, 92, 95, 96, 97, 98, 99, 100, 101, 103, 104, 105, 107, 117, 118, 119, 120, 123, 129, 131, 135, 136, 138, 139, 140, 142, 143, 144, 145], "summary": {"covered_lines": 68, "num_statements": 68, "percent_covered": 100.0, "percent_covered_display": "100", "missing_lines": 0, "excluded_lines": 18}, "missing_lines": [], "excluded_lines": [21, 24, 31, 38, 46, 50, 53, 56, 62, 64, 76, 85, 87, 91, 118, 120, 139, 145]}}}, "src/retrocast/core.py": {"executed_lines": [1, 2, 3, 5, 7, 8, 14, 15, 16, 17, 23, 25, 32, 60, 62, 63, 64, 66, 67, 68, 73, 74, 77, 80, 81, 84, 85, 86, 90, 91, 93, 95, 97, 98, 101, 102, 103, 105, 106, 109, 110, 111, 114, 115, 121, 124, 154, 155, 157, 160, 161, 162, 167, 178, 179, 181, 184, 212, 215, 216, 218, 219, 221, 223, 224, 227, 229, 230, 231, 232, 233, 234, 237, 238, 240, 251, 254, 267, 268, 269], "summary": {"covered_lines": 72, "num_statements": 76, "percent_covered": 94.73684210526316, "percent_covered_display": "95", "missing_lines": 4, "excluded_lines": 10}, "missing_lines": [70, 118, 119, 252], "excluded_lines": [69, 86, 93, 110, 117, 212, 216, 230, 233, 269], "functions": {"process_raw_data": {"executed_lines": [60, 62, 63, 64, 66, 67, 68, 73, 74, 77, 80, 81, 84, 85, 86, 90, 91, 93, 95, 97, 98, 101, 102, 103, 105, 106, 109, 110, 111, 114, 115, 121], "summary": {"covered_lines": 29, "num_statements": 32, "percent_covered": 90.625, "percent_covered_display": "91", "missing_lines": 3, "excluded_lines": 5}, "missing_lines": [70, 118, 119], "excluded_lines": [69, 86, 93, 110, 117]}, "create_processing_manifest": {"executed_lines": [154, 155, 157, 160, 161, 162, 167, 178, 179, 181], "summary": {"covered_lines": 10, "num_statements": 10, "percent_covered": 100.0, "percent_covered_display": "100", "missing_lines": 0, "excluded_lines": 0}, "missing_lines": [], "excluded_lines": []}, "process_model_run": {"executed_lines": [212, 215, 216, 218, 219, 221, 223, 224, 227, 229, 230, 231, 232, 233, 234, 237, 238, 240, 251, 254, 267, 268, 269], "summary": {"covered_lines": 18, "num_statements": 19, "percent_covered": 94.73684210526316, "percent_covered_display": "95", "missing_lines": 1, "excluded_lines": 5}, "missing_lines": [252], "excluded_lines": [212, 216, 230, 233, 269]}, "": {"executed_lines": [1, 2, 3, 5, 7, 8, 14, 15, 16, 17, 23, 25, 32, 124, 184], "summary": {"covered_lines": 15, "num_statements": 15, "percent_covered": 100.0, "percent_covered_display": "100", "missing_lines": 0, "excluded_lines": 0}, "missing_lines": [], "excluded_lines": []}}, "classes": {"": {"executed_lines": [1, 2, 3, 5, 7, 8, 14, 15, 16, 17, 23, 25, 32, 60, 62, 63, 64, 66, 67, 68, 73, 74, 77, 80, 81, 84, 85, 86, 90, 91, 93, 95, 97, 98, 101, 102, 103, 105, 106, 109, 110, 111, 114, 115, 121, 124, 154, 155, 157, 160, 161, 162, 167, 178, 179, 181, 184, 212, 215, 216, 218, 219, 221, 223, 224, 227, 229, 230, 231, 232, 233, 234, 237, 238, 240, 251, 254, 267, 268, 269], "summary": {"covered_lines": 72, "num_statements": 76, "percent_covered": 94.73684210526316, "percent_covered_display": "95", "missing_lines": 4, "excluded_lines": 10}, "missing_lines": [70, 118, 119, 252], "excluded_lines": [69, 86, 93, 110, 117, 212, 216, 230, 233, 269]}}}, "src/retrocast/curation.py": {"executed_lines": [1, 8, 9, 10, 11, 13, 14, 15, 18, 20, 21, 22, 23, 24, 27, 29, 30, 31, 32, 33, 36, 38, 39, 40, 41, 42, 43, 46, 50, 51, 52, 53, 54, 55, 56, 57, 58, 59, 62, 82, 84, 85, 86, 88, 89, 91, 94, 95, 97, 98, 100, 103, 107, 108, 109, 111, 112, 113, 115, 116, 118, 121, 123, 124, 125, 126, 127, 130, 132, 133, 134, 135, 136, 137, 140, 155, 156, 157, 159, 160, 161, 164, 183, 184, 185, 186, 187, 188, 189, 192, 193, 195, 196, 197, 198, 199, 201, 204, 223, 245, 280, 281, 286, 298], "summary": {"covered_lines": 103, "num_statements": 116, "percent_covered": 88.79310344827586, "percent_covered_display": "89", "missing_lines": 13, "excluded_lines": 0}, "missing_lines": [215, 216, 217, 218, 219, 220, 236, 237, 238, 239, 240, 241, 242], "excluded_lines": [], "functions": {"get_route_signatures": {"executed_lines": [20, 21, 22, 23, 24], "summary": {"covered_lines": 5, "num_statements": 5, "percent_covered": 100.0, "percent_covered_display": "100", "missing_lines": 0, "excluded_lines": 0}, "missing_lines": [], "excluded_lines": []}, "get_reaction_signatures": {"executed_lines": [29, 30, 31, 32, 33], "summary": {"covered_lines": 5, "num_statements": 5, "percent_covered": 100.0, "percent_covered_display": "100", "missing_lines": 0, "excluded_lines": 0}, "missing_lines": [], "excluded_lines": []}, "filter_routes_by_signature": {"executed_lines": [38, 39, 40, 41, 42, 43], "summary": {"covered_lines": 6, "num_statements": 6, "percent_covered": 100.0, "percent_covered_display": "100", "missing_lines": 0, "excluded_lines": 0}, "missing_lines": [], "excluded_lines": []}, "filter_routes_by_reaction_overlap": {"executed_lines": [50, 51, 52, 53, 54, 55, 56, 57, 58, 59], "summary": {"covered_lines": 10, "num_statements": 10, "percent_covered": 100.0, "percent_covered_display": "100", "missing_lines": 0, "excluded_lines": 0}, "missing_lines": [], "excluded_lines": []}, "excise_reactions_from_routes": {"executed_lines": [82, 84, 85, 86, 88, 89, 91, 94, 95, 97, 98, 100], "summary": {"covered_lines": 12, "num_statements": 12, "percent_covered": 100.0, "percent_covered_display": "100", "missing_lines": 0, "excluded_lines": 0}, "missing_lines": [], "excluded_lines": []}, "split_routes": {"executed_lines": [107, 108, 109, 111, 112, 113, 115, 116, 118], "summary": {"covered_lines": 9, "num_statements": 9, "percent_covered": 100.0, "percent_covered_display": "100", "missing_lines": 0, "excluded_lines": 0}, "missing_lines": [], "excluded_lines": []}, "_flatten_routes": {"executed_lines": [123, 124, 125, 126, 127], "summary": {"covered_lines": 5, "num_statements": 5, "percent_covered": 100.0, "percent_covered_display": "100", "missing_lines": 0, "excluded_lines": 0}, "missing_lines": [], "excluded_lines": []}, "_unflatten_routes": {"executed_lines": [132, 133, 134, 135, 136, 137], "summary": {"covered_lines": 6, "num_statements": 6, "percent_covered": 100.0, "percent_covered_display": "100", "missing_lines": 0, "excluded_lines": 0}, "missing_lines": [], "excluded_lines": []}, "sample_routes_random": {"executed_lines": [155, 156, 157, 159, 160, 161], "summary": {"covered_lines": 6, "num_statements": 6, "percent_covered": 100.0, "percent_covered_display": "100", "missing_lines": 0, "excluded_lines": 0}, "missing_lines": [], "excluded_lines": []}, "sample_routes_by_length": {"executed_lines": [183, 184, 185, 186, 187, 188, 189, 192, 193, 195, 196, 197, 198, 199, 201], "summary": {"covered_lines": 15, "num_statements": 15, "percent_covered": 100.0, "percent_covered_display": "100", "missing_lines": 0, "excluded_lines": 0}, "missing_lines": [], "excluded_lines": []}, "filter_routes_by_convergence": {"executed_lines": [], "summary": {"covered_lines": 0, "num_statements": 6, "percent_covered": 0.0, "percent_covered_display": "0", "missing_lines": 6, "excluded_lines": 0}, "missing_lines": [215, 216, 217, 218, 219, 220], "excluded_lines": []}, "merge_routes": {"executed_lines": [], "summary": {"covered_lines": 0, "num_statements": 7, "percent_covered": 0.0, "percent_covered_display": "0", "missing_lines": 7, "excluded_lines": 0}, "missing_lines": [236, 237, 238, 239, 240, 241, 242], "excluded_lines": []}, "create_manifest": {"executed_lines": [280, 281, 286, 298], "summary": {"covered_lines": 4, "num_statements": 4, "percent_covered": 100.0, "percent_covered_display": "100", "missing_lines": 0, "excluded_lines": 0}, "missing_lines": [], "excluded_lines": []}, "": {"executed_lines": [1, 8, 9, 10, 11, 13, 14, 15, 18, 27, 36, 46, 62, 103, 121, 130, 140, 164, 204, 223, 245], "summary": {"covered_lines": 20, "num_statements": 20, "percent_covered": 100.0, "percent_covered_display": "100", "missing_lines": 0, "excluded_lines": 0}, "missing_lines": [], "excluded_lines": []}}, "classes": {"": {"executed_lines": [1, 8, 9, 10, 11, 13, 14, 15, 18, 20, 21, 22, 23, 24, 27, 29, 30, 31, 32, 33, 36, 38, 39, 40, 41, 42, 43, 46, 50, 51, 52, 53, 54, 55, 56, 57, 58, 59, 62, 82, 84, 85, 86, 88, 89, 91, 94, 95, 97, 98, 100, 103, 107, 108, 109, 111, 112, 113, 115, 116, 118, 121, 123, 124, 125, 126, 127, 130, 132, 133, 134, 135, 136, 137, 140, 155, 156, 157, 159, 160, 161, 164, 183, 184, 185, 186, 187, 188, 189, 192, 193, 195, 196, 197, 198, 199, 201, 204, 223, 245, 280, 281, 286, 298], "summary": {"covered_lines": 103, "num_statements": 116, "percent_covered": 88.79310344827586, "percent_covered_display": "89", "missing_lines": 13, "excluded_lines": 0}, "missing_lines": [215, 216, 217, 218, 219, 220, 236, 237, 238, 239, 240, 241, 242], "excluded_lines": []}}}, "src/retrocast/domain/chem.py": {"executed_lines": [1, 2, 4, 5, 6, 8, 11, 25, 26, 27, 29, 30, 31, 33, 34, 35, 41, 42, 44, 46, 48, 49, 51, 54, 68, 69, 70, 72, 73, 74, 75, 76, 79, 80, 82, 83, 84, 85, 87, 89, 90, 91, 93, 96, 110, 114, 115, 116, 120, 129, 143, 147, 148, 149, 153, 162, 176, 180, 181, 182, 186, 187], "summary": {"covered_lines": 55, "num_statements": 75, "percent_covered": 73.33333333333333, "percent_covered_display": "73", "missing_lines": 20, "excluded_lines": 18}, "missing_lines": [36, 37, 112, 118, 122, 123, 124, 126, 145, 151, 155, 156, 157, 159, 178, 184, 189, 190, 191, 193], "excluded_lines": [26, 33, 45, 49, 69, 75, 83, 88, 91, 111, 117, 125, 144, 150, 158, 177, 183, 192], "functions": {"canonicalize_smiles": {"executed_lines": [25, 26, 27, 29, 30, 31, 33, 34, 35, 41, 42, 44, 46, 48, 49, 51], "summary": {"covered_lines": 13, "num_statements": 15, "percent_covered": 86.66666666666667, "percent_covered_display": "87", "missing_lines": 2, "excluded_lines": 4}, "missing_lines": [36, 37], "excluded_lines": [26, 33, 45, 49]}, "get_inchi_key": {"executed_lines": [68, 69, 70, 72, 73, 74, 75, 76, 79, 80, 82, 83, 84, 85, 87, 89, 90, 91, 93], "summary": {"covered_lines": 15, "num_statements": 15, "percent_covered": 100.0, "percent_covered_display": "100", "missing_lines": 0, "excluded_lines": 5}, "missing_lines": [], "excluded_lines": [69, 75, 83, 88, 91]}, "get_heavy_atom_count": {"executed_lines": [110, 114, 115, 116, 120], "summary": {"covered_lines": 5, "num_statements": 11, "percent_covered": 45.45454545454545, "percent_covered_display": "45", "missing_lines": 6, "excluded_lines": 3}, "missing_lines": [112, 118, 122, 123, 124, 126], "excluded_lines": [111, 117, 125]}, "get_molecular_weight": {"executed_lines": [143, 147, 148, 149, 153], "summary": {"covered_lines": 5, "num_statements": 11, "percent_covered": 45.45454545454545, "percent_covered_display": "45", "missing_lines": 6, "excluded_lines": 3}, "missing_lines": [145, 151, 155, 156, 157, 159], "excluded_lines": [144, 150, 158]}, "get_chiral_center_count": {"executed_lines": [176, 180, 181, 182, 186, 187], "summary": {"covered_lines": 6, "num_statements": 12, "percent_covered": 50.0, "percent_covered_display": "50", "missing_lines": 6, "excluded_lines": 3}, "missing_lines": [178, 184, 189, 190, 191, 193], "excluded_lines": [177, 183, 192]}, "": {"executed_lines": [1, 2, 4, 5, 6, 8, 11, 54, 96, 129, 162], "summary": {"covered_lines": 11, "num_statements": 11, "percent_covered": 100.0, "percent_covered_display": "100", "missing_lines": 0, "excluded_lines": 0}, "missing_lines": [], "excluded_lines": []}}, "classes": {"": {"executed_lines": [1, 2, 4, 5, 6, 8, 11, 25, 26, 27, 29, 30, 31, 33, 34, 35, 41, 42, 44, 46, 48, 49, 51, 54, 68, 69, 70, 72, 73, 74, 75, 76, 79, 80, 82, 83, 84, 85, 87, 89, 90, 91, 93, 96, 110, 114, 115, 116, 120, 129, 143, 147, 148, 149, 153, 162, 176, 180, 181, 182, 186, 187], "summary": {"covered_lines": 55, "num_statements": 75, "percent_covered": 73.33333333333333, "percent_covered_display": "73", "missing_lines": 20, "excluded_lines": 18}, "missing_lines": [36, 37, 112, 118, 122, 123, 124, 126, 145, 151, 155, 156, 157, 159, 178, 184, 189, 190, 191, 193], "excluded_lines": [26, 33, 45, 49, 69, 75, 83, 88, 91, 111, 117, 125, 144, 150, 158, 177, 183, 192]}}}, "src/retrocast/domain/tree.py": {"executed_lines": [1, 2, 4, 5, 8, 13, 14, 16, 18, 19, 21, 22, 23, 25, 26, 27, 29, 32, 34, 35, 36, 37, 40, 42, 43, 44, 45, 46, 47, 50, 58, 59, 60, 61, 63, 64, 65, 66, 68, 69, 71, 72, 73, 74, 75, 76, 77, 78, 79, 81, 85, 86, 88, 90, 91, 94, 121, 123, 125, 127, 129, 131, 138, 140, 141, 146, 149, 150, 151, 152, 154, 159, 162, 169, 170, 178, 185, 187, 190, 191, 197, 200, 202], "summary": {"covered_lines": 75, "num_statements": 75, "percent_covered": 100.0, "percent_covered_display": "100", "missing_lines": 0, "excluded_lines": 9}, "missing_lines": [], "excluded_lines": [16, 27, 36, 46, 73, 77, 81, 83, 90], "functions": {"deduplicate_routes": {"executed_lines": [13, 14, 16, 18, 19, 21, 22, 23, 25, 26, 27, 29], "summary": {"covered_lines": 10, "num_statements": 10, "percent_covered": 100.0, "percent_covered_display": "100", "missing_lines": 0, "excluded_lines": 2}, "missing_lines": [], "excluded_lines": [16, 27]}, "sample_top_k": {"executed_lines": [34, 35, 36, 37], "summary": {"covered_lines": 3, "num_statements": 3, "percent_covered": 100.0, "percent_covered_display": "100", "missing_lines": 0, "excluded_lines": 1}, "missing_lines": [], "excluded_lines": [36]}, "sample_random_k": {"executed_lines": [42, 43, 44, 45, 46, 47], "summary": {"covered_lines": 5, "num_statements": 5, "percent_covered": 100.0, "percent_covered_display": "100", "missing_lines": 0, "excluded_lines": 1}, "missing_lines": [], "excluded_lines": [46]}, "sample_k_by_depth": {"executed_lines": [58, 59, 60, 61, 63, 64, 65, 66, 68, 69, 71, 72, 73, 74, 75, 76, 77, 78, 79, 81, 85, 86, 88, 90, 91], "summary": {"covered_lines": 21, "num_statements": 21, "percent_covered": 100.0, "percent_covered_display": "100", "missing_lines": 0, "excluded_lines": 5}, "missing_lines": [], "excluded_lines": [73, 77, 81, 83, 90]}, "excise_reactions_from_route": {"executed_lines": [121, 123, 125, 127, 185, 187, 190, 191, 197, 200, 202], "summary": {"covered_lines": 11, "num_statements": 11, "percent_covered": 100.0, "percent_covered_display": "100", "missing_lines": 0, "excluded_lines": 0}, "missing_lines": [], "excluded_lines": []}, "excise_reactions_from_route._rebuild": {"executed_lines": [129, 131, 138, 140, 141, 146, 149, 150, 151, 152, 154, 159, 162, 169, 170, 178], "summary": {"covered_lines": 16, "num_statements": 16, "percent_covered": 100.0, "percent_covered_display": "100", "missing_lines": 0, "excluded_lines": 0}, "missing_lines": [], "excluded_lines": []}, "": {"executed_lines": [1, 2, 4, 5, 8, 32, 40, 50, 94], "summary": {"covered_lines": 9, "num_statements": 9, "percent_covered": 100.0, "percent_covered_display": "100", "missing_lines": 0, "excluded_lines": 0}, "missing_lines": [], "excluded_lines": []}}, "classes": {"": {"executed_lines": [1, 2, 4, 5, 8, 13, 14, 16, 18, 19, 21, 22, 23, 25, 26, 27, 29, 32, 34, 35, 36, 37, 40, 42, 43, 44, 45, 46, 47, 50, 58, 59, 60, 61, 63, 64, 65, 66, 68, 69, 71, 72, 73, 74, 75, 76, 77, 78, 79, 81, 85, 86, 88, 90, 91, 94, 121, 123, 125, 127, 129, 131, 138, 140, 141, 146, 149, 150, 151, 152, 154, 159, 162, 169, 170, 178, 185, 187, 190, 191, 197, 200, 202], "summary": {"covered_lines": 75, "num_statements": 75, "percent_covered": 100.0, "percent_covered_display": "100", "missing_lines": 0, "excluded_lines": 9}, "missing_lines": [], "excluded_lines": [16, 27, 36, 46, 73, 77, 81, 83, 90]}}}, "src/retrocast/evaluation/metrics.py": {"executed_lines": [], "summary": {"covered_lines": 0, "num_statements": 0, "percent_covered": 100.0, "percent_covered_display": "100", "missing_lines": 0, "excluded_lines": 0}, "missing_lines": [], "excluded_lines": [], "functions": {"": {"executed_lines": [], "summary": {"covered_lines": 0, "num_statements": 0, "percent_covered": 100.0, "percent_covered_display": "100", "missing_lines": 0, "excluded_lines": 0}, "missing_lines": [], "excluded_lines": []}}, "classes": {"": {"executed_lines": [], "summary": {"covered_lines": 0, "num_statements": 0, "percent_covered": 100.0, "percent_covered_display": "100", "missing_lines": 0, "excluded_lines": 0}, "missing_lines": [], "excluded_lines": []}}}, "src/retrocast/export.py": {"executed_lines": [1, 3, 5, 8, 11, 13, 14, 15, 17, 19, 22, 23, 25, 28, 30, 31, 34, 35, 37, 40, 41, 43, 44, 47, 61, 62, 64, 66, 67, 68, 69, 70, 72], "summary": {"covered_lines": 32, "num_statements": 33, "percent_covered": 96.96969696969697, "percent_covered_display": "97", "missing_lines": 1, "excluded_lines": 0}, "missing_lines": [26], "excluded_lines": [], "functions": {"collect_reaction_smiles_and_signatures": {"executed_lines": [11, 13, 43, 44], "summary": {"covered_lines": 4, "num_statements": 4, "percent_covered": 100.0, "percent_covered_display": "100", "missing_lines": 0, "excluded_lines": 0}, "missing_lines": [], "excluded_lines": []}, "collect_reaction_smiles_and_signatures._collect_reactions": {"executed_lines": [14, 15, 17, 19, 22, 23, 25, 28, 30, 31, 34, 35, 37, 40, 41], "summary": {"covered_lines": 15, "num_statements": 16, "percent_covered": 93.75, "percent_covered_display": "94", "missing_lines": 1, "excluded_lines": 0}, "missing_lines": [26], "excluded_lines": []}, "extract_reactions_from_routes": {"executed_lines": [61, 62, 64, 66, 67, 68, 69, 70, 72], "summary": {"covered_lines": 9, "num_statements": 9, "percent_covered": 100.0, "percent_covered_display": "100", "missing_lines": 0, "excluded_lines": 0}, "missing_lines": [], "excluded_lines": []}, "": {"executed_lines": [1, 3, 5, 8, 47], "summary": {"covered_lines": 4, "num_statements": 4, "percent_covered": 100.0, "percent_covered_display": "100", "missing_lines": 0, "excluded_lines": 0}, "missing_lines": [], "excluded_lines": []}}, "classes": {"": {"executed_lines": [1, 3, 5, 8, 11, 13, 14, 15, 17, 19, 22, 23, 25, 28, 30, 31, 34, 35, 37, 40, 41, 43, 44, 47, 61, 62, 64, 66, 67, 68, 69, 70, 72], "summary": {"covered_lines": 32, "num_statements": 33, "percent_covered": 96.96969696969697, "percent_covered_display": "97", "missing_lines": 1, "excluded_lines": 0}, "missing_lines": [26], "excluded_lines": []}}}, "src/retrocast/io.py": {"executed_lines": [1, 2, 3, 4, 5, 7, 8, 10, 11, 12, 13, 17, 20, 27, 28, 30, 31, 32, 33, 34, 35, 36, 37, 38, 41, 48, 49, 50, 51, 52, 53, 54, 55, 56, 59, 67, 70, 71, 74, 84, 85, 86, 87, 88, 89, 90, 91, 94, 96, 97, 98, 99, 100, 101, 102, 105, 112, 113, 114, 115, 116, 117, 118, 119, 120, 121, 122, 123, 124, 125, 126, 127, 133, 140, 141, 142, 143, 145, 146, 148, 149, 150, 151, 152, 153, 154, 155, 158, 160, 161, 162, 163, 164, 165, 166, 167, 168, 172, 175, 178, 180, 182, 183, 184, 187, 190, 191, 192, 193, 196, 199, 200, 203, 204, 205, 209, 211, 212, 213, 215, 218, 220, 221, 223, 224, 226, 227, 229, 230, 231, 232, 234, 236, 238, 239, 240, 242, 244, 246, 247, 248, 249, 251, 252, 253, 254, 255, 256, 257, 260, 261, 263, 264, 265, 268, 284, 285, 286, 287, 288, 289, 290, 291, 292, 293, 294, 297, 302, 304, 305, 306, 307, 308, 310, 311, 313, 315, 316, 317, 318, 319, 320, 321, 322, 323, 325, 326, 329, 340, 342, 343, 344, 345, 346, 347, 348, 354, 362, 363, 365, 366, 369, 382, 383, 384, 385, 387, 388, 389, 390, 391, 393, 395, 396, 397, 398], "summary": {"covered_lines": 190, "num_statements": 196, "percent_covered": 96.93877551020408, "percent_covered_display": "97", "missing_lines": 6, "excluded_lines": 30}, "missing_lines": [128, 130, 169, 171, 349, 351], "excluded_lines": [15, 34, 37, 55, 71, 90, 101, 116, 120, 123, 126, 129, 151, 154, 167, 170, 255, 263, 265, 284, 290, 293, 302, 322, 325, 348, 350, 366, 391, 397], "functions": {"save_json_gz": {"executed_lines": [27, 28, 30, 31, 32, 33, 34, 35, 36, 37, 38], "summary": {"covered_lines": 9, "num_statements": 9, "percent_covered": 100.0, "percent_covered_display": "100", "missing_lines": 0, "excluded_lines": 2}, "missing_lines": [], "excluded_lines": [34, 37]}, "load_json_gz": {"executed_lines": [48, 49, 50, 51, 52, 53, 54, 55, 56], "summary": {"covered_lines": 8, "num_statements": 8, "percent_covered": 100.0, "percent_covered_display": "100", "missing_lines": 0, "excluded_lines": 1}, "missing_lines": [], "excluded_lines": [55]}, "save_routes": {"executed_lines": [67, 70, 71], "summary": {"covered_lines": 2, "num_statements": 2, "percent_covered": 100.0, "percent_covered_display": "100", "missing_lines": 0, "excluded_lines": 1}, "missing_lines": [], "excluded_lines": [71]}, "load_routes": {"executed_lines": [84, 85, 86, 87, 88, 89, 90, 91], "summary": {"covered_lines": 7, "num_statements": 7, "percent_covered": 100.0, "percent_covered_display": "100", "missing_lines": 0, "excluded_lines": 1}, "missing_lines": [], "excluded_lines": [90]}, "save_json": {"executed_lines": [96, 97, 98, 99, 100, 101, 102], "summary": {"covered_lines": 6, "num_statements": 6, "percent_covered": 100.0, "percent_covered_display": "100", "missing_lines": 0, "excluded_lines": 1}, "missing_lines": [], "excluded_lines": [101]}, "load_targets_csv": {"executed_lines": [112, 113, 114, 115, 116, 117, 118, 119, 120, 121, 122, 123, 124, 125, 126, 127], "summary": {"covered_lines": 12, "num_statements": 14, "percent_covered": 85.71428571428571, "percent_covered_display": "86", "missing_lines": 2, "excluded_lines": 5}, "missing_lines": [128, 130], "excluded_lines": [116, 120, 123, 126, 129]}, "load_targets_json": {"executed_lines": [140, 141, 142, 143, 145, 146, 148, 149, 150, 151, 152, 153, 154, 155], "summary": {"covered_lines": 12, "num_statements": 12, "percent_covered": 100.0, "percent_covered_display": "100", "missing_lines": 0, "excluded_lines": 2}, "missing_lines": [], "excluded_lines": [151, 154]}, "load_target_ids": {"executed_lines": [160, 161, 162, 163, 164, 165, 166, 167, 168, 172], "summary": {"covered_lines": 9, "num_statements": 11, "percent_covered": 81.81818181818181, "percent_covered_display": "82", "missing_lines": 2, "excluded_lines": 2}, "missing_lines": [169, 171], "excluded_lines": [167, 170]}, "normalize_target_id_for_filename": {"executed_lines": [178, 180, 182, 183, 184], "summary": {"covered_lines": 5, "num_statements": 5, "percent_covered": 100.0, "percent_covered_display": "100", "missing_lines": 0, "excluded_lines": 0}, "missing_lines": [], "excluded_lines": []}, "find_json_file_by_position": {"executed_lines": [190, 191, 192, 193], "summary": {"covered_lines": 4, "num_statements": 4, "percent_covered": 100.0, "percent_covered_display": "100", "missing_lines": 0, "excluded_lines": 0}, "missing_lines": [], "excluded_lines": []}, "find_json_file_by_name": {"executed_lines": [199, 200, 203, 204, 205, 209, 211, 212, 213, 215], "summary": {"covered_lines": 10, "num_statements": 10, "percent_covered": 100.0, "percent_covered_display": "100", "missing_lines": 0, "excluded_lines": 0}, "missing_lines": [], "excluded_lines": []}, "combine_evaluation_results": {"executed_lines": [220, 221, 223, 224, 226, 227, 229, 230, 231, 232, 234, 236, 238, 239, 240, 242, 244, 246, 247, 248, 249, 251, 252, 253, 254, 255, 256, 257, 260, 261, 263, 264, 265], "summary": {"covered_lines": 30, "num_statements": 30, "percent_covered": 100.0, "percent_covered_display": "100", "missing_lines": 0, "excluded_lines": 3}, "missing_lines": [], "excluded_lines": [255, 263, 265]}, "load_raw_routes": {"executed_lines": [284, 285, 286, 287, 288, 289, 290, 291, 292, 293, 294], "summary": {"covered_lines": 8, "num_statements": 8, "percent_covered": 100.0, "percent_covered_display": "100", "missing_lines": 0, "excluded_lines": 3}, "missing_lines": [], "excluded_lines": [284, 290, 293]}, "load_and_prepare_targets": {"executed_lines": [302, 304, 305, 306, 307, 308, 310, 311, 313, 315, 316, 317, 318, 319, 320, 321, 322, 323, 325, 326], "summary": {"covered_lines": 17, "num_statements": 17, "percent_covered": 100.0, "percent_covered_display": "100", "missing_lines": 0, "excluded_lines": 3}, "missing_lines": [], "excluded_lines": [302, 322, 325]}, "save_reaction_smiles": {"executed_lines": [340, 342, 343, 344, 345, 346, 347, 348], "summary": {"covered_lines": 7, "num_statements": 9, "percent_covered": 77.77777777777777, "percent_covered_display": "78", "missing_lines": 2, "excluded_lines": 2}, "missing_lines": [349, 351], "excluded_lines": [348, 350]}, "save_smiles_index": {"executed_lines": [362, 363, 365, 366], "summary": {"covered_lines": 3, "num_statements": 3, "percent_covered": 100.0, "percent_covered_display": "100", "missing_lines": 0, "excluded_lines": 1}, "missing_lines": [], "excluded_lines": [366]}, "load_smiles_index": {"executed_lines": [382, 383, 384, 385, 387, 388, 389, 390, 391, 393, 395, 396, 397, 398], "summary": {"covered_lines": 12, "num_statements": 12, "percent_covered": 100.0, "percent_covered_display": "100", "missing_lines": 0, "excluded_lines": 2}, "missing_lines": [], "excluded_lines": [391, 397]}, "": {"executed_lines": [1, 2, 3, 4, 5, 7, 8, 10, 11, 12, 13, 17, 20, 41, 59, 74, 94, 105, 133, 158, 175, 187, 196, 218, 268, 297, 329, 354, 369], "summary": {"covered_lines": 29, "num_statements": 29, "percent_covered": 100.0, "percent_covered_display": "100", "missing_lines": 0, "excluded_lines": 1}, "missing_lines": [], "excluded_lines": [15]}}, "classes": {"": {"executed_lines": [1, 2, 3, 4, 5, 7, 8, 10, 11, 12, 13, 17, 20, 27, 28, 30, 31, 32, 33, 34, 35, 36, 37, 38, 41, 48, 49, 50, 51, 52, 53, 54, 55, 56, 59, 67, 70, 71, 74, 84, 85, 86, 87, 88, 89, 90, 91, 94, 96, 97, 98, 99, 100, 101, 102, 105, 112, 113, 114, 115, 116, 117, 118, 119, 120, 121, 122, 123, 124, 125, 126, 127, 133, 140, 141, 142, 143, 145, 146, 148, 149, 150, 151, 152, 153, 154, 155, 158, 160, 161, 162, 163, 164, 165, 166, 167, 168, 172, 175, 178, 180, 182, 183, 184, 187, 190, 191, 192, 193, 196, 199, 200, 203, 204, 205, 209, 211, 212, 213, 215, 218, 220, 221, 223, 224, 226, 227, 229, 230, 231, 232, 234, 236, 238, 239, 240, 242, 244, 246, 247, 248, 249, 251, 252, 253, 254, 255, 256, 257, 260, 261, 263, 264, 265, 268, 284, 285, 286, 287, 288, 289, 290, 291, 292, 293, 294, 297, 302, 304, 305, 306, 307, 308, 310, 311, 313, 315, 316, 317, 318, 319, 320, 321, 322, 323, 325, 326, 329, 340, 342, 343, 344, 345, 346, 347, 348, 354, 362, 363, 365, 366, 369, 382, 383, 384, 385, 387, 388, 389, 390, 391, 393, 395, 396, 397, 398], "summary": {"covered_lines": 190, "num_statements": 196, "percent_covered": 96.93877551020408, "percent_covered_display": "97", "missing_lines": 6, "excluded_lines": 30}, "missing_lines": [128, 130, 169, 171, 349, 351], "excluded_lines": [15, 34, 37, 55, 71, 90, 101, 116, 120, 123, 126, 129, 151, 154, 167, 170, 255, 263, 265, 284, 290, 293, 302, 322, 325, 348, 350, 366, 391, 397]}}}, "src/retrocast/schemas.py": {"executed_lines": [1, 3, 4, 6, 8, 11, 14, 16, 18, 19, 24, 25, 27, 28, 31, 32, 34, 35, 39, 42, 44, 45, 46, 48, 50, 52, 53, 55, 57, 58, 59, 60, 62, 64, 66, 67, 70, 71, 73, 75, 76, 77, 78, 81, 83, 84, 85, 93, 94, 97, 98, 100, 101, 105, 108, 111, 116, 117, 118, 121, 122, 123, 125, 126, 128, 130, 131, 132, 134, 136, 137, 138, 147, 148, 149, 151, 154, 155, 158, 160, 162, 167, 169, 171, 172, 173, 175, 176, 178, 179, 181, 182, 183, 184, 186, 188, 199, 200, 204, 205, 206, 208, 224, 226, 227, 228, 231, 234, 235, 236, 237, 240, 241, 243, 244, 248, 251, 252, 254, 255, 256, 257, 258, 259, 261, 262, 264, 266, 267, 269, 271, 272, 274, 275, 276, 277, 279, 280, 282, 283, 284, 286, 287, 289, 290, 291, 293, 294, 296, 297, 298, 300, 301, 303, 304, 305, 307, 309], "summary": {"covered_lines": 153, "num_statements": 155, "percent_covered": 98.70967741935483, "percent_covered_display": "99", "missing_lines": 2, "excluded_lines": 0}, "missing_lines": [20, 21], "excluded_lines": [], "functions": {"_get_retrocast_version": {"executed_lines": [16, 18, 19], "summary": {"covered_lines": 3, "num_statements": 5, "percent_covered": 60.0, "percent_covered_display": "60", "missing_lines": 2, "excluded_lines": 0}, "missing_lines": [20, 21], "excluded_lines": []}, "Molecule.is_leaf": {"executed_lines": [48], "summary": {"covered_lines": 1, "num_statements": 1, "percent_covered": 100.0, "percent_covered_display": "100", "missing_lines": 0, "excluded_lines": 0}, "missing_lines": [], "excluded_lines": []}, "Molecule.get_leaves": {"executed_lines": [52, 53, 55, 57, 58, 59, 60], "summary": {"covered_lines": 7, "num_statements": 7, "percent_covered": 100.0, "percent_covered_display": "100", "missing_lines": 0, "excluded_lines": 0}, "missing_lines": [], "excluded_lines": []}, "Molecule.__hash__": {"executed_lines": [64], "summary": {"covered_lines": 1, "num_statements": 1, "percent_covered": 100.0, "percent_covered_display": "100", "missing_lines": 0, "excluded_lines": 0}, "missing_lines": [], "excluded_lines": []}, "Molecule.__eq__": {"executed_lines": [67], "summary": {"covered_lines": 1, "num_statements": 1, "percent_covered": 100.0, "percent_covered_display": "100", "missing_lines": 0, "excluded_lines": 0}, "missing_lines": [], "excluded_lines": []}, "ReactionStep.is_convergent": {"executed_lines": [93, 94], "summary": {"covered_lines": 2, "num_statements": 2, "percent_covered": 100.0, "percent_covered_display": "100", "missing_lines": 0, "excluded_lines": 0}, "missing_lines": [], "excluded_lines": []}, "Route.depth": {"executed_lines": [121, 128], "summary": {"covered_lines": 2, "num_statements": 2, "percent_covered": 100.0, "percent_covered_display": "100", "missing_lines": 0, "excluded_lines": 0}, "missing_lines": [], "excluded_lines": []}, "Route.depth._get_depth": {"executed_lines": [122, 123, 125, 126], "summary": {"covered_lines": 4, "num_statements": 4, "percent_covered": 100.0, "percent_covered_display": "100", "missing_lines": 0, "excluded_lines": 0}, "missing_lines": [], "excluded_lines": []}, "Route.leaves": {"executed_lines": [134], "summary": {"covered_lines": 1, "num_statements": 1, "percent_covered": 100.0, "percent_covered_display": "100", "missing_lines": 0, "excluded_lines": 0}, "missing_lines": [], "excluded_lines": []}, "Route.has_convergent_reaction": {"executed_lines": [147, 160], "summary": {"covered_lines": 2, "num_statements": 2, "percent_covered": 100.0, "percent_covered_display": "100", "missing_lines": 0, "excluded_lines": 0}, "missing_lines": [], "excluded_lines": []}, "Route.has_convergent_reaction._check_convergent": {"executed_lines": [148, 149, 151, 154, 155, 158], "summary": {"covered_lines": 6, "num_statements": 6, "percent_covered": 100.0, "percent_covered_display": "100", "missing_lines": 0, "excluded_lines": 0}, "missing_lines": [], "excluded_lines": []}, "Route.get_signature": {"executed_lines": [167, 169, 171, 186], "summary": {"covered_lines": 4, "num_statements": 4, "percent_covered": 100.0, "percent_covered_display": "100", "missing_lines": 0, "excluded_lines": 0}, "missing_lines": [], "excluded_lines": []}, "Route.get_signature._get_node_sig": {"executed_lines": [172, 173, 175, 176, 178, 179, 181, 182, 183, 184], "summary": {"covered_lines": 10, "num_statements": 10, "percent_covered": 100.0, "percent_covered_display": "100", "missing_lines": 0, "excluded_lines": 0}, "missing_lines": [], "excluded_lines": []}, "Route.get_content_hash": {"executed_lines": [199, 200, 204, 205, 206], "summary": {"covered_lines": 5, "num_statements": 5, "percent_covered": 100.0, "percent_covered_display": "100", "missing_lines": 0, "excluded_lines": 0}, "missing_lines": [], "excluded_lines": []}, "Route.get_reaction_signatures": {"executed_lines": [224, 226, 243, 244], "summary": {"covered_lines": 4, "num_statements": 4, "percent_covered": 100.0, "percent_covered_display": "100", "missing_lines": 0, "excluded_lines": 0}, "missing_lines": [], "excluded_lines": []}, "Route.get_reaction_signatures._collect_reactions": {"executed_lines": [227, 228, 231, 234, 235, 236, 237, 240, 241], "summary": {"covered_lines": 9, "num_statements": 9, "percent_covered": 100.0, "percent_covered_display": "100", "missing_lines": 0, "excluded_lines": 0}, "missing_lines": [], "excluded_lines": []}, "RunStatistics.total_failures": {"executed_lines": [264], "summary": {"covered_lines": 1, "num_statements": 1, "percent_covered": 100.0, "percent_covered_display": "100", "missing_lines": 0, "excluded_lines": 0}, "missing_lines": [], "excluded_lines": []}, "RunStatistics.num_targets_with_routes": {"executed_lines": [269], "summary": {"covered_lines": 1, "num_statements": 1, "percent_covered": 100.0, "percent_covered_display": "100", "missing_lines": 0, "excluded_lines": 0}, "missing_lines": [], "excluded_lines": []}, "RunStatistics.duplication_factor": {"executed_lines": [274, 275, 276, 277], "summary": {"covered_lines": 4, "num_statements": 4, "percent_covered": 100.0, "percent_covered_display": "100", "missing_lines": 0, "excluded_lines": 0}, "missing_lines": [], "excluded_lines": []}, "RunStatistics.min_routes_per_target": {"executed_lines": [282, 283, 284], "summary": {"covered_lines": 3, "num_statements": 3, "percent_covered": 100.0, "percent_covered_display": "100", "missing_lines": 0, "excluded_lines": 0}, "missing_lines": [], "excluded_lines": []}, "RunStatistics.max_routes_per_target": {"executed_lines": [289, 290, 291], "summary": {"covered_lines": 3, "num_statements": 3, "percent_covered": 100.0, "percent_covered_display": "100", "missing_lines": 0, "excluded_lines": 0}, "missing_lines": [], "excluded_lines": []}, "RunStatistics.avg_routes_per_target": {"executed_lines": [296, 297, 298], "summary": {"covered_lines": 3, "num_statements": 3, "percent_covered": 100.0, "percent_covered_display": "100", "missing_lines": 0, "excluded_lines": 0}, "missing_lines": [], "excluded_lines": []}, "RunStatistics.median_routes_per_target": {"executed_lines": [303, 304, 305], "summary": {"covered_lines": 3, "num_statements": 3, "percent_covered": 100.0, "percent_covered_display": "100", "missing_lines": 0, "excluded_lines": 0}, "missing_lines": [], "excluded_lines": []}, "RunStatistics.to_manifest_dict": {"executed_lines": [309], "summary": {"covered_lines": 1, "num_statements": 1, "percent_covered": 100.0, "percent_covered_display": "100", "missing_lines": 0, "excluded_lines": 0}, "missing_lines": [], "excluded_lines": []}, "": {"executed_lines": [1, 3, 4, 6, 8, 11, 14, 24, 25, 27, 28, 31, 32, 34, 35, 39, 42, 44, 45, 46, 50, 62, 66, 70, 71, 73, 75, 76, 77, 78, 81, 83, 84, 85, 97, 98, 100, 101, 105, 108, 111, 116, 117, 118, 130, 131, 132, 136, 137, 138, 162, 188, 208, 248, 251, 252, 254, 255, 256, 257, 258, 259, 261, 262, 266, 267, 271, 272, 279, 280, 286, 287, 293, 294, 300, 301, 307], "summary": {"covered_lines": 72, "num_statements": 72, "percent_covered": 100.0, "percent_covered_display": "100", "missing_lines": 0, "excluded_lines": 0}, "missing_lines": [], "excluded_lines": []}}, "classes": {"TargetInput": {"executed_lines": [], "summary": {"covered_lines": 0, "num_statements": 0, "percent_covered": 100.0, "percent_covered_display": "100", "missing_lines": 0, "excluded_lines": 0}, "missing_lines": [], "excluded_lines": []}, "Molecule": {"executed_lines": [48, 52, 53, 55, 57, 58, 59, 60, 64, 67], "summary": {"covered_lines": 10, "num_statements": 10, "percent_covered": 100.0, "percent_covered_display": "100", "missing_lines": 0, "excluded_lines": 0}, "missing_lines": [], "excluded_lines": []}, "ReactionStep": {"executed_lines": [93, 94], "summary": {"covered_lines": 2, "num_statements": 2, "percent_covered": 100.0, "percent_covered_display": "100", "missing_lines": 0, "excluded_lines": 0}, "missing_lines": [], "excluded_lines": []}, "Route": {"executed_lines": [121, 122, 123, 125, 126, 128, 134, 147, 148, 149, 151, 154, 155, 158, 160, 167, 169, 171, 172, 173, 175, 176, 178, 179, 181, 182, 183, 184, 186, 199, 200, 204, 205, 206, 224, 226, 227, 228, 231, 234, 235, 236, 237, 240, 241, 243, 244], "summary": {"covered_lines": 47, "num_statements": 47, "percent_covered": 100.0, "percent_covered_display": "100", "missing_lines": 0, "excluded_lines": 0}, "missing_lines": [], "excluded_lines": []}, "RunStatistics": {"executed_lines": [264, 269, 274, 275, 276, 277, 282, 283, 284, 289, 290, 291, 296, 297, 298, 303, 304, 305, 309], "summary": {"covered_lines": 19, "num_statements": 19, "percent_covered": 100.0, "percent_covered_display": "100", "missing_lines": 0, "excluded_lines": 0}, "missing_lines": [], "excluded_lines": []}, "": {"executed_lines": [1, 3, 4, 6, 8, 11, 14, 16, 18, 19, 24, 25, 27, 28, 31, 32, 34, 35, 39, 42, 44, 45, 46, 50, 62, 66, 70, 71, 73, 75, 76, 77, 78, 81, 83, 84, 85, 97, 98, 100, 101, 105, 108, 111, 116, 117, 118, 130, 131, 132, 136, 137, 138, 162, 188, 208, 248, 251, 252, 254, 255, 256, 257, 258, 259, 261, 262, 266, 267, 271, 272, 279, 280, 286, 287, 293, 294, 300, 301, 307], "summary": {"covered_lines": 75, "num_statements": 77, "percent_covered": 97.40259740259741, "percent_covered_display": "97", "missing_lines": 2, "excluded_lines": 0}, "missing_lines": [20, 21], "excluded_lines": []}}}, "src/retrocast/typing.py": {"executed_lines": [1, 4, 5, 7, 8, 10, 11], "summary": {"covered_lines": 7, "num_statements": 7, "percent_covered": 100.0, "percent_covered_display": "100", "missing_lines": 0, "excluded_lines": 0}, "missing_lines": [], "excluded_lines": [], "functions": {"": {"executed_lines": [1, 4, 5, 7, 8, 10, 11], "summary": {"covered_lines": 7, "num_statements": 7, "percent_covered": 100.0, "percent_covered_display": "100", "missing_lines": 0, "excluded_lines": 0}, "missing_lines": [], "excluded_lines": []}}, "classes": {"": {"executed_lines": [1, 4, 5, 7, 8, 10, 11], "summary": {"covered_lines": 7, "num_statements": 7, "percent_covered": 100.0, "percent_covered_display": "100", "missing_lines": 0, "excluded_lines": 0}, "missing_lines": [], "excluded_lines": []}}}, "src/retrocast/utils/hashing.py": {"executed_lines": [1, 3, 4, 5, 7, 8, 10, 14, 16, 17, 18, 19, 20, 21, 22, 25, 36, 37, 38, 41, 56, 57, 58, 59, 60, 63, 78, 79, 81, 83, 84, 85, 87, 88], "summary": {"covered_lines": 32, "num_statements": 32, "percent_covered": 100.0, "percent_covered_display": "100", "missing_lines": 0, "excluded_lines": 3}, "missing_lines": [], "excluded_lines": [10, 11, 21], "functions": {"generate_file_hash": {"executed_lines": [16, 17, 18, 19, 20, 21, 22], "summary": {"covered_lines": 6, "num_statements": 6, "percent_covered": 100.0, "percent_covered_display": "100", "missing_lines": 0, "excluded_lines": 1}, "missing_lines": [], "excluded_lines": [21]}, "generate_model_hash": {"executed_lines": [36, 37, 38], "summary": {"covered_lines": 3, "num_statements": 3, "percent_covered": 100.0, "percent_covered_display": "100", "missing_lines": 0, "excluded_lines": 0}, "missing_lines": [], "excluded_lines": []}, "generate_source_hash": {"executed_lines": [56, 57, 58, 59, 60], "summary": {"covered_lines": 5, "num_statements": 5, "percent_covered": 100.0, "percent_covered_display": "100", "missing_lines": 0, "excluded_lines": 0}, "missing_lines": [], "excluded_lines": []}, "compute_routes_content_hash": {"executed_lines": [78, 79, 81, 83, 84, 85, 87, 88], "summary": {"covered_lines": 8, "num_statements": 8, "percent_covered": 100.0, "percent_covered_display": "100", "missing_lines": 0, "excluded_lines": 0}, "missing_lines": [], "excluded_lines": []}, "": {"executed_lines": [1, 3, 4, 5, 7, 8, 10, 14, 25, 41, 63], "summary": {"covered_lines": 10, "num_statements": 10, "percent_covered": 100.0, "percent_covered_display": "100", "missing_lines": 0, "excluded_lines": 2}, "missing_lines": [], "excluded_lines": [10, 11]}}, "classes": {"": {"executed_lines": [1, 3, 4, 5, 7, 8, 10, 14, 16, 17, 18, 19, 20, 21, 22, 25, 36, 37, 38, 41, 56, 57, 58, 59, 60, 63, 78, 79, 81, 83, 84, 85, 87, 88], "summary": {"covered_lines": 32, "num_statements": 32, "percent_covered": 100.0, "percent_covered_display": "100", "missing_lines": 0, "excluded_lines": 3}, "missing_lines": [], "excluded_lines": [10, 11, 21]}}}, "src/retrocast/utils/serializers.py": {"executed_lines": [1, 2, 3, 4, 5, 7, 9, 12, 23, 24, 26, 27, 30, 32, 39, 40, 43, 44, 45, 47, 50, 51, 52, 54, 56, 59, 70, 71, 75, 76, 78, 81, 95, 96, 97, 103, 104, 105, 106, 107, 108, 109, 112, 114, 115, 116, 117, 120, 122, 123, 124, 125, 126, 127, 128, 129, 131, 132, 133, 136, 150, 151, 153, 154, 155, 157, 159, 160, 161, 162, 163, 164, 165, 166, 167, 168, 173, 184, 187, 197, 198, 199, 201, 202, 204, 206, 208, 209, 210], "summary": {"covered_lines": 89, "num_statements": 91, "percent_covered": 97.8021978021978, "percent_covered_display": "98", "missing_lines": 2, "excluded_lines": 1}, "missing_lines": [169, 171], "excluded_lines": [101], "functions": {"_build_tree_recursive": {"executed_lines": [23, 24, 26, 27, 30, 32, 39, 40, 43, 44, 45, 47, 50, 51, 52, 54, 56], "summary": {"covered_lines": 17, "num_statements": 17, "percent_covered": 100.0, "percent_covered_display": "100", "missing_lines": 0, "excluded_lines": 0}, "missing_lines": [], "excluded_lines": []}, "serialize_route": {"executed_lines": [70, 71, 75, 76, 78], "summary": {"covered_lines": 5, "num_statements": 5, "percent_covered": 100.0, "percent_covered_display": "100", "missing_lines": 0, "excluded_lines": 0}, "missing_lines": [], "excluded_lines": []}, "serialize_and_save": {"executed_lines": [95, 96, 97, 103, 104, 105, 106, 107, 108, 109, 112, 114, 115, 116, 117], "summary": {"covered_lines": 15, "num_statements": 15, "percent_covered": 100.0, "percent_covered_display": "100", "missing_lines": 0, "excluded_lines": 1}, "missing_lines": [], "excluded_lines": [101]}, "_get_multistepttl_advanced_scores": {"executed_lines": [122, 123, 124, 125, 126, 127, 128, 129, 131, 132, 133], "summary": {"covered_lines": 11, "num_statements": 11, "percent_covered": 100.0, "percent_covered_display": "100", "missing_lines": 0, "excluded_lines": 0}, "missing_lines": [], "excluded_lines": []}, "serialize_multistepttl_target": {"executed_lines": [150, 151, 153, 154, 155, 157, 159, 160, 161, 162, 163, 164, 165, 166, 167, 168, 173, 184], "summary": {"covered_lines": 18, "num_statements": 20, "percent_covered": 90.0, "percent_covered_display": "90", "missing_lines": 2, "excluded_lines": 0}, "missing_lines": [169, 171], "excluded_lines": []}, "serialize_multistepttl_directory": {"executed_lines": [197, 198, 199, 201, 202, 204, 206, 208, 209, 210], "summary": {"covered_lines": 10, "num_statements": 10, "percent_covered": 100.0, "percent_covered_display": "100", "missing_lines": 0, "excluded_lines": 0}, "missing_lines": [], "excluded_lines": []}, "": {"executed_lines": [1, 2, 3, 4, 5, 7, 9, 12, 59, 81, 120, 136, 187], "summary": {"covered_lines": 13, "num_statements": 13, "percent_covered": 100.0, "percent_covered_display": "100", "missing_lines": 0, "excluded_lines": 0}, "missing_lines": [], "excluded_lines": []}}, "classes": {"": {"executed_lines": [1, 2, 3, 4, 5, 7, 9, 12, 23, 24, 26, 27, 30, 32, 39, 40, 43, 44, 45, 47, 50, 51, 52, 54, 56, 59, 70, 71, 75, 76, 78, 81, 95, 96, 97, 103, 104, 105, 106, 107, 108, 109, 112, 114, 115, 116, 117, 120, 122, 123, 124, 125, 126, 127, 128, 129, 131, 132, 133, 136, 150, 151, 153, 154, 155, 157, 159, 160, 161, 162, 163, 164, 165, 166, 167, 168, 173, 184, 187, 197, 198, 199, 201, 202, 204, 206, 208, 209, 210], "summary": {"covered_lines": 89, "num_statements": 91, "percent_covered": 97.8021978021978, "percent_covered_display": "98", "missing_lines": 2, "excluded_lines": 1}, "missing_lines": [169, 171], "excluded_lines": [101]}}}}, "totals": {"covered_lines": 1675, "num_statements": 1756, "percent_covered": 95.3872437357631, "percent_covered_display": "95", "missing_lines": 81, "excluded_lines": 143}}